[1.417s] Invoking command in '/home/robotica/ros2taller2/build/mi_robot_servicio': CMAKE_PREFIX_PATH=${CMAKE_PREFIX_PATH}:/home/robotica/ros2taller2/install/mi_robot_3:/opt/ros/humble /usr/bin/cmake --build /home/robotica/ros2taller2/build/mi_robot_servicio -- -j4 -l4
[1.912s] [  3%] Built target mi_robot_servicio__cpp
[1.939s] [ 12%] Built target mi_robot_servicio__rosidl_generator_c
[2.097s] [ 22%] Built target mi_robot_servicio__rosidl_typesupport_fastrtps_cpp
[2.119s] [ 22%] Built target ament_cmake_python_copy_mi_robot_servicio
[2.164s] [ 32%] Built target mi_robot_servicio__rosidl_typesupport_cpp
[2.183s] [ 41%] Built target mi_robot_servicio__rosidl_typesupport_introspection_cpp
[2.315s] [ 51%] Built target mi_robot_servicio__rosidl_typesupport_introspection_c
[2.318s] [ 61%] Built target mi_robot_servicio__rosidl_typesupport_fastrtps_c
[2.359s] [ 70%] Built target mi_robot_servicio__rosidl_typesupport_c
[2.512s] [ 70%] Built target mi_robot_servicio
[2.648s] [ 74%] Built target mi_robot_servicio__py
[2.811s] [ 80%] Built target mi_robot_servicio__rosidl_generator_py
[3.090s] [ 87%] Built target mi_robot_servicio__rosidl_typesupport_fastrtps_c__pyext
[3.121s] [ 93%] Built target mi_robot_servicio__rosidl_typesupport_introspection_c__pyext
[3.128s] [100%] Built target mi_robot_servicio__rosidl_typesupport_c__pyext
[4.061s] running egg_info
[4.070s] writing mi_robot_servicio.egg-info/PKG-INFO
[4.071s] writing dependency_links to mi_robot_servicio.egg-info/dependency_links.txt
[4.072s] writing top-level names to mi_robot_servicio.egg-info/top_level.txt
[4.089s] reading manifest file 'mi_robot_servicio.egg-info/SOURCES.txt'
[4.093s] writing manifest file 'mi_robot_servicio.egg-info/SOURCES.txt'
[4.272s] [100%] Built target ament_cmake_python_build_mi_robot_servicio_egg
[4.338s] Invoked command in '/home/robotica/ros2taller2/build/mi_robot_servicio' returned '0': CMAKE_PREFIX_PATH=${CMAKE_PREFIX_PATH}:/home/robotica/ros2taller2/install/mi_robot_3:/opt/ros/humble /usr/bin/cmake --build /home/robotica/ros2taller2/build/mi_robot_servicio -- -j4 -l4
[4.838s] Invoking command in '/home/robotica/ros2taller2/build/mi_robot_servicio': CMAKE_PREFIX_PATH=${CMAKE_PREFIX_PATH}:/home/robotica/ros2taller2/install/mi_robot_3:/opt/ros/humble /usr/bin/cmake --install /home/robotica/ros2taller2/build/mi_robot_servicio
[4.878s] -- Install configuration: ""
[4.884s] -- Up-to-date: /home/robotica/ros2taller2/install/mi_robot_servicio/share/ament_index/resource_index/rosidl_interfaces/mi_robot_servicio
[4.885s] -- Up-to-date: /home/robotica/ros2taller2/install/mi_robot_servicio/include/mi_robot_servicio/mi_robot_servicio
[4.886s] -- Up-to-date: /home/robotica/ros2taller2/install/mi_robot_servicio/include/mi_robot_servicio/mi_robot_servicio/srv
[4.889s] -- Up-to-date: /home/robotica/ros2taller2/install/mi_robot_servicio/include/mi_robot_servicio/mi_robot_servicio/srv/player.h
[4.891s] -- Up-to-date: /home/robotica/ros2taller2/install/mi_robot_servicio/include/mi_robot_servicio/mi_robot_servicio/srv/detail
[4.893s] -- Up-to-date: /home/robotica/ros2taller2/install/mi_robot_servicio/include/mi_robot_servicio/mi_robot_servicio/srv/detail/player__type_support.h
[4.895s] -- Up-to-date: /home/robotica/ros2taller2/install/mi_robot_servicio/include/mi_robot_servicio/mi_robot_servicio/srv/detail/player__functions.h
[4.896s] -- Up-to-date: /home/robotica/ros2taller2/install/mi_robot_servicio/include/mi_robot_servicio/mi_robot_servicio/srv/detail/player__functions.c
[4.897s] -- Up-to-date: /home/robotica/ros2taller2/install/mi_robot_servicio/include/mi_robot_servicio/mi_robot_servicio/srv/detail/player__struct.h
[4.898s] -- Up-to-date: /home/robotica/ros2taller2/install/mi_robot_servicio/include/mi_robot_servicio/mi_robot_servicio/msg
[4.899s] -- Up-to-date: /home/robotica/ros2taller2/install/mi_robot_servicio/include/mi_robot_servicio/mi_robot_servicio/msg/rosidl_generator_c__visibility_control.h
[4.900s] -- Up-to-date: /home/robotica/ros2taller2/install/mi_robot_servicio/share/mi_robot_servicio/environment/library_path.sh
[4.900s] -- Up-to-date: /home/robotica/ros2taller2/install/mi_robot_servicio/share/mi_robot_servicio/environment/library_path.dsv
[4.901s] -- Up-to-date: /home/robotica/ros2taller2/install/mi_robot_servicio/lib/libmi_robot_servicio__rosidl_generator_c.so
[4.901s] -- Up-to-date: /home/robotica/ros2taller2/install/mi_robot_servicio/include/mi_robot_servicio/mi_robot_servicio
[4.903s] -- Up-to-date: /home/robotica/ros2taller2/install/mi_robot_servicio/include/mi_robot_servicio/mi_robot_servicio/srv
[4.904s] -- Up-to-date: /home/robotica/ros2taller2/install/mi_robot_servicio/include/mi_robot_servicio/mi_robot_servicio/srv/detail
[4.905s] -- Up-to-date: /home/robotica/ros2taller2/install/mi_robot_servicio/include/mi_robot_servicio/mi_robot_servicio/srv/detail/player__rosidl_typesupport_fastrtps_c.h
[4.906s] -- Up-to-date: /home/robotica/ros2taller2/install/mi_robot_servicio/include/mi_robot_servicio/mi_robot_servicio/msg
[4.907s] -- Up-to-date: /home/robotica/ros2taller2/install/mi_robot_servicio/include/mi_robot_servicio/mi_robot_servicio/msg/rosidl_typesupport_fastrtps_c__visibility_control.h
[4.912s] -- Up-to-date: /home/robotica/ros2taller2/install/mi_robot_servicio/lib/libmi_robot_servicio__rosidl_typesupport_fastrtps_c.so
[4.913s] -- Up-to-date: /home/robotica/ros2taller2/install/mi_robot_servicio/include/mi_robot_servicio/mi_robot_servicio
[4.915s] -- Up-to-date: /home/robotica/ros2taller2/install/mi_robot_servicio/include/mi_robot_servicio/mi_robot_servicio/srv
[4.916s] -- Up-to-date: /home/robotica/ros2taller2/install/mi_robot_servicio/include/mi_robot_servicio/mi_robot_servicio/srv/player.hpp
[4.917s] -- Up-to-date: /home/robotica/ros2taller2/install/mi_robot_servicio/include/mi_robot_servicio/mi_robot_servicio/srv/detail
[4.918s] -- Up-to-date: /home/robotica/ros2taller2/install/mi_robot_servicio/include/mi_robot_servicio/mi_robot_servicio/srv/detail/player__builder.hpp
[4.919s] -- Up-to-date: /home/robotica/ros2taller2/install/mi_robot_servicio/include/mi_robot_servicio/mi_robot_servicio/srv/detail/player__struct.hpp
[4.920s] -- Up-to-date: /home/robotica/ros2taller2/install/mi_robot_servicio/include/mi_robot_servicio/mi_robot_servicio/srv/detail/player__traits.hpp
[4.920s] -- Up-to-date: /home/robotica/ros2taller2/install/mi_robot_servicio/include/mi_robot_servicio/mi_robot_servicio
[4.922s] -- Up-to-date: /home/robotica/ros2taller2/install/mi_robot_servicio/include/mi_robot_servicio/mi_robot_servicio/srv
[4.922s] -- Up-to-date: /home/robotica/ros2taller2/install/mi_robot_servicio/include/mi_robot_servicio/mi_robot_servicio/srv/detail
[4.923s] -- Up-to-date: /home/robotica/ros2taller2/install/mi_robot_servicio/include/mi_robot_servicio/mi_robot_servicio/srv/detail/player__rosidl_typesupport_fastrtps_cpp.hpp
[4.924s] -- Up-to-date: /home/robotica/ros2taller2/install/mi_robot_servicio/include/mi_robot_servicio/mi_robot_servicio/srv/detail/dds_fastrtps
[4.925s] -- Up-to-date: /home/robotica/ros2taller2/install/mi_robot_servicio/include/mi_robot_servicio/mi_robot_servicio/msg
[4.926s] -- Up-to-date: /home/robotica/ros2taller2/install/mi_robot_servicio/include/mi_robot_servicio/mi_robot_servicio/msg/rosidl_typesupport_fastrtps_cpp__visibility_control.h
[4.928s] -- Up-to-date: /home/robotica/ros2taller2/install/mi_robot_servicio/lib/libmi_robot_servicio__rosidl_typesupport_fastrtps_cpp.so
[4.930s] -- Up-to-date: /home/robotica/ros2taller2/install/mi_robot_servicio/include/mi_robot_servicio/mi_robot_servicio
[4.931s] -- Up-to-date: /home/robotica/ros2taller2/install/mi_robot_servicio/include/mi_robot_servicio/mi_robot_servicio/srv
[4.933s] -- Up-to-date: /home/robotica/ros2taller2/install/mi_robot_servicio/include/mi_robot_servicio/mi_robot_servicio/srv/detail
[4.934s] -- Up-to-date: /home/robotica/ros2taller2/install/mi_robot_servicio/include/mi_robot_servicio/mi_robot_servicio/srv/detail/player__type_support.c
[4.935s] -- Up-to-date: /home/robotica/ros2taller2/install/mi_robot_servicio/include/mi_robot_servicio/mi_robot_servicio/srv/detail/player__rosidl_typesupport_introspection_c.h
[4.935s] -- Up-to-date: /home/robotica/ros2taller2/install/mi_robot_servicio/include/mi_robot_servicio/mi_robot_servicio/msg
[4.936s] -- Up-to-date: /home/robotica/ros2taller2/install/mi_robot_servicio/include/mi_robot_servicio/mi_robot_servicio/msg/rosidl_typesupport_introspection_c__visibility_control.h
[4.937s] -- Up-to-date: /home/robotica/ros2taller2/install/mi_robot_servicio/lib/libmi_robot_servicio__rosidl_typesupport_introspection_c.so
[4.941s] -- Up-to-date: /home/robotica/ros2taller2/install/mi_robot_servicio/lib/libmi_robot_servicio__rosidl_typesupport_c.so
[4.942s] -- Up-to-date: /home/robotica/ros2taller2/install/mi_robot_servicio/include/mi_robot_servicio/mi_robot_servicio
[4.943s] -- Up-to-date: /home/robotica/ros2taller2/install/mi_robot_servicio/include/mi_robot_servicio/mi_robot_servicio/srv
[4.944s] -- Up-to-date: /home/robotica/ros2taller2/install/mi_robot_servicio/include/mi_robot_servicio/mi_robot_servicio/srv/detail
[4.945s] -- Up-to-date: /home/robotica/ros2taller2/install/mi_robot_servicio/include/mi_robot_servicio/mi_robot_servicio/srv/detail/player__type_support.cpp
[4.946s] -- Up-to-date: /home/robotica/ros2taller2/install/mi_robot_servicio/include/mi_robot_servicio/mi_robot_servicio/srv/detail/player__rosidl_typesupport_introspection_cpp.hpp
[4.948s] -- Up-to-date: /home/robotica/ros2taller2/install/mi_robot_servicio/lib/libmi_robot_servicio__rosidl_typesupport_introspection_cpp.so
[4.951s] -- Up-to-date: /home/robotica/ros2taller2/install/mi_robot_servicio/lib/libmi_robot_servicio__rosidl_typesupport_cpp.so
[4.953s] -- Up-to-date: /home/robotica/ros2taller2/install/mi_robot_servicio/share/mi_robot_servicio/environment/pythonpath.sh
[4.953s] -- Up-to-date: /home/robotica/ros2taller2/install/mi_robot_servicio/share/mi_robot_servicio/environment/pythonpath.dsv
[4.954s] -- Up-to-date: /home/robotica/ros2taller2/install/mi_robot_servicio/local/lib/python3.10/dist-packages/mi_robot_servicio-0.0.0-py3.10.egg-info
[4.954s] -- Installing: /home/robotica/ros2taller2/install/mi_robot_servicio/local/lib/python3.10/dist-packages/mi_robot_servicio-0.0.0-py3.10.egg-info/PKG-INFO
[4.956s] -- Installing: /home/robotica/ros2taller2/install/mi_robot_servicio/local/lib/python3.10/dist-packages/mi_robot_servicio-0.0.0-py3.10.egg-info/top_level.txt
[4.958s] -- Installing: /home/robotica/ros2taller2/install/mi_robot_servicio/local/lib/python3.10/dist-packages/mi_robot_servicio-0.0.0-py3.10.egg-info/SOURCES.txt
[4.959s] -- Installing: /home/robotica/ros2taller2/install/mi_robot_servicio/local/lib/python3.10/dist-packages/mi_robot_servicio-0.0.0-py3.10.egg-info/dependency_links.txt
[4.961s] -- Up-to-date: /home/robotica/ros2taller2/install/mi_robot_servicio/local/lib/python3.10/dist-packages/mi_robot_servicio
[4.962s] -- Up-to-date: /home/robotica/ros2taller2/install/mi_robot_servicio/local/lib/python3.10/dist-packages/mi_robot_servicio/srv
[4.962s] -- Up-to-date: /home/robotica/ros2taller2/install/mi_robot_servicio/local/lib/python3.10/dist-packages/mi_robot_servicio/srv/__init__.py
[4.963s] -- Up-to-date: /home/robotica/ros2taller2/install/mi_robot_servicio/local/lib/python3.10/dist-packages/mi_robot_servicio/srv/_player.py
[4.963s] -- Up-to-date: /home/robotica/ros2taller2/install/mi_robot_servicio/local/lib/python3.10/dist-packages/mi_robot_servicio/srv/_player_s.c
[4.964s] -- Up-to-date: /home/robotica/ros2taller2/install/mi_robot_servicio/local/lib/python3.10/dist-packages/mi_robot_servicio/libmi_robot_servicio_srv__rosidl_generator_py.so
[4.965s] -- Up-to-date: /home/robotica/ros2taller2/install/mi_robot_servicio/local/lib/python3.10/dist-packages/mi_robot_servicio/__init__.py
[4.965s] -- Up-to-date: /home/robotica/ros2taller2/install/mi_robot_servicio/local/lib/python3.10/dist-packages/mi_robot_servicio/libmi_robot_servicio__rosidl_generator_py.so
[4.966s] -- Up-to-date: /home/robotica/ros2taller2/install/mi_robot_servicio/local/lib/python3.10/dist-packages/mi_robot_servicio/mi_robot_servicio_s__rosidl_typesupport_fastrtps_c.cpython-310-aarch64-linux-gnu.so
[4.966s] -- Up-to-date: /home/robotica/ros2taller2/install/mi_robot_servicio/local/lib/python3.10/dist-packages/mi_robot_servicio/mi_robot_servicio_s__rosidl_typesupport_c.cpython-310-aarch64-linux-gnu.so
[4.967s] -- Up-to-date: /home/robotica/ros2taller2/install/mi_robot_servicio/local/lib/python3.10/dist-packages/mi_robot_servicio/mi_robot_servicio_s__rosidl_typesupport_introspection_c.cpython-310-aarch64-linux-gnu.so
[4.967s] -- Up-to-date: /home/robotica/ros2taller2/install/mi_robot_servicio/local/lib/python3.10/dist-packages/mi_robot_servicio/_mi_robot_servicio_s.ep.rosidl_typesupport_introspection_c.c
[4.968s] -- Up-to-date: /home/robotica/ros2taller2/install/mi_robot_servicio/local/lib/python3.10/dist-packages/mi_robot_servicio/_mi_robot_servicio_s.ep.rosidl_typesupport_fastrtps_c.c
[4.968s] -- Up-to-date: /home/robotica/ros2taller2/install/mi_robot_servicio/local/lib/python3.10/dist-packages/mi_robot_servicio/_mi_robot_servicio_s.ep.rosidl_typesupport_c.c
[5.173s] Listing '/home/robotica/ros2taller2/install/mi_robot_servicio/local/lib/python3.10/dist-packages/mi_robot_servicio'...
[5.189s] Listing '/home/robotica/ros2taller2/install/mi_robot_servicio/local/lib/python3.10/dist-packages/mi_robot_servicio/srv'...
[5.214s] -- Up-to-date: /home/robotica/ros2taller2/install/mi_robot_servicio/local/lib/python3.10/dist-packages/mi_robot_servicio/mi_robot_servicio_s__rosidl_typesupport_fastrtps_c.cpython-310-aarch64-linux-gnu.so
[5.217s] -- Up-to-date: /home/robotica/ros2taller2/install/mi_robot_servicio/local/lib/python3.10/dist-packages/mi_robot_servicio/mi_robot_servicio_s__rosidl_typesupport_introspection_c.cpython-310-aarch64-linux-gnu.so
[5.220s] -- Up-to-date: /home/robotica/ros2taller2/install/mi_robot_servicio/local/lib/python3.10/dist-packages/mi_robot_servicio/mi_robot_servicio_s__rosidl_typesupport_c.cpython-310-aarch64-linux-gnu.so
[5.223s] -- Up-to-date: /home/robotica/ros2taller2/install/mi_robot_servicio/lib/libmi_robot_servicio__rosidl_generator_py.so
[5.225s] -- Up-to-date: /home/robotica/ros2taller2/install/mi_robot_servicio/share/mi_robot_servicio/srv/Player.idl
[5.226s] -- Up-to-date: /home/robotica/ros2taller2/install/mi_robot_servicio/share/mi_robot_servicio/srv/Player.srv
[5.227s] -- Up-to-date: /home/robotica/ros2taller2/install/mi_robot_servicio/share/mi_robot_servicio/srv/Player_Request.msg
[5.228s] -- Up-to-date: /home/robotica/ros2taller2/install/mi_robot_servicio/share/mi_robot_servicio/srv/Player_Response.msg
[5.229s] -- Up-to-date: /home/robotica/ros2taller2/install/mi_robot_servicio/share/ament_index/resource_index/package_run_dependencies/mi_robot_servicio
[5.230s] -- Up-to-date: /home/robotica/ros2taller2/install/mi_robot_servicio/share/ament_index/resource_index/parent_prefix_path/mi_robot_servicio
[5.231s] -- Up-to-date: /home/robotica/ros2taller2/install/mi_robot_servicio/share/mi_robot_servicio/environment/ament_prefix_path.sh
[5.232s] -- Up-to-date: /home/robotica/ros2taller2/install/mi_robot_servicio/share/mi_robot_servicio/environment/ament_prefix_path.dsv
[5.233s] -- Up-to-date: /home/robotica/ros2taller2/install/mi_robot_servicio/share/mi_robot_servicio/environment/path.sh
[5.233s] -- Up-to-date: /home/robotica/ros2taller2/install/mi_robot_servicio/share/mi_robot_servicio/environment/path.dsv
[5.234s] -- Up-to-date: /home/robotica/ros2taller2/install/mi_robot_servicio/share/mi_robot_servicio/local_setup.bash
[5.234s] -- Up-to-date: /home/robotica/ros2taller2/install/mi_robot_servicio/share/mi_robot_servicio/local_setup.sh
[5.234s] -- Up-to-date: /home/robotica/ros2taller2/install/mi_robot_servicio/share/mi_robot_servicio/local_setup.zsh
[5.235s] -- Up-to-date: /home/robotica/ros2taller2/install/mi_robot_servicio/share/mi_robot_servicio/local_setup.dsv
[5.235s] -- Installing: /home/robotica/ros2taller2/install/mi_robot_servicio/share/mi_robot_servicio/package.dsv
[5.238s] -- Up-to-date: /home/robotica/ros2taller2/install/mi_robot_servicio/share/ament_index/resource_index/packages/mi_robot_servicio
[5.241s] -- Up-to-date: /home/robotica/ros2taller2/install/mi_robot_servicio/share/mi_robot_servicio/cmake/export_mi_robot_servicio__rosidl_generator_cExport.cmake
[5.241s] -- Up-to-date: /home/robotica/ros2taller2/install/mi_robot_servicio/share/mi_robot_servicio/cmake/export_mi_robot_servicio__rosidl_generator_cExport-noconfig.cmake
[5.244s] -- Up-to-date: /home/robotica/ros2taller2/install/mi_robot_servicio/share/mi_robot_servicio/cmake/export_mi_robot_servicio__rosidl_typesupport_fastrtps_cExport.cmake
[5.245s] -- Up-to-date: /home/robotica/ros2taller2/install/mi_robot_servicio/share/mi_robot_servicio/cmake/export_mi_robot_servicio__rosidl_typesupport_fastrtps_cExport-noconfig.cmake
[5.247s] -- Up-to-date: /home/robotica/ros2taller2/install/mi_robot_servicio/share/mi_robot_servicio/cmake/export_mi_robot_servicio__rosidl_generator_cppExport.cmake
[5.251s] -- Up-to-date: /home/robotica/ros2taller2/install/mi_robot_servicio/share/mi_robot_servicio/cmake/export_mi_robot_servicio__rosidl_typesupport_fastrtps_cppExport.cmake
[5.251s] -- Up-to-date: /home/robotica/ros2taller2/install/mi_robot_servicio/share/mi_robot_servicio/cmake/export_mi_robot_servicio__rosidl_typesupport_fastrtps_cppExport-noconfig.cmake
[5.254s] -- Up-to-date: /home/robotica/ros2taller2/install/mi_robot_servicio/share/mi_robot_servicio/cmake/mi_robot_servicio__rosidl_typesupport_introspection_cExport.cmake
[5.255s] -- Up-to-date: /home/robotica/ros2taller2/install/mi_robot_servicio/share/mi_robot_servicio/cmake/mi_robot_servicio__rosidl_typesupport_introspection_cExport-noconfig.cmake
[5.258s] -- Up-to-date: /home/robotica/ros2taller2/install/mi_robot_servicio/share/mi_robot_servicio/cmake/mi_robot_servicio__rosidl_typesupport_cExport.cmake
[5.259s] -- Up-to-date: /home/robotica/ros2taller2/install/mi_robot_servicio/share/mi_robot_servicio/cmake/mi_robot_servicio__rosidl_typesupport_cExport-noconfig.cmake
[5.262s] -- Up-to-date: /home/robotica/ros2taller2/install/mi_robot_servicio/share/mi_robot_servicio/cmake/mi_robot_servicio__rosidl_typesupport_introspection_cppExport.cmake
[5.263s] -- Up-to-date: /home/robotica/ros2taller2/install/mi_robot_servicio/share/mi_robot_servicio/cmake/mi_robot_servicio__rosidl_typesupport_introspection_cppExport-noconfig.cmake
[5.266s] -- Up-to-date: /home/robotica/ros2taller2/install/mi_robot_servicio/share/mi_robot_servicio/cmake/mi_robot_servicio__rosidl_typesupport_cppExport.cmake
[5.267s] -- Up-to-date: /home/robotica/ros2taller2/install/mi_robot_servicio/share/mi_robot_servicio/cmake/mi_robot_servicio__rosidl_typesupport_cppExport-noconfig.cmake
[5.270s] -- Up-to-date: /home/robotica/ros2taller2/install/mi_robot_servicio/share/mi_robot_servicio/cmake/export_mi_robot_servicio__rosidl_generator_pyExport.cmake
[5.271s] -- Up-to-date: /home/robotica/ros2taller2/install/mi_robot_servicio/share/mi_robot_servicio/cmake/export_mi_robot_servicio__rosidl_generator_pyExport-noconfig.cmake
[5.272s] -- Up-to-date: /home/robotica/ros2taller2/install/mi_robot_servicio/share/mi_robot_servicio/cmake/rosidl_cmake-extras.cmake
[5.273s] -- Up-to-date: /home/robotica/ros2taller2/install/mi_robot_servicio/share/mi_robot_servicio/cmake/ament_cmake_export_dependencies-extras.cmake
[5.275s] -- Up-to-date: /home/robotica/ros2taller2/install/mi_robot_servicio/share/mi_robot_servicio/cmake/ament_cmake_export_include_directories-extras.cmake
[5.276s] -- Up-to-date: /home/robotica/ros2taller2/install/mi_robot_servicio/share/mi_robot_servicio/cmake/ament_cmake_export_libraries-extras.cmake
[5.277s] -- Up-to-date: /home/robotica/ros2taller2/install/mi_robot_servicio/share/mi_robot_servicio/cmake/ament_cmake_export_targets-extras.cmake
[5.278s] -- Up-to-date: /home/robotica/ros2taller2/install/mi_robot_servicio/share/mi_robot_servicio/cmake/rosidl_cmake_export_typesupport_targets-extras.cmake
[5.278s] -- Up-to-date: /home/robotica/ros2taller2/install/mi_robot_servicio/share/mi_robot_servicio/cmake/rosidl_cmake_export_typesupport_libraries-extras.cmake
[5.278s] -- Up-to-date: /home/robotica/ros2taller2/install/mi_robot_servicio/share/mi_robot_servicio/cmake/mi_robot_servicioConfig.cmake
[5.279s] -- Up-to-date: /home/robotica/ros2taller2/install/mi_robot_servicio/share/mi_robot_servicio/cmake/mi_robot_servicioConfig-version.cmake
[5.279s] -- Up-to-date: /home/robotica/ros2taller2/install/mi_robot_servicio/share/mi_robot_servicio/package.xml
[5.298s] Invoked command in '/home/robotica/ros2taller2/build/mi_robot_servicio' returned '0': CMAKE_PREFIX_PATH=${CMAKE_PREFIX_PATH}:/home/robotica/ros2taller2/install/mi_robot_3:/opt/ros/humble /usr/bin/cmake --install /home/robotica/ros2taller2/build/mi_robot_servicio
