[2.928s] DEBUG:colcon:Command line arguments: ['/usr/bin/colcon', 'build']
[2.928s] DEBUG:colcon:Parsed command line arguments: Namespace(log_base=None, log_level=None, verb_name='build', build_base='build', install_base='install', merge_install=False, symlink_install=False, test_result_base=None, continue_on_error=False, executor='parallel', parallel_workers=4, event_handlers=None, ignore_user_meta=False, metas=['./colcon.meta'], base_paths=['.'], packages_ignore=None, packages_ignore_regex=None, paths=None, packages_up_to=None, packages_up_to_regex=None, packages_above=None, packages_above_and_dependencies=None, packages_above_depth=None, packages_select_by_dep=None, packages_skip_by_dep=None, packages_skip_up_to=None, packages_select_build_failed=False, packages_skip_build_finished=False, packages_select_test_failures=False, packages_skip_test_passed=False, packages_select=None, packages_skip=None, packages_select_regex=None, packages_skip_regex=None, packages_start=None, packages_end=None, allow_overriding=[], cmake_args=None, cmake_target=None, cmake_target_skip_unavailable=False, cmake_clean_cache=False, cmake_clean_first=False, cmake_force_configure=False, ament_cmake_args=None, catkin_cmake_args=None, catkin_skip_building_tests=False, verb_parser=<colcon_defaults.argument_parser.defaults.DefaultArgumentsDecorator object at 0xffff9209bd90>, verb_extension=<colcon_core.verb.build.BuildVerb object at 0xffff9293fe20>, main=<bound method BuildVerb.main of <colcon_core.verb.build.BuildVerb object at 0xffff9293fe20>>)
[3.302s] Level 1:colcon.colcon_core.package_discovery:discover_packages(colcon_meta) check parameters
[3.303s] Level 1:colcon.colcon_core.package_discovery:discover_packages(recursive) check parameters
[3.303s] Level 1:colcon.colcon_core.package_discovery:discover_packages(ignore) check parameters
[3.303s] Level 1:colcon.colcon_core.package_discovery:discover_packages(path) check parameters
[3.303s] Level 1:colcon.colcon_core.package_discovery:discover_packages(colcon_meta) discover
[3.304s] Level 1:colcon.colcon_core.package_discovery:discover_packages(recursive) discover
[3.304s] INFO:colcon.colcon_core.package_discovery:Crawling recursively for packages in '/home/robotica/ros2taller2'
[3.305s] Level 1:colcon.colcon_core.package_identification:_identify(.) by extensions ['ignore', 'ignore_ament_install']
[3.306s] Level 1:colcon.colcon_core.package_identification:_identify(.) by extension 'ignore'
[3.307s] Level 1:colcon.colcon_core.package_identification:_identify(.) by extension 'ignore_ament_install'
[3.307s] Level 1:colcon.colcon_core.package_identification:_identify(.) by extensions ['colcon_pkg']
[3.307s] Level 1:colcon.colcon_core.package_identification:_identify(.) by extension 'colcon_pkg'
[3.307s] Level 1:colcon.colcon_core.package_identification:_identify(.) by extensions ['colcon_meta']
[3.307s] Level 1:colcon.colcon_core.package_identification:_identify(.) by extension 'colcon_meta'
[3.308s] Level 1:colcon.colcon_core.package_identification:_identify(.) by extensions ['ros']
[3.308s] Level 1:colcon.colcon_core.package_identification:_identify(.) by extension 'ros'
[3.416s] Level 1:colcon.colcon_core.package_identification:_identify(.) by extensions ['cmake', 'python']
[3.416s] Level 1:colcon.colcon_core.package_identification:_identify(.) by extension 'cmake'
[3.416s] Level 1:colcon.colcon_core.package_identification:_identify(.) by extension 'python'
[3.417s] Level 1:colcon.colcon_core.package_identification:_identify(.) by extensions ['python_setup_py']
[3.417s] Level 1:colcon.colcon_core.package_identification:_identify(.) by extension 'python_setup_py'
[3.417s] Level 1:colcon.colcon_core.package_identification:_identify(build) by extensions ['ignore', 'ignore_ament_install']
[3.418s] Level 1:colcon.colcon_core.package_identification:_identify(build) by extension 'ignore'
[3.418s] Level 1:colcon.colcon_core.package_identification:_identify(build) ignored
[3.419s] Level 1:colcon.colcon_core.package_identification:_identify(install) by extensions ['ignore', 'ignore_ament_install']
[3.419s] Level 1:colcon.colcon_core.package_identification:_identify(install) by extension 'ignore'
[3.420s] Level 1:colcon.colcon_core.package_identification:_identify(install) ignored
[3.420s] Level 1:colcon.colcon_core.package_identification:_identify(log) by extensions ['ignore', 'ignore_ament_install']
[3.421s] Level 1:colcon.colcon_core.package_identification:_identify(log) by extension 'ignore'
[3.421s] Level 1:colcon.colcon_core.package_identification:_identify(log) ignored
[3.422s] Level 1:colcon.colcon_core.package_identification:_identify(motores) by extensions ['ignore', 'ignore_ament_install']
[3.423s] Level 1:colcon.colcon_core.package_identification:_identify(motores) by extension 'ignore'
[3.423s] Level 1:colcon.colcon_core.package_identification:_identify(motores) by extension 'ignore_ament_install'
[3.424s] Level 1:colcon.colcon_core.package_identification:_identify(motores) by extensions ['colcon_pkg']
[3.424s] Level 1:colcon.colcon_core.package_identification:_identify(motores) by extension 'colcon_pkg'
[3.424s] Level 1:colcon.colcon_core.package_identification:_identify(motores) by extensions ['colcon_meta']
[3.424s] Level 1:colcon.colcon_core.package_identification:_identify(motores) by extension 'colcon_meta'
[3.425s] Level 1:colcon.colcon_core.package_identification:_identify(motores) by extensions ['ros']
[3.425s] Level 1:colcon.colcon_core.package_identification:_identify(motores) by extension 'ros'
[3.425s] Level 1:colcon.colcon_core.package_identification:_identify(motores) by extensions ['cmake', 'python']
[3.425s] Level 1:colcon.colcon_core.package_identification:_identify(motores) by extension 'cmake'
[3.426s] Level 1:colcon.colcon_core.package_identification:_identify(motores) by extension 'python'
[3.426s] Level 1:colcon.colcon_core.package_identification:_identify(motores) by extensions ['python_setup_py']
[3.426s] Level 1:colcon.colcon_core.package_identification:_identify(motores) by extension 'python_setup_py'
[3.428s] Level 1:colcon.colcon_core.package_identification:_identify(motores/Taller2_real) by extensions ['ignore', 'ignore_ament_install']
[3.429s] Level 1:colcon.colcon_core.package_identification:_identify(motores/Taller2_real) by extension 'ignore'
[3.429s] Level 1:colcon.colcon_core.package_identification:_identify(motores/Taller2_real) by extension 'ignore_ament_install'
[3.430s] Level 1:colcon.colcon_core.package_identification:_identify(motores/Taller2_real) by extensions ['colcon_pkg']
[3.430s] Level 1:colcon.colcon_core.package_identification:_identify(motores/Taller2_real) by extension 'colcon_pkg'
[3.430s] Level 1:colcon.colcon_core.package_identification:_identify(motores/Taller2_real) by extensions ['colcon_meta']
[3.430s] Level 1:colcon.colcon_core.package_identification:_identify(motores/Taller2_real) by extension 'colcon_meta'
[3.430s] Level 1:colcon.colcon_core.package_identification:_identify(motores/Taller2_real) by extensions ['ros']
[3.431s] Level 1:colcon.colcon_core.package_identification:_identify(motores/Taller2_real) by extension 'ros'
[3.431s] Level 1:colcon.colcon_core.package_identification:_identify(motores/Taller2_real) by extensions ['cmake', 'python']
[3.431s] Level 1:colcon.colcon_core.package_identification:_identify(motores/Taller2_real) by extension 'cmake'
[3.431s] Level 1:colcon.colcon_core.package_identification:_identify(motores/Taller2_real) by extension 'python'
[3.432s] Level 1:colcon.colcon_core.package_identification:_identify(motores/Taller2_real) by extensions ['python_setup_py']
[3.432s] Level 1:colcon.colcon_core.package_identification:_identify(motores/Taller2_real) by extension 'python_setup_py'
[3.433s] Level 1:colcon.colcon_core.package_identification:_identify(src) by extensions ['ignore', 'ignore_ament_install']
[3.434s] Level 1:colcon.colcon_core.package_identification:_identify(src) by extension 'ignore'
[3.434s] Level 1:colcon.colcon_core.package_identification:_identify(src) by extension 'ignore_ament_install'
[3.434s] Level 1:colcon.colcon_core.package_identification:_identify(src) by extensions ['colcon_pkg']
[3.435s] Level 1:colcon.colcon_core.package_identification:_identify(src) by extension 'colcon_pkg'
[3.435s] Level 1:colcon.colcon_core.package_identification:_identify(src) by extensions ['colcon_meta']
[3.435s] Level 1:colcon.colcon_core.package_identification:_identify(src) by extension 'colcon_meta'
[3.435s] Level 1:colcon.colcon_core.package_identification:_identify(src) by extensions ['ros']
[3.436s] Level 1:colcon.colcon_core.package_identification:_identify(src) by extension 'ros'
[3.436s] Level 1:colcon.colcon_core.package_identification:_identify(src) by extensions ['cmake', 'python']
[3.436s] Level 1:colcon.colcon_core.package_identification:_identify(src) by extension 'cmake'
[3.437s] Level 1:colcon.colcon_core.package_identification:_identify(src) by extension 'python'
[3.437s] Level 1:colcon.colcon_core.package_identification:_identify(src) by extensions ['python_setup_py']
[3.437s] Level 1:colcon.colcon_core.package_identification:_identify(src) by extension 'python_setup_py'
[3.439s] Level 1:colcon.colcon_core.package_identification:_identify(src/mi_robot_3) by extensions ['ignore', 'ignore_ament_install']
[3.439s] Level 1:colcon.colcon_core.package_identification:_identify(src/mi_robot_3) by extension 'ignore'
[3.440s] Level 1:colcon.colcon_core.package_identification:_identify(src/mi_robot_3) by extension 'ignore_ament_install'
[3.440s] Level 1:colcon.colcon_core.package_identification:_identify(src/mi_robot_3) by extensions ['colcon_pkg']
[3.440s] Level 1:colcon.colcon_core.package_identification:_identify(src/mi_robot_3) by extension 'colcon_pkg'
[3.440s] Level 1:colcon.colcon_core.package_identification:_identify(src/mi_robot_3) by extensions ['colcon_meta']
[3.441s] Level 1:colcon.colcon_core.package_identification:_identify(src/mi_robot_3) by extension 'colcon_meta'
[3.441s] Level 1:colcon.colcon_core.package_identification:_identify(src/mi_robot_3) by extensions ['ros']
[3.441s] Level 1:colcon.colcon_core.package_identification:_identify(src/mi_robot_3) by extension 'ros'
[3.460s] DEBUG:colcon.colcon_core.package_identification:Package 'src/mi_robot_3' with type 'ros.ament_python' and name 'mi_robot_3'
[3.462s] Level 1:colcon.colcon_core.package_identification:_identify(src/mi_robot_servicio) by extensions ['ignore', 'ignore_ament_install']
[3.462s] Level 1:colcon.colcon_core.package_identification:_identify(src/mi_robot_servicio) by extension 'ignore'
[3.463s] Level 1:colcon.colcon_core.package_identification:_identify(src/mi_robot_servicio) by extension 'ignore_ament_install'
[3.463s] Level 1:colcon.colcon_core.package_identification:_identify(src/mi_robot_servicio) by extensions ['colcon_pkg']
[3.464s] Level 1:colcon.colcon_core.package_identification:_identify(src/mi_robot_servicio) by extension 'colcon_pkg'
[3.464s] Level 1:colcon.colcon_core.package_identification:_identify(src/mi_robot_servicio) by extensions ['colcon_meta']
[3.464s] Level 1:colcon.colcon_core.package_identification:_identify(src/mi_robot_servicio) by extension 'colcon_meta'
[3.465s] Level 1:colcon.colcon_core.package_identification:_identify(src/mi_robot_servicio) by extensions ['ros']
[3.465s] Level 1:colcon.colcon_core.package_identification:_identify(src/mi_robot_servicio) by extension 'ros'
[3.470s] DEBUG:colcon.colcon_core.package_identification:Package 'src/mi_robot_servicio' with type 'ros.ament_cmake' and name 'mi_robot_servicio'
[3.470s] Level 1:colcon.colcon_core.package_discovery:discover_packages(recursive) using defaults
[3.470s] Level 1:colcon.colcon_core.package_discovery:discover_packages(ignore) discover
[3.470s] Level 1:colcon.colcon_core.package_discovery:discover_packages(ignore) using defaults
[3.471s] Level 1:colcon.colcon_core.package_discovery:discover_packages(path) discover
[3.471s] Level 1:colcon.colcon_core.package_discovery:discover_packages(path) using defaults
[3.668s] Level 1:colcon.colcon_core.package_discovery:discover_packages(prefix_path) check parameters
[3.668s] Level 1:colcon.colcon_core.package_discovery:discover_packages(prefix_path) discover
[3.693s] DEBUG:colcon.colcon_installed_package_information.package_discovery:Found 2 installed packages in /home/robotica/ros2taller2/install
[3.707s] DEBUG:colcon.colcon_installed_package_information.package_discovery:Found 182 installed packages in /opt/ros/humble
[3.713s] Level 1:colcon.colcon_core.package_discovery:discover_packages(prefix_path) using defaults
[4.076s] Level 5:colcon.colcon_core.verb:set package 'mi_robot_3' build argument 'cmake_args' from command line to 'None'
[4.076s] Level 5:colcon.colcon_core.verb:set package 'mi_robot_3' build argument 'cmake_target' from command line to 'None'
[4.076s] Level 5:colcon.colcon_core.verb:set package 'mi_robot_3' build argument 'cmake_target_skip_unavailable' from command line to 'False'
[4.076s] Level 5:colcon.colcon_core.verb:set package 'mi_robot_3' build argument 'cmake_clean_cache' from command line to 'False'
[4.076s] Level 5:colcon.colcon_core.verb:set package 'mi_robot_3' build argument 'cmake_clean_first' from command line to 'False'
[4.077s] Level 5:colcon.colcon_core.verb:set package 'mi_robot_3' build argument 'cmake_force_configure' from command line to 'False'
[4.077s] Level 5:colcon.colcon_core.verb:set package 'mi_robot_3' build argument 'ament_cmake_args' from command line to 'None'
[4.077s] Level 5:colcon.colcon_core.verb:set package 'mi_robot_3' build argument 'catkin_cmake_args' from command line to 'None'
[4.077s] Level 5:colcon.colcon_core.verb:set package 'mi_robot_3' build argument 'catkin_skip_building_tests' from command line to 'False'
[4.077s] DEBUG:colcon.colcon_core.verb:Building package 'mi_robot_3' with the following arguments: {'ament_cmake_args': None, 'build_base': '/home/robotica/ros2taller2/build/mi_robot_3', 'catkin_cmake_args': None, 'catkin_skip_building_tests': False, 'cmake_args': None, 'cmake_clean_cache': False, 'cmake_clean_first': False, 'cmake_force_configure': False, 'cmake_target': None, 'cmake_target_skip_unavailable': False, 'install_base': '/home/robotica/ros2taller2/install/mi_robot_3', 'merge_install': False, 'path': '/home/robotica/ros2taller2/src/mi_robot_3', 'symlink_install': False, 'test_result_base': None}
[4.082s] Level 5:colcon.colcon_core.verb:set package 'mi_robot_servicio' build argument 'cmake_args' from command line to 'None'
[4.082s] Level 5:colcon.colcon_core.verb:set package 'mi_robot_servicio' build argument 'cmake_target' from command line to 'None'
[4.082s] Level 5:colcon.colcon_core.verb:set package 'mi_robot_servicio' build argument 'cmake_target_skip_unavailable' from command line to 'False'
[4.082s] Level 5:colcon.colcon_core.verb:set package 'mi_robot_servicio' build argument 'cmake_clean_cache' from command line to 'False'
[4.082s] Level 5:colcon.colcon_core.verb:set package 'mi_robot_servicio' build argument 'cmake_clean_first' from command line to 'False'
[4.082s] Level 5:colcon.colcon_core.verb:set package 'mi_robot_servicio' build argument 'cmake_force_configure' from command line to 'False'
[4.083s] Level 5:colcon.colcon_core.verb:set package 'mi_robot_servicio' build argument 'ament_cmake_args' from command line to 'None'
[4.083s] Level 5:colcon.colcon_core.verb:set package 'mi_robot_servicio' build argument 'catkin_cmake_args' from command line to 'None'
[4.083s] Level 5:colcon.colcon_core.verb:set package 'mi_robot_servicio' build argument 'catkin_skip_building_tests' from command line to 'False'
[4.083s] DEBUG:colcon.colcon_core.verb:Building package 'mi_robot_servicio' with the following arguments: {'ament_cmake_args': None, 'build_base': '/home/robotica/ros2taller2/build/mi_robot_servicio', 'catkin_cmake_args': None, 'catkin_skip_building_tests': False, 'cmake_args': None, 'cmake_clean_cache': False, 'cmake_clean_first': False, 'cmake_force_configure': False, 'cmake_target': None, 'cmake_target_skip_unavailable': False, 'install_base': '/home/robotica/ros2taller2/install/mi_robot_servicio', 'merge_install': False, 'path': '/home/robotica/ros2taller2/src/mi_robot_servicio', 'symlink_install': False, 'test_result_base': None}
[4.086s] INFO:colcon.colcon_core.executor:Executing jobs using 'parallel' executor
[4.100s] DEBUG:colcon.colcon_parallel_executor.executor.parallel:run_until_complete
[4.101s] INFO:colcon.colcon_ros.task.ament_python.build:Building ROS package in '/home/robotica/ros2taller2/src/mi_robot_3' with build type 'ament_python'
[4.102s] Level 1:colcon.colcon_core.shell:create_environment_hook('mi_robot_3', 'ament_prefix_path')
[4.145s] INFO:colcon.colcon_core.plugin_system:Skipping extension 'colcon_core.shell.bat': Not used on non-Windows systems
[4.146s] INFO:colcon.colcon_core.shell:Creating environment hook '/home/robotica/ros2taller2/install/mi_robot_3/share/mi_robot_3/hook/ament_prefix_path.ps1'
[4.153s] INFO:colcon.colcon_core.shell:Creating environment descriptor '/home/robotica/ros2taller2/install/mi_robot_3/share/mi_robot_3/hook/ament_prefix_path.dsv'
[4.157s] INFO:colcon.colcon_core.shell:Creating environment hook '/home/robotica/ros2taller2/install/mi_robot_3/share/mi_robot_3/hook/ament_prefix_path.sh'
[4.172s] INFO:colcon.colcon_core.shell:Skip shell extension 'powershell' for command environment: Not usable outside of PowerShell
[4.173s] DEBUG:colcon.colcon_core.shell:Skip shell extension 'dsv' for command environment
[4.204s] INFO:colcon.colcon_ros.task.ament_cmake.build:Building ROS package in '/home/robotica/ros2taller2/src/mi_robot_servicio' with build type 'ament_cmake'
[4.205s] INFO:colcon.colcon_cmake.task.cmake.build:Building CMake package in '/home/robotica/ros2taller2/src/mi_robot_servicio'
[4.213s] INFO:colcon.colcon_core.shell:Skip shell extension 'powershell' for command environment: Not usable outside of PowerShell
[4.213s] DEBUG:colcon.colcon_core.shell:Skip shell extension 'dsv' for command environment
[5.622s] INFO:colcon.colcon_core.task.python.build:Building Python package in '/home/robotica/ros2taller2/src/mi_robot_3'
[5.629s] INFO:colcon.colcon_core.shell:Skip shell extension 'powershell' for command environment: Not usable outside of PowerShell
[5.629s] DEBUG:colcon.colcon_core.shell:Skip shell extension 'dsv' for command environment
[5.679s] DEBUG:colcon.colcon_core.event_handler.log_command:Invoking command in '/home/robotica/ros2taller2/build/mi_robot_servicio': CMAKE_PREFIX_PATH=${CMAKE_PREFIX_PATH}:/home/robotica/ros2taller2/install/mi_robot_3:/opt/ros/humble /usr/bin/cmake --build /home/robotica/ros2taller2/build/mi_robot_servicio -- -j4 -l4
[8.068s] DEBUG:colcon.colcon_core.event_handler.log_command:Invoking command in '/home/robotica/ros2taller2/src/mi_robot_3': PYTHONPATH=/home/robotica/ros2taller2/build/mi_robot_3/prefix_override:/home/robotica/ros2taller2/install/mi_robot_3/lib/python3.10/site-packages:${PYTHONPATH} /usr/bin/python3 setup.py egg_info --egg-base ../../build/mi_robot_3 build --build-base /home/robotica/ros2taller2/build/mi_robot_3/build install --record /home/robotica/ros2taller2/build/mi_robot_3/install.log --single-version-externally-managed
[8.703s] DEBUG:colcon.colcon_core.event_handler.log_command:Invoked command in '/home/robotica/ros2taller2/build/mi_robot_servicio' returned '0': CMAKE_PREFIX_PATH=${CMAKE_PREFIX_PATH}:/home/robotica/ros2taller2/install/mi_robot_3:/opt/ros/humble /usr/bin/cmake --build /home/robotica/ros2taller2/build/mi_robot_servicio -- -j4 -l4
[9.190s] DEBUG:colcon.colcon_core.event_handler.log_command:Invoking command in '/home/robotica/ros2taller2/build/mi_robot_servicio': CMAKE_PREFIX_PATH=${CMAKE_PREFIX_PATH}:/home/robotica/ros2taller2/install/mi_robot_3:/opt/ros/humble /usr/bin/cmake --install /home/robotica/ros2taller2/build/mi_robot_servicio
[9.666s] Level 1:colcon.colcon_core.environment:create_environment_scripts_only(mi_robot_servicio)
[9.670s] DEBUG:colcon.colcon_core.event_handler.log_command:Invoked command in '/home/robotica/ros2taller2/build/mi_robot_servicio' returned '0': CMAKE_PREFIX_PATH=${CMAKE_PREFIX_PATH}:/home/robotica/ros2taller2/install/mi_robot_3:/opt/ros/humble /usr/bin/cmake --install /home/robotica/ros2taller2/build/mi_robot_servicio
[9.736s] Level 1:colcon.colcon_core.environment:checking '/home/robotica/ros2taller2/install/mi_robot_servicio' for CMake module files
[9.746s] Level 1:colcon.colcon_core.environment:checking '/home/robotica/ros2taller2/install/mi_robot_servicio' for CMake config files
[9.751s] Level 1:colcon.colcon_core.shell:create_environment_hook('mi_robot_servicio', 'cmake_prefix_path')
[9.760s] INFO:colcon.colcon_core.shell:Creating environment hook '/home/robotica/ros2taller2/install/mi_robot_servicio/share/mi_robot_servicio/hook/cmake_prefix_path.ps1'
[9.769s] INFO:colcon.colcon_core.shell:Creating environment descriptor '/home/robotica/ros2taller2/install/mi_robot_servicio/share/mi_robot_servicio/hook/cmake_prefix_path.dsv'
[9.772s] INFO:colcon.colcon_core.shell:Creating environment hook '/home/robotica/ros2taller2/install/mi_robot_servicio/share/mi_robot_servicio/hook/cmake_prefix_path.sh'
[9.780s] Level 1:colcon.colcon_core.environment:checking '/home/robotica/ros2taller2/install/mi_robot_servicio/lib'
[9.782s] Level 1:colcon.colcon_core.shell:create_environment_hook('mi_robot_servicio', 'ld_library_path_lib')
[9.789s] INFO:colcon.colcon_core.shell:Creating environment hook '/home/robotica/ros2taller2/install/mi_robot_servicio/share/mi_robot_servicio/hook/ld_library_path_lib.ps1'
[9.796s] INFO:colcon.colcon_core.shell:Creating environment descriptor '/home/robotica/ros2taller2/install/mi_robot_servicio/share/mi_robot_servicio/hook/ld_library_path_lib.dsv'
[9.804s] INFO:colcon.colcon_core.shell:Creating environment hook '/home/robotica/ros2taller2/install/mi_robot_servicio/share/mi_robot_servicio/hook/ld_library_path_lib.sh'
[9.817s] Level 1:colcon.colcon_core.environment:checking '/home/robotica/ros2taller2/install/mi_robot_servicio/bin'
[9.818s] Level 1:colcon.colcon_core.environment:checking '/home/robotica/ros2taller2/install/mi_robot_servicio/lib/pkgconfig/mi_robot_servicio.pc'
[9.822s] Level 1:colcon.colcon_core.environment:checking '/home/robotica/ros2taller2/install/mi_robot_servicio/lib/python3.10/site-packages'
[9.824s] Level 1:colcon.colcon_core.environment:checking '/home/robotica/ros2taller2/install/mi_robot_servicio/bin'
[9.835s] INFO:colcon.colcon_core.shell:Creating package script '/home/robotica/ros2taller2/install/mi_robot_servicio/share/mi_robot_servicio/package.ps1'
[9.844s] INFO:colcon.colcon_core.shell:Creating package descriptor '/home/robotica/ros2taller2/install/mi_robot_servicio/share/mi_robot_servicio/package.dsv'
[9.850s] INFO:colcon.colcon_core.shell:Creating package script '/home/robotica/ros2taller2/install/mi_robot_servicio/share/mi_robot_servicio/package.sh'
[9.858s] INFO:colcon.colcon_core.shell:Creating package script '/home/robotica/ros2taller2/install/mi_robot_servicio/share/mi_robot_servicio/package.bash'
[9.865s] INFO:colcon.colcon_core.shell:Creating package script '/home/robotica/ros2taller2/install/mi_robot_servicio/share/mi_robot_servicio/package.zsh'
[9.870s] Level 1:colcon.colcon_core.environment:create_file_with_runtime_dependencies(/home/robotica/ros2taller2/install/mi_robot_servicio/share/colcon-core/packages/mi_robot_servicio)
[9.889s] Level 1:colcon.colcon_core.environment:checking '/home/robotica/ros2taller2/install/mi_robot_3' for CMake module files
[9.892s] DEBUG:colcon.colcon_core.event_handler.log_command:Invoked command in '/home/robotica/ros2taller2/src/mi_robot_3' returned '0': PYTHONPATH=/home/robotica/ros2taller2/build/mi_robot_3/prefix_override:/home/robotica/ros2taller2/install/mi_robot_3/lib/python3.10/site-packages:${PYTHONPATH} /usr/bin/python3 setup.py egg_info --egg-base ../../build/mi_robot_3 build --build-base /home/robotica/ros2taller2/build/mi_robot_3/build install --record /home/robotica/ros2taller2/build/mi_robot_3/install.log --single-version-externally-managed
[9.895s] Level 1:colcon.colcon_core.environment:checking '/home/robotica/ros2taller2/install/mi_robot_3' for CMake config files
[9.901s] Level 1:colcon.colcon_core.environment:checking '/home/robotica/ros2taller2/install/mi_robot_3/lib'
[9.902s] Level 1:colcon.colcon_core.environment:checking '/home/robotica/ros2taller2/install/mi_robot_3/bin'
[9.903s] Level 1:colcon.colcon_core.environment:checking '/home/robotica/ros2taller2/install/mi_robot_3/lib/pkgconfig/mi_robot_3.pc'
[9.904s] Level 1:colcon.colcon_core.environment:checking '/home/robotica/ros2taller2/install/mi_robot_3/lib/python3.10/site-packages'
[9.906s] Level 1:colcon.colcon_core.shell:create_environment_hook('mi_robot_3', 'pythonpath')
[9.914s] INFO:colcon.colcon_core.shell:Creating environment hook '/home/robotica/ros2taller2/install/mi_robot_3/share/mi_robot_3/hook/pythonpath.ps1'
[9.918s] INFO:colcon.colcon_core.shell:Creating environment descriptor '/home/robotica/ros2taller2/install/mi_robot_3/share/mi_robot_3/hook/pythonpath.dsv'
[9.920s] INFO:colcon.colcon_core.shell:Creating environment hook '/home/robotica/ros2taller2/install/mi_robot_3/share/mi_robot_3/hook/pythonpath.sh'
[9.923s] Level 1:colcon.colcon_core.environment:checking '/home/robotica/ros2taller2/install/mi_robot_3/bin'
[9.924s] Level 1:colcon.colcon_core.environment:create_environment_scripts_only(mi_robot_3)
[9.930s] INFO:colcon.colcon_core.shell:Creating package script '/home/robotica/ros2taller2/install/mi_robot_3/share/mi_robot_3/package.ps1'
[9.933s] INFO:colcon.colcon_core.shell:Creating package descriptor '/home/robotica/ros2taller2/install/mi_robot_3/share/mi_robot_3/package.dsv'
[9.935s] INFO:colcon.colcon_core.shell:Creating package script '/home/robotica/ros2taller2/install/mi_robot_3/share/mi_robot_3/package.sh'
[9.938s] INFO:colcon.colcon_core.shell:Creating package script '/home/robotica/ros2taller2/install/mi_robot_3/share/mi_robot_3/package.bash'
[9.940s] INFO:colcon.colcon_core.shell:Creating package script '/home/robotica/ros2taller2/install/mi_robot_3/share/mi_robot_3/package.zsh'
[9.942s] Level 1:colcon.colcon_core.environment:create_file_with_runtime_dependencies(/home/robotica/ros2taller2/install/mi_robot_3/share/colcon-core/packages/mi_robot_3)
[10.315s] Level 1:colcon.colcon_core.environment:create_environment_scripts_only(mi_robot_servicio)
[10.325s] Level 1:colcon.colcon_core.environment:checking '/home/robotica/ros2taller2/install/mi_robot_servicio' for CMake module files
[10.331s] Level 1:colcon.colcon_core.environment:checking '/home/robotica/ros2taller2/install/mi_robot_servicio' for CMake config files
[10.334s] Level 1:colcon.colcon_core.shell:create_environment_hook('mi_robot_servicio', 'cmake_prefix_path')
[10.340s] INFO:colcon.colcon_core.shell:Creating environment hook '/home/robotica/ros2taller2/install/mi_robot_servicio/share/mi_robot_servicio/hook/cmake_prefix_path.ps1'
[10.342s] INFO:colcon.colcon_core.shell:Creating environment descriptor '/home/robotica/ros2taller2/install/mi_robot_servicio/share/mi_robot_servicio/hook/cmake_prefix_path.dsv'
[10.344s] INFO:colcon.colcon_core.shell:Creating environment hook '/home/robotica/ros2taller2/install/mi_robot_servicio/share/mi_robot_servicio/hook/cmake_prefix_path.sh'
[10.347s] Level 1:colcon.colcon_core.environment:checking '/home/robotica/ros2taller2/install/mi_robot_servicio/lib'
[10.348s] Level 1:colcon.colcon_core.shell:create_environment_hook('mi_robot_servicio', 'ld_library_path_lib')
[10.354s] INFO:colcon.colcon_core.shell:Creating environment hook '/home/robotica/ros2taller2/install/mi_robot_servicio/share/mi_robot_servicio/hook/ld_library_path_lib.ps1'
[10.356s] INFO:colcon.colcon_core.shell:Creating environment descriptor '/home/robotica/ros2taller2/install/mi_robot_servicio/share/mi_robot_servicio/hook/ld_library_path_lib.dsv'
[10.358s] INFO:colcon.colcon_core.shell:Creating environment hook '/home/robotica/ros2taller2/install/mi_robot_servicio/share/mi_robot_servicio/hook/ld_library_path_lib.sh'
[10.360s] Level 1:colcon.colcon_core.environment:checking '/home/robotica/ros2taller2/install/mi_robot_servicio/bin'
[10.360s] Level 1:colcon.colcon_core.environment:checking '/home/robotica/ros2taller2/install/mi_robot_servicio/lib/pkgconfig/mi_robot_servicio.pc'
[10.361s] Level 1:colcon.colcon_core.environment:checking '/home/robotica/ros2taller2/install/mi_robot_servicio/lib/python3.10/site-packages'
[10.362s] Level 1:colcon.colcon_core.environment:checking '/home/robotica/ros2taller2/install/mi_robot_servicio/bin'
[10.368s] INFO:colcon.colcon_core.shell:Creating package script '/home/robotica/ros2taller2/install/mi_robot_servicio/share/mi_robot_servicio/package.ps1'
[10.372s] INFO:colcon.colcon_core.shell:Creating package descriptor '/home/robotica/ros2taller2/install/mi_robot_servicio/share/mi_robot_servicio/package.dsv'
[10.374s] INFO:colcon.colcon_core.shell:Creating package script '/home/robotica/ros2taller2/install/mi_robot_servicio/share/mi_robot_servicio/package.sh'
[10.377s] INFO:colcon.colcon_core.shell:Creating package script '/home/robotica/ros2taller2/install/mi_robot_servicio/share/mi_robot_servicio/package.bash'
[10.379s] INFO:colcon.colcon_core.shell:Creating package script '/home/robotica/ros2taller2/install/mi_robot_servicio/share/mi_robot_servicio/package.zsh'
[10.382s] Level 1:colcon.colcon_core.environment:create_file_with_runtime_dependencies(/home/robotica/ros2taller2/install/mi_robot_servicio/share/colcon-core/packages/mi_robot_servicio)
[10.383s] DEBUG:colcon.colcon_parallel_executor.executor.parallel:closing loop
[10.385s] DEBUG:colcon.colcon_parallel_executor.executor.parallel:loop closed
[10.385s] DEBUG:colcon.colcon_parallel_executor.executor.parallel:run_until_complete finished with '0'
[10.386s] DEBUG:colcon.colcon_core.event_reactor:joining thread
[10.449s] INFO:colcon.colcon_core.plugin_system:Skipping extension 'colcon_notification.desktop_notification.terminal_notifier': Not used on non-Darwin systems
[10.449s] INFO:colcon.colcon_core.plugin_system:Skipping extension 'colcon_notification.desktop_notification.win32': Not used on non-Windows systems
[10.450s] INFO:colcon.colcon_notification.desktop_notification:Sending desktop notification using 'notify2'
[10.535s] DEBUG:colcon.colcon_core.event_reactor:joined thread
[10.542s] INFO:colcon.colcon_core.shell:Creating prefix script '/home/robotica/ros2taller2/install/local_setup.ps1'
[10.550s] INFO:colcon.colcon_core.shell:Creating prefix util module '/home/robotica/ros2taller2/install/_local_setup_util_ps1.py'
[10.598s] INFO:colcon.colcon_core.shell:Creating prefix chain script '/home/robotica/ros2taller2/install/setup.ps1'
[10.623s] INFO:colcon.colcon_core.shell:Creating prefix script '/home/robotica/ros2taller2/install/local_setup.sh'
[10.661s] INFO:colcon.colcon_core.shell:Creating prefix util module '/home/robotica/ros2taller2/install/_local_setup_util_sh.py'
[10.665s] INFO:colcon.colcon_core.shell:Creating prefix chain script '/home/robotica/ros2taller2/install/setup.sh'
[10.678s] INFO:colcon.colcon_core.shell:Creating prefix script '/home/robotica/ros2taller2/install/local_setup.bash'
[10.686s] INFO:colcon.colcon_core.shell:Creating prefix chain script '/home/robotica/ros2taller2/install/setup.bash'
[10.699s] INFO:colcon.colcon_core.shell:Creating prefix script '/home/robotica/ros2taller2/install/local_setup.zsh'
[10.705s] INFO:colcon.colcon_core.shell:Creating prefix chain script '/home/robotica/ros2taller2/install/setup.zsh'
