[3.680s] Invoking command in '/home/robotica/ros2taller2/src/mi_robot_3': PYTHONPATH=/home/robotica/ros2taller2/build/mi_robot_3/prefix_override:/home/robotica/ros2taller2/install/mi_robot_3/lib/python3.10/site-packages:${PYTHONPATH} /usr/bin/python3 setup.py egg_info --egg-base ../../build/mi_robot_3 build --build-base /home/robotica/ros2taller2/build/mi_robot_3/build install --record /home/robotica/ros2taller2/build/mi_robot_3/install.log --single-version-externally-managed
[5.034s] running egg_info
[5.038s] writing ../../build/mi_robot_3/mi_robot_3.egg-info/PKG-INFO
[5.039s] writing dependency_links to ../../build/mi_robot_3/mi_robot_3.egg-info/dependency_links.txt
[5.041s] writing entry points to ../../build/mi_robot_3/mi_robot_3.egg-info/entry_points.txt
[5.041s] writing requirements to ../../build/mi_robot_3/mi_robot_3.egg-info/requires.txt
[5.042s] writing top-level names to ../../build/mi_robot_3/mi_robot_3.egg-info/top_level.txt
[5.058s] reading manifest file '../../build/mi_robot_3/mi_robot_3.egg-info/SOURCES.txt'
[5.063s] writing manifest file '../../build/mi_robot_3/mi_robot_3.egg-info/SOURCES.txt'
[5.064s] running build
[5.064s] running build_py
[5.078s] copying mi_robot_3/robot_interfaces_N.py -> /home/robotica/ros2taller2/build/mi_robot_3/build/lib/mi_robot_3
[5.079s] copying mi_robot_3/robot_player.py -> /home/robotica/ros2taller2/build/mi_robot_3/build/lib/mi_robot_3
[5.080s] running install
[5.084s] /usr/lib/python3/dist-packages/setuptools/command/install.py:34: SetuptoolsDeprecationWarning: setup.py install is deprecated. Use build and pip and other standards-based tools.
[5.085s]   warnings.warn(
[5.089s] running install_lib
[5.090s] copying /home/robotica/ros2taller2/build/mi_robot_3/build/lib/mi_robot_3/robot_interfaces_N.py -> /home/robotica/ros2taller2/install/mi_robot_3/lib/python3.10/site-packages/mi_robot_3
[5.091s] copying /home/robotica/ros2taller2/build/mi_robot_3/build/lib/mi_robot_3/robot_player.py -> /home/robotica/ros2taller2/install/mi_robot_3/lib/python3.10/site-packages/mi_robot_3
[5.098s] byte-compiling /home/robotica/ros2taller2/install/mi_robot_3/lib/python3.10/site-packages/mi_robot_3/robot_interfaces_N.py to robot_interfaces_N.cpython-310.pyc
[5.107s] byte-compiling /home/robotica/ros2taller2/install/mi_robot_3/lib/python3.10/site-packages/mi_robot_3/robot_player.py to robot_player.cpython-310.pyc
[5.110s] running install_data
[5.119s] running install_egg_info
[5.123s] removing '/home/robotica/ros2taller2/install/mi_robot_3/lib/python3.10/site-packages/mi_robot_3-0.0.0-py3.10.egg-info' (and everything under it)
[5.126s] Copying ../../build/mi_robot_3/mi_robot_3.egg-info to /home/robotica/ros2taller2/install/mi_robot_3/lib/python3.10/site-packages/mi_robot_3-0.0.0-py3.10.egg-info
[5.135s] running install_scripts
[5.236s] Installing robot_interfaces script to /home/robotica/ros2taller2/install/mi_robot_3/lib/mi_robot_3
[5.238s] Installing robot_interfaces_N script to /home/robotica/ros2taller2/install/mi_robot_3/lib/mi_robot_3
[5.239s] Installing robot_player script to /home/robotica/ros2taller2/install/mi_robot_3/lib/mi_robot_3
[5.240s] Installing robot_teleop script to /home/robotica/ros2taller2/install/mi_robot_3/lib/mi_robot_3
[5.242s] writing list of installed files to '/home/robotica/ros2taller2/build/mi_robot_3/install.log'
[5.398s] Invoked command in '/home/robotica/ros2taller2/src/mi_robot_3' returned '0': PYTHONPATH=/home/robotica/ros2taller2/build/mi_robot_3/prefix_override:/home/robotica/ros2taller2/install/mi_robot_3/lib/python3.10/site-packages:${PYTHONPATH} /usr/bin/python3 setup.py egg_info --egg-base ../../build/mi_robot_3 build --build-base /home/robotica/ros2taller2/build/mi_robot_3/build install --record /home/robotica/ros2taller2/build/mi_robot_3/install.log --single-version-externally-managed
