[5.193s] DEBUG:colcon:Command line arguments: ['/usr/bin/colcon', 'build']
[5.194s] DEBUG:colcon:Parsed command line arguments: Namespace(log_base=None, log_level=None, verb_name='build', build_base='build', install_base='install', merge_install=False, symlink_install=False, test_result_base=None, continue_on_error=False, executor='parallel', parallel_workers=4, event_handlers=None, ignore_user_meta=False, metas=['./colcon.meta'], base_paths=['.'], packages_ignore=None, packages_ignore_regex=None, paths=None, packages_up_to=None, packages_up_to_regex=None, packages_above=None, packages_above_and_dependencies=None, packages_above_depth=None, packages_select_by_dep=None, packages_skip_by_dep=None, packages_skip_up_to=None, packages_select_build_failed=False, packages_skip_build_finished=False, packages_select_test_failures=False, packages_skip_test_passed=False, packages_select=None, packages_skip=None, packages_select_regex=None, packages_skip_regex=None, packages_start=None, packages_end=None, allow_overriding=[], cmake_args=None, cmake_target=None, cmake_target_skip_unavailable=False, cmake_clean_cache=False, cmake_clean_first=False, cmake_force_configure=False, ament_cmake_args=None, catkin_cmake_args=None, catkin_skip_building_tests=False, verb_parser=<colcon_defaults.argument_parser.defaults.DefaultArgumentsDecorator object at 0xffff917c7c10>, verb_extension=<colcon_core.verb.build.BuildVerb object at 0xffff9206f460>, main=<bound method BuildVerb.main of <colcon_core.verb.build.BuildVerb object at 0xffff9206f460>>)
[5.712s] Level 1:colcon.colcon_core.package_discovery:discover_packages(colcon_meta) check parameters
[5.714s] Level 1:colcon.colcon_core.package_discovery:discover_packages(recursive) check parameters
[5.714s] Level 1:colcon.colcon_core.package_discovery:discover_packages(ignore) check parameters
[5.714s] Level 1:colcon.colcon_core.package_discovery:discover_packages(path) check parameters
[5.714s] Level 1:colcon.colcon_core.package_discovery:discover_packages(colcon_meta) discover
[5.716s] Level 1:colcon.colcon_core.package_discovery:discover_packages(recursive) discover
[5.716s] INFO:colcon.colcon_core.package_discovery:Crawling recursively for packages in '/home/robotica/ros2taller2/src/mi_robot_3/mi_robot_3'
[5.717s] Level 1:colcon.colcon_core.package_identification:_identify(.) by extensions ['ignore', 'ignore_ament_install']
[5.718s] Level 1:colcon.colcon_core.package_identification:_identify(.) by extension 'ignore'
[5.719s] Level 1:colcon.colcon_core.package_identification:_identify(.) by extension 'ignore_ament_install'
[5.720s] Level 1:colcon.colcon_core.package_identification:_identify(.) by extensions ['colcon_pkg']
[5.720s] Level 1:colcon.colcon_core.package_identification:_identify(.) by extension 'colcon_pkg'
[5.720s] Level 1:colcon.colcon_core.package_identification:_identify(.) by extensions ['colcon_meta']
[5.720s] Level 1:colcon.colcon_core.package_identification:_identify(.) by extension 'colcon_meta'
[5.721s] Level 1:colcon.colcon_core.package_identification:_identify(.) by extensions ['ros']
[5.721s] Level 1:colcon.colcon_core.package_identification:_identify(.) by extension 'ros'
[5.847s] Level 1:colcon.colcon_core.package_identification:_identify(.) by extensions ['cmake', 'python']
[5.848s] Level 1:colcon.colcon_core.package_identification:_identify(.) by extension 'cmake'
[5.848s] Level 1:colcon.colcon_core.package_identification:_identify(.) by extension 'python'
[5.849s] Level 1:colcon.colcon_core.package_identification:_identify(.) by extensions ['python_setup_py']
[5.849s] Level 1:colcon.colcon_core.package_identification:_identify(.) by extension 'python_setup_py'
[5.850s] Level 1:colcon.colcon_core.package_identification:_identify(build) by extensions ['ignore', 'ignore_ament_install']
[5.851s] Level 1:colcon.colcon_core.package_identification:_identify(build) by extension 'ignore'
[5.852s] Level 1:colcon.colcon_core.package_identification:_identify(build) ignored
[5.853s] Level 1:colcon.colcon_core.package_identification:_identify(install) by extensions ['ignore', 'ignore_ament_install']
[5.854s] Level 1:colcon.colcon_core.package_identification:_identify(install) by extension 'ignore'
[5.855s] Level 1:colcon.colcon_core.package_identification:_identify(install) ignored
[5.856s] Level 1:colcon.colcon_core.package_identification:_identify(log) by extensions ['ignore', 'ignore_ament_install']
[5.857s] Level 1:colcon.colcon_core.package_identification:_identify(log) by extension 'ignore'
[5.858s] Level 1:colcon.colcon_core.package_identification:_identify(log) ignored
[5.858s] Level 1:colcon.colcon_core.package_discovery:discover_packages(recursive) using defaults
[5.859s] Level 1:colcon.colcon_core.package_discovery:discover_packages(ignore) discover
[5.859s] Level 1:colcon.colcon_core.package_discovery:discover_packages(ignore) using defaults
[5.859s] Level 1:colcon.colcon_core.package_discovery:discover_packages(path) discover
[5.859s] Level 1:colcon.colcon_core.package_discovery:discover_packages(path) using defaults
