[3.744s] Invoking command in '/home/robotica/ros2taller2/src/mi_robot_3': PYTHONPATH=/home/robotica/ros2taller2/build/mi_robot_3/prefix_override:/home/robotica/ros2taller2/install/mi_robot_3/lib/python3.10/site-packages:${PYTHONPATH} /usr/bin/python3 setup.py egg_info --egg-base ../../build/mi_robot_3 build --build-base /home/robotica/ros2taller2/build/mi_robot_3/build install --record /home/robotica/ros2taller2/build/mi_robot_3/install.log --single-version-externally-managed
[5.159s] running egg_info
[5.169s] writing ../../build/mi_robot_3/mi_robot_3.egg-info/PKG-INFO
[5.172s] writing dependency_links to ../../build/mi_robot_3/mi_robot_3.egg-info/dependency_links.txt
[5.174s] writing entry points to ../../build/mi_robot_3/mi_robot_3.egg-info/entry_points.txt
[5.176s] writing requirements to ../../build/mi_robot_3/mi_robot_3.egg-info/requires.txt
[5.177s] writing top-level names to ../../build/mi_robot_3/mi_robot_3.egg-info/top_level.txt
[5.185s] reading manifest file '../../build/mi_robot_3/mi_robot_3.egg-info/SOURCES.txt'
[5.190s] writing manifest file '../../build/mi_robot_3/mi_robot_3.egg-info/SOURCES.txt'
[5.191s] running build
[5.191s] running build_py
[5.194s] copying mi_robot_3/robot_player.py -> /home/robotica/ros2taller2/build/mi_robot_3/build/lib/mi_robot_3
[5.196s] running install
[5.196s] /usr/lib/python3/dist-packages/setuptools/command/install.py:34: SetuptoolsDeprecationWarning: setup.py install is deprecated. Use build and pip and other standards-based tools.
[5.197s]   warnings.warn(
[5.198s] running install_lib
[5.203s] copying /home/robotica/ros2taller2/build/mi_robot_3/build/lib/mi_robot_3/robot_player.py -> /home/robotica/ros2taller2/install/mi_robot_3/lib/python3.10/site-packages/mi_robot_3
[5.206s] byte-compiling /home/robotica/ros2taller2/install/mi_robot_3/lib/python3.10/site-packages/mi_robot_3/robot_player2.py to robot_player2.cpython-310.pyc
[5.207s] Sorry: TabError: inconsistent use of tabs and spaces in indentation (robot_player2.py, line 24)
[5.208s] byte-compiling /home/robotica/ros2taller2/install/mi_robot_3/lib/python3.10/site-packages/mi_robot_3/robot_player.py to robot_player.cpython-310.pyc
[5.210s] Sorry: TabError: inconsistent use of tabs and spaces in indentation (robot_player.py, line 24)
[5.210s] running install_data
[5.212s] running install_egg_info
[5.220s] removing '/home/robotica/ros2taller2/install/mi_robot_3/lib/python3.10/site-packages/mi_robot_3-0.0.0-py3.10.egg-info' (and everything under it)
[5.223s] Copying ../../build/mi_robot_3/mi_robot_3.egg-info to /home/robotica/ros2taller2/install/mi_robot_3/lib/python3.10/site-packages/mi_robot_3-0.0.0-py3.10.egg-info
[5.229s] running install_scripts
[5.336s] Installing robot_interfaces script to /home/robotica/ros2taller2/install/mi_robot_3/lib/mi_robot_3
[5.337s] Installing robot_interfaces_N script to /home/robotica/ros2taller2/install/mi_robot_3/lib/mi_robot_3
[5.338s] Installing robot_player script to /home/robotica/ros2taller2/install/mi_robot_3/lib/mi_robot_3
[5.339s] Installing robot_teleop script to /home/robotica/ros2taller2/install/mi_robot_3/lib/mi_robot_3
[5.341s] writing list of installed files to '/home/robotica/ros2taller2/build/mi_robot_3/install.log'
[5.532s] Invoked command in '/home/robotica/ros2taller2/src/mi_robot_3' returned '0': PYTHONPATH=/home/robotica/ros2taller2/build/mi_robot_3/prefix_override:/home/robotica/ros2taller2/install/mi_robot_3/lib/python3.10/site-packages:${PYTHONPATH} /usr/bin/python3 setup.py egg_info --egg-base ../../build/mi_robot_3 build --build-base /home/robotica/ros2taller2/build/mi_robot_3/build install --record /home/robotica/ros2taller2/build/mi_robot_3/install.log --single-version-externally-managed
