running egg_info
writing ../../build/mi_robot_3/mi_robot_3.egg-info/PKG-INFO
writing dependency_links to ../../build/mi_robot_3/mi_robot_3.egg-info/dependency_links.txt
writing entry points to ../../build/mi_robot_3/mi_robot_3.egg-info/entry_points.txt
writing requirements to ../../build/mi_robot_3/mi_robot_3.egg-info/requires.txt
writing top-level names to ../../build/mi_robot_3/mi_robot_3.egg-info/top_level.txt
reading manifest file '../../build/mi_robot_3/mi_robot_3.egg-info/SOURCES.txt'
writing manifest file '../../build/mi_robot_3/mi_robot_3.egg-info/SOURCES.txt'
running build
running build_py
running install
running install_lib
byte-compiling /home/robotica/ros2taller2/install/mi_robot_3/lib/python3.10/site-packages/mi_robot_3/robot_player2.py to robot_player2.cpython-310.pyc
running install_data
running install_egg_info
removing '/home/robotica/ros2taller2/install/mi_robot_3/lib/python3.10/site-packages/mi_robot_3-0.0.0-py3.10.egg-info' (and everything under it)
Copying ../../build/mi_robot_3/mi_robot_3.egg-info to /home/robotica/ros2taller2/install/mi_robot_3/lib/python3.10/site-packages/mi_robot_3-0.0.0-py3.10.egg-info
running install_scripts
Installing robot_interfaces script to /home/robotica/ros2taller2/install/mi_robot_3/lib/mi_robot_3
Installing robot_interfaces_N script to /home/robotica/ros2taller2/install/mi_robot_3/lib/mi_robot_3
Installing robot_player script to /home/robotica/ros2taller2/install/mi_robot_3/lib/mi_robot_3
Installing robot_teleop script to /home/robotica/ros2taller2/install/mi_robot_3/lib/mi_robot_3
writing list of installed files to '/home/robotica/ros2taller2/build/mi_robot_3/install.log'
