[3.734s] Invoking command in '/home/robotica/ros2taller2/src/mi_robot_3': PYTHONPATH=/home/robotica/ros2taller2/build/mi_robot_3/prefix_override:/home/robotica/ros2taller2/install/mi_robot_3/lib/python3.10/site-packages:${PYTHONPATH} /usr/bin/python3 setup.py egg_info --egg-base ../../build/mi_robot_3 build --build-base /home/robotica/ros2taller2/build/mi_robot_3/build install --record /home/robotica/ros2taller2/build/mi_robot_3/install.log --single-version-externally-managed
[5.236s] running egg_info
[5.239s] writing ../../build/mi_robot_3/mi_robot_3.egg-info/PKG-INFO
[5.240s] writing dependency_links to ../../build/mi_robot_3/mi_robot_3.egg-info/dependency_links.txt
[5.241s] writing entry points to ../../build/mi_robot_3/mi_robot_3.egg-info/entry_points.txt
[5.242s] writing requirements to ../../build/mi_robot_3/mi_robot_3.egg-info/requires.txt
[5.243s] writing top-level names to ../../build/mi_robot_3/mi_robot_3.egg-info/top_level.txt
[5.253s] reading manifest file '../../build/mi_robot_3/mi_robot_3.egg-info/SOURCES.txt'
[5.258s] writing manifest file '../../build/mi_robot_3/mi_robot_3.egg-info/SOURCES.txt'
[5.259s] running build
[5.260s] running build_py
[5.262s] copying mi_robot_3/robot_player.py -> /home/robotica/ros2taller2/build/mi_robot_3/build/lib/mi_robot_3
[5.263s] running install
[5.264s] /usr/lib/python3/dist-packages/setuptools/command/install.py:34: SetuptoolsDeprecationWarning: setup.py install is deprecated. Use build and pip and other standards-based tools.
[5.265s]   warnings.warn(
[5.266s] running install_lib
[5.271s] copying /home/robotica/ros2taller2/build/mi_robot_3/build/lib/mi_robot_3/robot_player.py -> /home/robotica/ros2taller2/install/mi_robot_3/lib/python3.10/site-packages/mi_robot_3
[5.274s] byte-compiling /home/robotica/ros2taller2/install/mi_robot_3/lib/python3.10/site-packages/mi_robot_3/robot_player.py to robot_player.cpython-310.pyc
[5.276s] Sorry: TabError: inconsistent use of tabs and spaces in indentation (robot_player.py, line 26)
[5.276s] running install_data
[5.281s] running install_egg_info
[5.288s] removing '/home/robotica/ros2taller2/install/mi_robot_3/lib/python3.10/site-packages/mi_robot_3-0.0.0-py3.10.egg-info' (and everything under it)
[5.290s] Copying ../../build/mi_robot_3/mi_robot_3.egg-info to /home/robotica/ros2taller2/install/mi_robot_3/lib/python3.10/site-packages/mi_robot_3-0.0.0-py3.10.egg-info
[5.303s] running install_scripts
[5.420s] Installing robot_interfaces script to /home/robotica/ros2taller2/install/mi_robot_3/lib/mi_robot_3
[5.421s] Installing robot_interfaces_N script to /home/robotica/ros2taller2/install/mi_robot_3/lib/mi_robot_3
[5.422s] Installing robot_player script to /home/robotica/ros2taller2/install/mi_robot_3/lib/mi_robot_3
[5.423s] Installing robot_teleop script to /home/robotica/ros2taller2/install/mi_robot_3/lib/mi_robot_3
[5.426s] writing list of installed files to '/home/robotica/ros2taller2/build/mi_robot_3/install.log'
[5.628s] Invoked command in '/home/robotica/ros2taller2/src/mi_robot_3' returned '0': PYTHONPATH=/home/robotica/ros2taller2/build/mi_robot_3/prefix_override:/home/robotica/ros2taller2/install/mi_robot_3/lib/python3.10/site-packages:${PYTHONPATH} /usr/bin/python3 setup.py egg_info --egg-base ../../build/mi_robot_3 build --build-base /home/robotica/ros2taller2/build/mi_robot_3/build install --record /home/robotica/ros2taller2/build/mi_robot_3/install.log --single-version-externally-managed
