[2.411s] DEBUG:colcon:Command line arguments: ['/usr/bin/colcon', 'build']
[2.411s] DEBUG:colcon:Parsed command line arguments: Namespace(log_base=None, log_level=None, verb_name='build', build_base='build', install_base='install', merge_install=False, symlink_install=False, test_result_base=None, continue_on_error=False, executor='parallel', parallel_workers=4, event_handlers=None, ignore_user_meta=False, metas=['./colcon.meta'], base_paths=['.'], packages_ignore=None, packages_ignore_regex=None, paths=None, packages_up_to=None, packages_up_to_regex=None, packages_above=None, packages_above_and_dependencies=None, packages_above_depth=None, packages_select_by_dep=None, packages_skip_by_dep=None, packages_skip_up_to=None, packages_select_build_failed=False, packages_skip_build_finished=False, packages_select_test_failures=False, packages_skip_test_passed=False, packages_select=None, packages_skip=None, packages_select_regex=None, packages_skip_regex=None, packages_start=None, packages_end=None, allow_overriding=[], cmake_args=None, cmake_target=None, cmake_target_skip_unavailable=False, cmake_clean_cache=False, cmake_clean_first=False, cmake_force_configure=False, ament_cmake_args=None, catkin_cmake_args=None, catkin_skip_building_tests=False, verb_parser=<colcon_defaults.argument_parser.defaults.DefaultArgumentsDecorator object at 0xffffa3de7b50>, verb_extension=<colcon_core.verb.build.BuildVerb object at 0xffffa468f520>, main=<bound method BuildVerb.main of <colcon_core.verb.build.BuildVerb object at 0xffffa468f520>>)
[2.656s] Level 1:colcon.colcon_core.package_discovery:discover_packages(colcon_meta) check parameters
[2.657s] Level 1:colcon.colcon_core.package_discovery:discover_packages(recursive) check parameters
[2.657s] Level 1:colcon.colcon_core.package_discovery:discover_packages(ignore) check parameters
[2.657s] Level 1:colcon.colcon_core.package_discovery:discover_packages(path) check parameters
[2.658s] Level 1:colcon.colcon_core.package_discovery:discover_packages(colcon_meta) discover
[2.658s] Level 1:colcon.colcon_core.package_discovery:discover_packages(recursive) discover
[2.658s] INFO:colcon.colcon_core.package_discovery:Crawling recursively for packages in '/home/robotica/ros2taller2'
[2.659s] Level 1:colcon.colcon_core.package_identification:_identify(.) by extensions ['ignore', 'ignore_ament_install']
[2.659s] Level 1:colcon.colcon_core.package_identification:_identify(.) by extension 'ignore'
[2.659s] Level 1:colcon.colcon_core.package_identification:_identify(.) by extension 'ignore_ament_install'
[2.660s] Level 1:colcon.colcon_core.package_identification:_identify(.) by extensions ['colcon_pkg']
[2.660s] Level 1:colcon.colcon_core.package_identification:_identify(.) by extension 'colcon_pkg'
[2.660s] Level 1:colcon.colcon_core.package_identification:_identify(.) by extensions ['colcon_meta']
[2.660s] Level 1:colcon.colcon_core.package_identification:_identify(.) by extension 'colcon_meta'
[2.661s] Level 1:colcon.colcon_core.package_identification:_identify(.) by extensions ['ros']
[2.661s] Level 1:colcon.colcon_core.package_identification:_identify(.) by extension 'ros'
[2.745s] Level 1:colcon.colcon_core.package_identification:_identify(.) by extensions ['cmake', 'python']
[2.746s] Level 1:colcon.colcon_core.package_identification:_identify(.) by extension 'cmake'
[2.746s] Level 1:colcon.colcon_core.package_identification:_identify(.) by extension 'python'
[2.746s] Level 1:colcon.colcon_core.package_identification:_identify(.) by extensions ['python_setup_py']
[2.746s] Level 1:colcon.colcon_core.package_identification:_identify(.) by extension 'python_setup_py'
[2.747s] Level 1:colcon.colcon_core.package_identification:_identify(build) by extensions ['ignore', 'ignore_ament_install']
[2.747s] Level 1:colcon.colcon_core.package_identification:_identify(build) by extension 'ignore'
[2.747s] Level 1:colcon.colcon_core.package_identification:_identify(build) ignored
[2.748s] Level 1:colcon.colcon_core.package_identification:_identify(install) by extensions ['ignore', 'ignore_ament_install']
[2.749s] Level 1:colcon.colcon_core.package_identification:_identify(install) by extension 'ignore'
[2.749s] Level 1:colcon.colcon_core.package_identification:_identify(install) ignored
[2.750s] Level 1:colcon.colcon_core.package_identification:_identify(log) by extensions ['ignore', 'ignore_ament_install']
[2.750s] Level 1:colcon.colcon_core.package_identification:_identify(log) by extension 'ignore'
[2.750s] Level 1:colcon.colcon_core.package_identification:_identify(log) ignored
[2.751s] Level 1:colcon.colcon_core.package_identification:_identify(motores) by extensions ['ignore', 'ignore_ament_install']
[2.751s] Level 1:colcon.colcon_core.package_identification:_identify(motores) by extension 'ignore'
[2.751s] Level 1:colcon.colcon_core.package_identification:_identify(motores) by extension 'ignore_ament_install'
[2.752s] Level 1:colcon.colcon_core.package_identification:_identify(motores) by extensions ['colcon_pkg']
[2.752s] Level 1:colcon.colcon_core.package_identification:_identify(motores) by extension 'colcon_pkg'
[2.752s] Level 1:colcon.colcon_core.package_identification:_identify(motores) by extensions ['colcon_meta']
[2.752s] Level 1:colcon.colcon_core.package_identification:_identify(motores) by extension 'colcon_meta'
[2.752s] Level 1:colcon.colcon_core.package_identification:_identify(motores) by extensions ['ros']
[2.752s] Level 1:colcon.colcon_core.package_identification:_identify(motores) by extension 'ros'
[2.753s] Level 1:colcon.colcon_core.package_identification:_identify(motores) by extensions ['cmake', 'python']
[2.753s] Level 1:colcon.colcon_core.package_identification:_identify(motores) by extension 'cmake'
[2.753s] Level 1:colcon.colcon_core.package_identification:_identify(motores) by extension 'python'
[2.753s] Level 1:colcon.colcon_core.package_identification:_identify(motores) by extensions ['python_setup_py']
[2.754s] Level 1:colcon.colcon_core.package_identification:_identify(motores) by extension 'python_setup_py'
[2.754s] Level 1:colcon.colcon_core.package_identification:_identify(motores/Taller2_real) by extensions ['ignore', 'ignore_ament_install']
[2.754s] Level 1:colcon.colcon_core.package_identification:_identify(motores/Taller2_real) by extension 'ignore'
[2.755s] Level 1:colcon.colcon_core.package_identification:_identify(motores/Taller2_real) by extension 'ignore_ament_install'
[2.755s] Level 1:colcon.colcon_core.package_identification:_identify(motores/Taller2_real) by extensions ['colcon_pkg']
[2.755s] Level 1:colcon.colcon_core.package_identification:_identify(motores/Taller2_real) by extension 'colcon_pkg'
[2.755s] Level 1:colcon.colcon_core.package_identification:_identify(motores/Taller2_real) by extensions ['colcon_meta']
[2.755s] Level 1:colcon.colcon_core.package_identification:_identify(motores/Taller2_real) by extension 'colcon_meta'
[2.756s] Level 1:colcon.colcon_core.package_identification:_identify(motores/Taller2_real) by extensions ['ros']
[2.756s] Level 1:colcon.colcon_core.package_identification:_identify(motores/Taller2_real) by extension 'ros'
[2.756s] Level 1:colcon.colcon_core.package_identification:_identify(motores/Taller2_real) by extensions ['cmake', 'python']
[2.756s] Level 1:colcon.colcon_core.package_identification:_identify(motores/Taller2_real) by extension 'cmake'
[2.757s] Level 1:colcon.colcon_core.package_identification:_identify(motores/Taller2_real) by extension 'python'
[2.757s] Level 1:colcon.colcon_core.package_identification:_identify(motores/Taller2_real) by extensions ['python_setup_py']
[2.757s] Level 1:colcon.colcon_core.package_identification:_identify(motores/Taller2_real) by extension 'python_setup_py'
[2.758s] Level 1:colcon.colcon_core.package_identification:_identify(src) by extensions ['ignore', 'ignore_ament_install']
[2.758s] Level 1:colcon.colcon_core.package_identification:_identify(src) by extension 'ignore'
[2.758s] Level 1:colcon.colcon_core.package_identification:_identify(src) by extension 'ignore_ament_install'
[2.758s] Level 1:colcon.colcon_core.package_identification:_identify(src) by extensions ['colcon_pkg']
[2.759s] Level 1:colcon.colcon_core.package_identification:_identify(src) by extension 'colcon_pkg'
[2.759s] Level 1:colcon.colcon_core.package_identification:_identify(src) by extensions ['colcon_meta']
[2.759s] Level 1:colcon.colcon_core.package_identification:_identify(src) by extension 'colcon_meta'
[2.759s] Level 1:colcon.colcon_core.package_identification:_identify(src) by extensions ['ros']
[2.759s] Level 1:colcon.colcon_core.package_identification:_identify(src) by extension 'ros'
[2.760s] Level 1:colcon.colcon_core.package_identification:_identify(src) by extensions ['cmake', 'python']
[2.760s] Level 1:colcon.colcon_core.package_identification:_identify(src) by extension 'cmake'
[2.760s] Level 1:colcon.colcon_core.package_identification:_identify(src) by extension 'python'
[2.760s] Level 1:colcon.colcon_core.package_identification:_identify(src) by extensions ['python_setup_py']
[2.760s] Level 1:colcon.colcon_core.package_identification:_identify(src) by extension 'python_setup_py'
[2.761s] Level 1:colcon.colcon_core.package_identification:_identify(src/mi_robot_3) by extensions ['ignore', 'ignore_ament_install']
[2.761s] Level 1:colcon.colcon_core.package_identification:_identify(src/mi_robot_3) by extension 'ignore'
[2.761s] Level 1:colcon.colcon_core.package_identification:_identify(src/mi_robot_3) by extension 'ignore_ament_install'
[2.762s] Level 1:colcon.colcon_core.package_identification:_identify(src/mi_robot_3) by extensions ['colcon_pkg']
[2.762s] Level 1:colcon.colcon_core.package_identification:_identify(src/mi_robot_3) by extension 'colcon_pkg'
[2.762s] Level 1:colcon.colcon_core.package_identification:_identify(src/mi_robot_3) by extensions ['colcon_meta']
[2.762s] Level 1:colcon.colcon_core.package_identification:_identify(src/mi_robot_3) by extension 'colcon_meta'
[2.762s] Level 1:colcon.colcon_core.package_identification:_identify(src/mi_robot_3) by extensions ['ros']
[2.763s] Level 1:colcon.colcon_core.package_identification:_identify(src/mi_robot_3) by extension 'ros'
[2.779s] DEBUG:colcon.colcon_core.package_identification:Package 'src/mi_robot_3' with type 'ros.ament_python' and name 'mi_robot_3'
[2.780s] Level 1:colcon.colcon_core.package_identification:_identify(src/mi_robot_servicio) by extensions ['ignore', 'ignore_ament_install']
[2.780s] Level 1:colcon.colcon_core.package_identification:_identify(src/mi_robot_servicio) by extension 'ignore'
[2.780s] Level 1:colcon.colcon_core.package_identification:_identify(src/mi_robot_servicio) by extension 'ignore_ament_install'
[2.781s] Level 1:colcon.colcon_core.package_identification:_identify(src/mi_robot_servicio) by extensions ['colcon_pkg']
[2.781s] Level 1:colcon.colcon_core.package_identification:_identify(src/mi_robot_servicio) by extension 'colcon_pkg'
[2.781s] Level 1:colcon.colcon_core.package_identification:_identify(src/mi_robot_servicio) by extensions ['colcon_meta']
[2.781s] Level 1:colcon.colcon_core.package_identification:_identify(src/mi_robot_servicio) by extension 'colcon_meta'
[2.782s] Level 1:colcon.colcon_core.package_identification:_identify(src/mi_robot_servicio) by extensions ['ros']
[2.782s] Level 1:colcon.colcon_core.package_identification:_identify(src/mi_robot_servicio) by extension 'ros'
[2.785s] DEBUG:colcon.colcon_core.package_identification:Package 'src/mi_robot_servicio' with type 'ros.ament_cmake' and name 'mi_robot_servicio'
[2.785s] Level 1:colcon.colcon_core.package_discovery:discover_packages(recursive) using defaults
[2.785s] Level 1:colcon.colcon_core.package_discovery:discover_packages(ignore) discover
[2.786s] Level 1:colcon.colcon_core.package_discovery:discover_packages(ignore) using defaults
[2.786s] Level 1:colcon.colcon_core.package_discovery:discover_packages(path) discover
[2.786s] Level 1:colcon.colcon_core.package_discovery:discover_packages(path) using defaults
[2.949s] Level 1:colcon.colcon_core.package_discovery:discover_packages(prefix_path) check parameters
[2.949s] Level 1:colcon.colcon_core.package_discovery:discover_packages(prefix_path) discover
[2.972s] DEBUG:colcon.colcon_installed_package_information.package_discovery:Found 2 installed packages in /home/robotica/ros2taller2/install
[2.983s] DEBUG:colcon.colcon_installed_package_information.package_discovery:Found 182 installed packages in /opt/ros/humble
[2.988s] Level 1:colcon.colcon_core.package_discovery:discover_packages(prefix_path) using defaults
[3.278s] Level 5:colcon.colcon_core.verb:set package 'mi_robot_3' build argument 'cmake_args' from command line to 'None'
[3.278s] Level 5:colcon.colcon_core.verb:set package 'mi_robot_3' build argument 'cmake_target' from command line to 'None'
[3.278s] Level 5:colcon.colcon_core.verb:set package 'mi_robot_3' build argument 'cmake_target_skip_unavailable' from command line to 'False'
[3.278s] Level 5:colcon.colcon_core.verb:set package 'mi_robot_3' build argument 'cmake_clean_cache' from command line to 'False'
[3.278s] Level 5:colcon.colcon_core.verb:set package 'mi_robot_3' build argument 'cmake_clean_first' from command line to 'False'
[3.278s] Level 5:colcon.colcon_core.verb:set package 'mi_robot_3' build argument 'cmake_force_configure' from command line to 'False'
[3.279s] Level 5:colcon.colcon_core.verb:set package 'mi_robot_3' build argument 'ament_cmake_args' from command line to 'None'
[3.279s] Level 5:colcon.colcon_core.verb:set package 'mi_robot_3' build argument 'catkin_cmake_args' from command line to 'None'
[3.279s] Level 5:colcon.colcon_core.verb:set package 'mi_robot_3' build argument 'catkin_skip_building_tests' from command line to 'False'
[3.279s] DEBUG:colcon.colcon_core.verb:Building package 'mi_robot_3' with the following arguments: {'ament_cmake_args': None, 'build_base': '/home/robotica/ros2taller2/build/mi_robot_3', 'catkin_cmake_args': None, 'catkin_skip_building_tests': False, 'cmake_args': None, 'cmake_clean_cache': False, 'cmake_clean_first': False, 'cmake_force_configure': False, 'cmake_target': None, 'cmake_target_skip_unavailable': False, 'install_base': '/home/robotica/ros2taller2/install/mi_robot_3', 'merge_install': False, 'path': '/home/robotica/ros2taller2/src/mi_robot_3', 'symlink_install': False, 'test_result_base': None}
[3.283s] Level 5:colcon.colcon_core.verb:set package 'mi_robot_servicio' build argument 'cmake_args' from command line to 'None'
[3.284s] Level 5:colcon.colcon_core.verb:set package 'mi_robot_servicio' build argument 'cmake_target' from command line to 'None'
[3.284s] Level 5:colcon.colcon_core.verb:set package 'mi_robot_servicio' build argument 'cmake_target_skip_unavailable' from command line to 'False'
[3.284s] Level 5:colcon.colcon_core.verb:set package 'mi_robot_servicio' build argument 'cmake_clean_cache' from command line to 'False'
[3.284s] Level 5:colcon.colcon_core.verb:set package 'mi_robot_servicio' build argument 'cmake_clean_first' from command line to 'False'
[3.284s] Level 5:colcon.colcon_core.verb:set package 'mi_robot_servicio' build argument 'cmake_force_configure' from command line to 'False'
[3.284s] Level 5:colcon.colcon_core.verb:set package 'mi_robot_servicio' build argument 'ament_cmake_args' from command line to 'None'
[3.284s] Level 5:colcon.colcon_core.verb:set package 'mi_robot_servicio' build argument 'catkin_cmake_args' from command line to 'None'
[3.285s] Level 5:colcon.colcon_core.verb:set package 'mi_robot_servicio' build argument 'catkin_skip_building_tests' from command line to 'False'
[3.285s] DEBUG:colcon.colcon_core.verb:Building package 'mi_robot_servicio' with the following arguments: {'ament_cmake_args': None, 'build_base': '/home/robotica/ros2taller2/build/mi_robot_servicio', 'catkin_cmake_args': None, 'catkin_skip_building_tests': False, 'cmake_args': None, 'cmake_clean_cache': False, 'cmake_clean_first': False, 'cmake_force_configure': False, 'cmake_target': None, 'cmake_target_skip_unavailable': False, 'install_base': '/home/robotica/ros2taller2/install/mi_robot_servicio', 'merge_install': False, 'path': '/home/robotica/ros2taller2/src/mi_robot_servicio', 'symlink_install': False, 'test_result_base': None}
[3.288s] INFO:colcon.colcon_core.executor:Executing jobs using 'parallel' executor
[3.301s] DEBUG:colcon.colcon_parallel_executor.executor.parallel:run_until_complete
[3.303s] INFO:colcon.colcon_ros.task.ament_python.build:Building ROS package in '/home/robotica/ros2taller2/src/mi_robot_3' with build type 'ament_python'
[3.303s] Level 1:colcon.colcon_core.shell:create_environment_hook('mi_robot_3', 'ament_prefix_path')
[3.346s] INFO:colcon.colcon_core.plugin_system:Skipping extension 'colcon_core.shell.bat': Not used on non-Windows systems
[3.347s] INFO:colcon.colcon_core.shell:Creating environment hook '/home/robotica/ros2taller2/install/mi_robot_3/share/mi_robot_3/hook/ament_prefix_path.ps1'
[3.358s] INFO:colcon.colcon_core.shell:Creating environment descriptor '/home/robotica/ros2taller2/install/mi_robot_3/share/mi_robot_3/hook/ament_prefix_path.dsv'
[3.363s] INFO:colcon.colcon_core.shell:Creating environment hook '/home/robotica/ros2taller2/install/mi_robot_3/share/mi_robot_3/hook/ament_prefix_path.sh'
[3.377s] INFO:colcon.colcon_core.shell:Skip shell extension 'powershell' for command environment: Not usable outside of PowerShell
[3.378s] DEBUG:colcon.colcon_core.shell:Skip shell extension 'dsv' for command environment
[3.414s] INFO:colcon.colcon_ros.task.ament_cmake.build:Building ROS package in '/home/robotica/ros2taller2/src/mi_robot_servicio' with build type 'ament_cmake'
[3.416s] INFO:colcon.colcon_cmake.task.cmake.build:Building CMake package in '/home/robotica/ros2taller2/src/mi_robot_servicio'
[3.426s] INFO:colcon.colcon_core.shell:Skip shell extension 'powershell' for command environment: Not usable outside of PowerShell
[3.426s] DEBUG:colcon.colcon_core.shell:Skip shell extension 'dsv' for command environment
[4.782s] INFO:colcon.colcon_core.task.python.build:Building Python package in '/home/robotica/ros2taller2/src/mi_robot_3'
[4.787s] INFO:colcon.colcon_core.shell:Skip shell extension 'powershell' for command environment: Not usable outside of PowerShell
[4.788s] DEBUG:colcon.colcon_core.shell:Skip shell extension 'dsv' for command environment
[4.834s] DEBUG:colcon.colcon_core.event_handler.log_command:Invoking command in '/home/robotica/ros2taller2/build/mi_robot_servicio': CMAKE_PREFIX_PATH=${CMAKE_PREFIX_PATH}:/home/robotica/ros2taller2/install/mi_robot_3:/opt/ros/humble /usr/bin/cmake --build /home/robotica/ros2taller2/build/mi_robot_servicio -- -j4 -l4
[7.376s] DEBUG:colcon.colcon_core.event_handler.log_command:Invoking command in '/home/robotica/ros2taller2/src/mi_robot_3': PYTHONPATH=/home/robotica/ros2taller2/build/mi_robot_3/prefix_override:/home/robotica/ros2taller2/install/mi_robot_3/lib/python3.10/site-packages:${PYTHONPATH} /usr/bin/python3 setup.py egg_info --egg-base ../../build/mi_robot_3 build --build-base /home/robotica/ros2taller2/build/mi_robot_3/build install --record /home/robotica/ros2taller2/build/mi_robot_3/install.log --single-version-externally-managed
[7.768s] DEBUG:colcon.colcon_core.event_handler.log_command:Invoked command in '/home/robotica/ros2taller2/build/mi_robot_servicio' returned '0': CMAKE_PREFIX_PATH=${CMAKE_PREFIX_PATH}:/home/robotica/ros2taller2/install/mi_robot_3:/opt/ros/humble /usr/bin/cmake --build /home/robotica/ros2taller2/build/mi_robot_servicio -- -j4 -l4
[8.358s] DEBUG:colcon.colcon_core.event_handler.log_command:Invoking command in '/home/robotica/ros2taller2/build/mi_robot_servicio': CMAKE_PREFIX_PATH=${CMAKE_PREFIX_PATH}:/home/robotica/ros2taller2/install/mi_robot_3:/opt/ros/humble /usr/bin/cmake --install /home/robotica/ros2taller2/build/mi_robot_servicio
[8.822s] Level 1:colcon.colcon_core.environment:create_environment_scripts_only(mi_robot_servicio)
[8.826s] DEBUG:colcon.colcon_core.event_handler.log_command:Invoked command in '/home/robotica/ros2taller2/build/mi_robot_servicio' returned '0': CMAKE_PREFIX_PATH=${CMAKE_PREFIX_PATH}:/home/robotica/ros2taller2/install/mi_robot_3:/opt/ros/humble /usr/bin/cmake --install /home/robotica/ros2taller2/build/mi_robot_servicio
[8.863s] Level 1:colcon.colcon_core.environment:checking '/home/robotica/ros2taller2/install/mi_robot_servicio' for CMake module files
[8.875s] Level 1:colcon.colcon_core.environment:checking '/home/robotica/ros2taller2/install/mi_robot_servicio' for CMake config files
[8.878s] Level 1:colcon.colcon_core.shell:create_environment_hook('mi_robot_servicio', 'cmake_prefix_path')
[8.885s] INFO:colcon.colcon_core.shell:Creating environment hook '/home/robotica/ros2taller2/install/mi_robot_servicio/share/mi_robot_servicio/hook/cmake_prefix_path.ps1'
[8.891s] INFO:colcon.colcon_core.shell:Creating environment descriptor '/home/robotica/ros2taller2/install/mi_robot_servicio/share/mi_robot_servicio/hook/cmake_prefix_path.dsv'
[8.900s] INFO:colcon.colcon_core.shell:Creating environment hook '/home/robotica/ros2taller2/install/mi_robot_servicio/share/mi_robot_servicio/hook/cmake_prefix_path.sh'
[8.909s] Level 1:colcon.colcon_core.environment:checking '/home/robotica/ros2taller2/install/mi_robot_servicio/lib'
[8.911s] Level 1:colcon.colcon_core.shell:create_environment_hook('mi_robot_servicio', 'ld_library_path_lib')
[8.918s] INFO:colcon.colcon_core.shell:Creating environment hook '/home/robotica/ros2taller2/install/mi_robot_servicio/share/mi_robot_servicio/hook/ld_library_path_lib.ps1'
[8.922s] INFO:colcon.colcon_core.shell:Creating environment descriptor '/home/robotica/ros2taller2/install/mi_robot_servicio/share/mi_robot_servicio/hook/ld_library_path_lib.dsv'
[8.925s] INFO:colcon.colcon_core.shell:Creating environment hook '/home/robotica/ros2taller2/install/mi_robot_servicio/share/mi_robot_servicio/hook/ld_library_path_lib.sh'
[8.928s] Level 1:colcon.colcon_core.environment:checking '/home/robotica/ros2taller2/install/mi_robot_servicio/bin'
[8.929s] Level 1:colcon.colcon_core.environment:checking '/home/robotica/ros2taller2/install/mi_robot_servicio/lib/pkgconfig/mi_robot_servicio.pc'
[8.930s] Level 1:colcon.colcon_core.environment:checking '/home/robotica/ros2taller2/install/mi_robot_servicio/lib/python3.10/site-packages'
[8.931s] Level 1:colcon.colcon_core.environment:checking '/home/robotica/ros2taller2/install/mi_robot_servicio/bin'
[8.938s] INFO:colcon.colcon_core.shell:Creating package script '/home/robotica/ros2taller2/install/mi_robot_servicio/share/mi_robot_servicio/package.ps1'
[8.944s] INFO:colcon.colcon_core.shell:Creating package descriptor '/home/robotica/ros2taller2/install/mi_robot_servicio/share/mi_robot_servicio/package.dsv'
[8.948s] INFO:colcon.colcon_core.shell:Creating package script '/home/robotica/ros2taller2/install/mi_robot_servicio/share/mi_robot_servicio/package.sh'
[8.952s] INFO:colcon.colcon_core.shell:Creating package script '/home/robotica/ros2taller2/install/mi_robot_servicio/share/mi_robot_servicio/package.bash'
[8.956s] INFO:colcon.colcon_core.shell:Creating package script '/home/robotica/ros2taller2/install/mi_robot_servicio/share/mi_robot_servicio/package.zsh'
[8.960s] Level 1:colcon.colcon_core.environment:create_file_with_runtime_dependencies(/home/robotica/ros2taller2/install/mi_robot_servicio/share/colcon-core/packages/mi_robot_servicio)
[9.225s] Level 1:colcon.colcon_core.environment:checking '/home/robotica/ros2taller2/install/mi_robot_3' for CMake module files
[9.228s] DEBUG:colcon.colcon_core.event_handler.log_command:Invoked command in '/home/robotica/ros2taller2/src/mi_robot_3' returned '0': PYTHONPATH=/home/robotica/ros2taller2/build/mi_robot_3/prefix_override:/home/robotica/ros2taller2/install/mi_robot_3/lib/python3.10/site-packages:${PYTHONPATH} /usr/bin/python3 setup.py egg_info --egg-base ../../build/mi_robot_3 build --build-base /home/robotica/ros2taller2/build/mi_robot_3/build install --record /home/robotica/ros2taller2/build/mi_robot_3/install.log --single-version-externally-managed
[9.235s] Level 1:colcon.colcon_core.environment:checking '/home/robotica/ros2taller2/install/mi_robot_3' for CMake config files
[9.242s] Level 1:colcon.colcon_core.environment:checking '/home/robotica/ros2taller2/install/mi_robot_3/lib'
[9.243s] Level 1:colcon.colcon_core.environment:checking '/home/robotica/ros2taller2/install/mi_robot_3/bin'
[9.243s] Level 1:colcon.colcon_core.environment:checking '/home/robotica/ros2taller2/install/mi_robot_3/lib/pkgconfig/mi_robot_3.pc'
[9.245s] Level 1:colcon.colcon_core.environment:checking '/home/robotica/ros2taller2/install/mi_robot_3/lib/python3.10/site-packages'
[9.246s] Level 1:colcon.colcon_core.shell:create_environment_hook('mi_robot_3', 'pythonpath')
[9.253s] INFO:colcon.colcon_core.shell:Creating environment hook '/home/robotica/ros2taller2/install/mi_robot_3/share/mi_robot_3/hook/pythonpath.ps1'
[9.256s] INFO:colcon.colcon_core.shell:Creating environment descriptor '/home/robotica/ros2taller2/install/mi_robot_3/share/mi_robot_3/hook/pythonpath.dsv'
[9.258s] INFO:colcon.colcon_core.shell:Creating environment hook '/home/robotica/ros2taller2/install/mi_robot_3/share/mi_robot_3/hook/pythonpath.sh'
[9.261s] Level 1:colcon.colcon_core.environment:checking '/home/robotica/ros2taller2/install/mi_robot_3/bin'
[9.262s] Level 1:colcon.colcon_core.environment:create_environment_scripts_only(mi_robot_3)
[9.268s] INFO:colcon.colcon_core.shell:Creating package script '/home/robotica/ros2taller2/install/mi_robot_3/share/mi_robot_3/package.ps1'
[9.271s] INFO:colcon.colcon_core.shell:Creating package descriptor '/home/robotica/ros2taller2/install/mi_robot_3/share/mi_robot_3/package.dsv'
[9.274s] INFO:colcon.colcon_core.shell:Creating package script '/home/robotica/ros2taller2/install/mi_robot_3/share/mi_robot_3/package.sh'
[9.276s] INFO:colcon.colcon_core.shell:Creating package script '/home/robotica/ros2taller2/install/mi_robot_3/share/mi_robot_3/package.bash'
[9.278s] INFO:colcon.colcon_core.shell:Creating package script '/home/robotica/ros2taller2/install/mi_robot_3/share/mi_robot_3/package.zsh'
[9.280s] Level 1:colcon.colcon_core.environment:create_file_with_runtime_dependencies(/home/robotica/ros2taller2/install/mi_robot_3/share/colcon-core/packages/mi_robot_3)
[9.486s] Level 1:colcon.colcon_core.environment:create_environment_scripts_only(mi_robot_servicio)
[9.496s] Level 1:colcon.colcon_core.environment:checking '/home/robotica/ros2taller2/install/mi_robot_servicio' for CMake module files
[9.504s] Level 1:colcon.colcon_core.environment:checking '/home/robotica/ros2taller2/install/mi_robot_servicio' for CMake config files
[9.507s] Level 1:colcon.colcon_core.shell:create_environment_hook('mi_robot_servicio', 'cmake_prefix_path')
[9.514s] INFO:colcon.colcon_core.shell:Creating environment hook '/home/robotica/ros2taller2/install/mi_robot_servicio/share/mi_robot_servicio/hook/cmake_prefix_path.ps1'
[9.516s] INFO:colcon.colcon_core.shell:Creating environment descriptor '/home/robotica/ros2taller2/install/mi_robot_servicio/share/mi_robot_servicio/hook/cmake_prefix_path.dsv'
[9.518s] INFO:colcon.colcon_core.shell:Creating environment hook '/home/robotica/ros2taller2/install/mi_robot_servicio/share/mi_robot_servicio/hook/cmake_prefix_path.sh'
[9.521s] Level 1:colcon.colcon_core.environment:checking '/home/robotica/ros2taller2/install/mi_robot_servicio/lib'
[9.522s] Level 1:colcon.colcon_core.shell:create_environment_hook('mi_robot_servicio', 'ld_library_path_lib')
[9.528s] INFO:colcon.colcon_core.shell:Creating environment hook '/home/robotica/ros2taller2/install/mi_robot_servicio/share/mi_robot_servicio/hook/ld_library_path_lib.ps1'
[9.530s] INFO:colcon.colcon_core.shell:Creating environment descriptor '/home/robotica/ros2taller2/install/mi_robot_servicio/share/mi_robot_servicio/hook/ld_library_path_lib.dsv'
[9.532s] INFO:colcon.colcon_core.shell:Creating environment hook '/home/robotica/ros2taller2/install/mi_robot_servicio/share/mi_robot_servicio/hook/ld_library_path_lib.sh'
[9.534s] Level 1:colcon.colcon_core.environment:checking '/home/robotica/ros2taller2/install/mi_robot_servicio/bin'
[9.534s] Level 1:colcon.colcon_core.environment:checking '/home/robotica/ros2taller2/install/mi_robot_servicio/lib/pkgconfig/mi_robot_servicio.pc'
[9.535s] Level 1:colcon.colcon_core.environment:checking '/home/robotica/ros2taller2/install/mi_robot_servicio/lib/python3.10/site-packages'
[9.536s] Level 1:colcon.colcon_core.environment:checking '/home/robotica/ros2taller2/install/mi_robot_servicio/bin'
[9.542s] INFO:colcon.colcon_core.shell:Creating package script '/home/robotica/ros2taller2/install/mi_robot_servicio/share/mi_robot_servicio/package.ps1'
[9.545s] INFO:colcon.colcon_core.shell:Creating package descriptor '/home/robotica/ros2taller2/install/mi_robot_servicio/share/mi_robot_servicio/package.dsv'
[9.548s] INFO:colcon.colcon_core.shell:Creating package script '/home/robotica/ros2taller2/install/mi_robot_servicio/share/mi_robot_servicio/package.sh'
[9.550s] INFO:colcon.colcon_core.shell:Creating package script '/home/robotica/ros2taller2/install/mi_robot_servicio/share/mi_robot_servicio/package.bash'
[9.552s] INFO:colcon.colcon_core.shell:Creating package script '/home/robotica/ros2taller2/install/mi_robot_servicio/share/mi_robot_servicio/package.zsh'
[9.555s] Level 1:colcon.colcon_core.environment:create_file_with_runtime_dependencies(/home/robotica/ros2taller2/install/mi_robot_servicio/share/colcon-core/packages/mi_robot_servicio)
[9.556s] DEBUG:colcon.colcon_parallel_executor.executor.parallel:closing loop
[9.557s] DEBUG:colcon.colcon_parallel_executor.executor.parallel:loop closed
[9.558s] DEBUG:colcon.colcon_parallel_executor.executor.parallel:run_until_complete finished with '0'
[9.558s] DEBUG:colcon.colcon_core.event_reactor:joining thread
[9.624s] INFO:colcon.colcon_core.plugin_system:Skipping extension 'colcon_notification.desktop_notification.terminal_notifier': Not used on non-Darwin systems
[9.624s] INFO:colcon.colcon_core.plugin_system:Skipping extension 'colcon_notification.desktop_notification.win32': Not used on non-Windows systems
[9.625s] INFO:colcon.colcon_notification.desktop_notification:Sending desktop notification using 'notify2'
[9.751s] DEBUG:colcon.colcon_core.event_reactor:joined thread
[9.758s] INFO:colcon.colcon_core.shell:Creating prefix script '/home/robotica/ros2taller2/install/local_setup.ps1'
[9.768s] INFO:colcon.colcon_core.shell:Creating prefix util module '/home/robotica/ros2taller2/install/_local_setup_util_ps1.py'
[9.778s] INFO:colcon.colcon_core.shell:Creating prefix chain script '/home/robotica/ros2taller2/install/setup.ps1'
[9.791s] INFO:colcon.colcon_core.shell:Creating prefix script '/home/robotica/ros2taller2/install/local_setup.sh'
[9.800s] INFO:colcon.colcon_core.shell:Creating prefix util module '/home/robotica/ros2taller2/install/_local_setup_util_sh.py'
[9.805s] INFO:colcon.colcon_core.shell:Creating prefix chain script '/home/robotica/ros2taller2/install/setup.sh'
[9.814s] INFO:colcon.colcon_core.shell:Creating prefix script '/home/robotica/ros2taller2/install/local_setup.bash'
[9.819s] INFO:colcon.colcon_core.shell:Creating prefix chain script '/home/robotica/ros2taller2/install/setup.bash'
[9.831s] INFO:colcon.colcon_core.shell:Creating prefix script '/home/robotica/ros2taller2/install/local_setup.zsh'
[9.837s] INFO:colcon.colcon_core.shell:Creating prefix chain script '/home/robotica/ros2taller2/install/setup.zsh'
