[1.960s] DEBUG:colcon:Command line arguments: ['/usr/bin/colcon', 'build']
[1.961s] DEBUG:colcon:Parsed command line arguments: Namespace(log_base=None, log_level=None, verb_name='build', build_base='build', install_base='install', merge_install=False, symlink_install=False, test_result_base=None, continue_on_error=False, executor='parallel', parallel_workers=4, event_handlers=None, ignore_user_meta=False, metas=['./colcon.meta'], base_paths=['.'], packages_ignore=None, packages_ignore_regex=None, paths=None, packages_up_to=None, packages_up_to_regex=None, packages_above=None, packages_above_and_dependencies=None, packages_above_depth=None, packages_select_by_dep=None, packages_skip_by_dep=None, packages_skip_up_to=None, packages_select_build_failed=False, packages_skip_build_finished=False, packages_select_test_failures=False, packages_skip_test_passed=False, packages_select=None, packages_skip=None, packages_select_regex=None, packages_skip_regex=None, packages_start=None, packages_end=None, allow_overriding=[], cmake_args=None, cmake_target=None, cmake_target_skip_unavailable=False, cmake_clean_cache=False, cmake_clean_first=False, cmake_force_configure=False, ament_cmake_args=None, catkin_cmake_args=None, catkin_skip_building_tests=False, verb_parser=<colcon_defaults.argument_parser.defaults.DefaultArgumentsDecorator object at 0xffffb685fa90>, verb_extension=<colcon_core.verb.build.BuildVerb object at 0xffffb7103cd0>, main=<bound method BuildVerb.main of <colcon_core.verb.build.BuildVerb object at 0xffffb7103cd0>>)
[2.148s] Level 1:colcon.colcon_core.package_discovery:discover_packages(colcon_meta) check parameters
[2.149s] Level 1:colcon.colcon_core.package_discovery:discover_packages(recursive) check parameters
[2.149s] Level 1:colcon.colcon_core.package_discovery:discover_packages(ignore) check parameters
[2.150s] Level 1:colcon.colcon_core.package_discovery:discover_packages(path) check parameters
[2.150s] Level 1:colcon.colcon_core.package_discovery:discover_packages(colcon_meta) discover
[2.150s] Level 1:colcon.colcon_core.package_discovery:discover_packages(recursive) discover
[2.150s] INFO:colcon.colcon_core.package_discovery:Crawling recursively for packages in '/home/robotica/ros2taller2'
[2.151s] Level 1:colcon.colcon_core.package_identification:_identify(.) by extensions ['ignore', 'ignore_ament_install']
[2.152s] Level 1:colcon.colcon_core.package_identification:_identify(.) by extension 'ignore'
[2.152s] Level 1:colcon.colcon_core.package_identification:_identify(.) by extension 'ignore_ament_install'
[2.152s] Level 1:colcon.colcon_core.package_identification:_identify(.) by extensions ['colcon_pkg']
[2.153s] Level 1:colcon.colcon_core.package_identification:_identify(.) by extension 'colcon_pkg'
[2.153s] Level 1:colcon.colcon_core.package_identification:_identify(.) by extensions ['colcon_meta']
[2.153s] Level 1:colcon.colcon_core.package_identification:_identify(.) by extension 'colcon_meta'
[2.153s] Level 1:colcon.colcon_core.package_identification:_identify(.) by extensions ['ros']
[2.153s] Level 1:colcon.colcon_core.package_identification:_identify(.) by extension 'ros'
[2.243s] Level 1:colcon.colcon_core.package_identification:_identify(.) by extensions ['cmake', 'python']
[2.243s] Level 1:colcon.colcon_core.package_identification:_identify(.) by extension 'cmake'
[2.243s] Level 1:colcon.colcon_core.package_identification:_identify(.) by extension 'python'
[2.244s] Level 1:colcon.colcon_core.package_identification:_identify(.) by extensions ['python_setup_py']
[2.244s] Level 1:colcon.colcon_core.package_identification:_identify(.) by extension 'python_setup_py'
[2.244s] Level 1:colcon.colcon_core.package_identification:_identify(build) by extensions ['ignore', 'ignore_ament_install']
[2.245s] Level 1:colcon.colcon_core.package_identification:_identify(build) by extension 'ignore'
[2.245s] Level 1:colcon.colcon_core.package_identification:_identify(build) ignored
[2.246s] Level 1:colcon.colcon_core.package_identification:_identify(install) by extensions ['ignore', 'ignore_ament_install']
[2.246s] Level 1:colcon.colcon_core.package_identification:_identify(install) by extension 'ignore'
[2.246s] Level 1:colcon.colcon_core.package_identification:_identify(install) ignored
[2.247s] Level 1:colcon.colcon_core.package_identification:_identify(log) by extensions ['ignore', 'ignore_ament_install']
[2.247s] Level 1:colcon.colcon_core.package_identification:_identify(log) by extension 'ignore'
[2.248s] Level 1:colcon.colcon_core.package_identification:_identify(log) ignored
[2.248s] Level 1:colcon.colcon_core.package_identification:_identify(motores) by extensions ['ignore', 'ignore_ament_install']
[2.248s] Level 1:colcon.colcon_core.package_identification:_identify(motores) by extension 'ignore'
[2.249s] Level 1:colcon.colcon_core.package_identification:_identify(motores) by extension 'ignore_ament_install'
[2.249s] Level 1:colcon.colcon_core.package_identification:_identify(motores) by extensions ['colcon_pkg']
[2.249s] Level 1:colcon.colcon_core.package_identification:_identify(motores) by extension 'colcon_pkg'
[2.249s] Level 1:colcon.colcon_core.package_identification:_identify(motores) by extensions ['colcon_meta']
[2.249s] Level 1:colcon.colcon_core.package_identification:_identify(motores) by extension 'colcon_meta'
[2.250s] Level 1:colcon.colcon_core.package_identification:_identify(motores) by extensions ['ros']
[2.250s] Level 1:colcon.colcon_core.package_identification:_identify(motores) by extension 'ros'
[2.250s] Level 1:colcon.colcon_core.package_identification:_identify(motores) by extensions ['cmake', 'python']
[2.250s] Level 1:colcon.colcon_core.package_identification:_identify(motores) by extension 'cmake'
[2.251s] Level 1:colcon.colcon_core.package_identification:_identify(motores) by extension 'python'
[2.251s] Level 1:colcon.colcon_core.package_identification:_identify(motores) by extensions ['python_setup_py']
[2.251s] Level 1:colcon.colcon_core.package_identification:_identify(motores) by extension 'python_setup_py'
[2.251s] Level 1:colcon.colcon_core.package_identification:_identify(motores/Taller2_real) by extensions ['ignore', 'ignore_ament_install']
[2.252s] Level 1:colcon.colcon_core.package_identification:_identify(motores/Taller2_real) by extension 'ignore'
[2.252s] Level 1:colcon.colcon_core.package_identification:_identify(motores/Taller2_real) by extension 'ignore_ament_install'
[2.252s] Level 1:colcon.colcon_core.package_identification:_identify(motores/Taller2_real) by extensions ['colcon_pkg']
[2.252s] Level 1:colcon.colcon_core.package_identification:_identify(motores/Taller2_real) by extension 'colcon_pkg'
[2.253s] Level 1:colcon.colcon_core.package_identification:_identify(motores/Taller2_real) by extensions ['colcon_meta']
[2.253s] Level 1:colcon.colcon_core.package_identification:_identify(motores/Taller2_real) by extension 'colcon_meta'
[2.253s] Level 1:colcon.colcon_core.package_identification:_identify(motores/Taller2_real) by extensions ['ros']
[2.253s] Level 1:colcon.colcon_core.package_identification:_identify(motores/Taller2_real) by extension 'ros'
[2.254s] Level 1:colcon.colcon_core.package_identification:_identify(motores/Taller2_real) by extensions ['cmake', 'python']
[2.254s] Level 1:colcon.colcon_core.package_identification:_identify(motores/Taller2_real) by extension 'cmake'
[2.254s] Level 1:colcon.colcon_core.package_identification:_identify(motores/Taller2_real) by extension 'python'
[2.254s] Level 1:colcon.colcon_core.package_identification:_identify(motores/Taller2_real) by extensions ['python_setup_py']
[2.254s] Level 1:colcon.colcon_core.package_identification:_identify(motores/Taller2_real) by extension 'python_setup_py'
[2.255s] Level 1:colcon.colcon_core.package_identification:_identify(src) by extensions ['ignore', 'ignore_ament_install']
[2.255s] Level 1:colcon.colcon_core.package_identification:_identify(src) by extension 'ignore'
[2.255s] Level 1:colcon.colcon_core.package_identification:_identify(src) by extension 'ignore_ament_install'
[2.256s] Level 1:colcon.colcon_core.package_identification:_identify(src) by extensions ['colcon_pkg']
[2.256s] Level 1:colcon.colcon_core.package_identification:_identify(src) by extension 'colcon_pkg'
[2.256s] Level 1:colcon.colcon_core.package_identification:_identify(src) by extensions ['colcon_meta']
[2.256s] Level 1:colcon.colcon_core.package_identification:_identify(src) by extension 'colcon_meta'
[2.256s] Level 1:colcon.colcon_core.package_identification:_identify(src) by extensions ['ros']
[2.256s] Level 1:colcon.colcon_core.package_identification:_identify(src) by extension 'ros'
[2.257s] Level 1:colcon.colcon_core.package_identification:_identify(src) by extensions ['cmake', 'python']
[2.257s] Level 1:colcon.colcon_core.package_identification:_identify(src) by extension 'cmake'
[2.257s] Level 1:colcon.colcon_core.package_identification:_identify(src) by extension 'python'
[2.257s] Level 1:colcon.colcon_core.package_identification:_identify(src) by extensions ['python_setup_py']
[2.258s] Level 1:colcon.colcon_core.package_identification:_identify(src) by extension 'python_setup_py'
[2.258s] Level 1:colcon.colcon_core.package_identification:_identify(src/mi_robot_3) by extensions ['ignore', 'ignore_ament_install']
[2.258s] Level 1:colcon.colcon_core.package_identification:_identify(src/mi_robot_3) by extension 'ignore'
[2.259s] Level 1:colcon.colcon_core.package_identification:_identify(src/mi_robot_3) by extension 'ignore_ament_install'
[2.259s] Level 1:colcon.colcon_core.package_identification:_identify(src/mi_robot_3) by extensions ['colcon_pkg']
[2.259s] Level 1:colcon.colcon_core.package_identification:_identify(src/mi_robot_3) by extension 'colcon_pkg'
[2.259s] Level 1:colcon.colcon_core.package_identification:_identify(src/mi_robot_3) by extensions ['colcon_meta']
[2.259s] Level 1:colcon.colcon_core.package_identification:_identify(src/mi_robot_3) by extension 'colcon_meta'
[2.260s] Level 1:colcon.colcon_core.package_identification:_identify(src/mi_robot_3) by extensions ['ros']
[2.260s] Level 1:colcon.colcon_core.package_identification:_identify(src/mi_robot_3) by extension 'ros'
[2.277s] DEBUG:colcon.colcon_core.package_identification:Package 'src/mi_robot_3' with type 'ros.ament_python' and name 'mi_robot_3'
[2.278s] Level 1:colcon.colcon_core.package_identification:_identify(src/mi_robot_servicio) by extensions ['ignore', 'ignore_ament_install']
[2.279s] Level 1:colcon.colcon_core.package_identification:_identify(src/mi_robot_servicio) by extension 'ignore'
[2.279s] Level 1:colcon.colcon_core.package_identification:_identify(src/mi_robot_servicio) by extension 'ignore_ament_install'
[2.279s] Level 1:colcon.colcon_core.package_identification:_identify(src/mi_robot_servicio) by extensions ['colcon_pkg']
[2.279s] Level 1:colcon.colcon_core.package_identification:_identify(src/mi_robot_servicio) by extension 'colcon_pkg'
[2.280s] Level 1:colcon.colcon_core.package_identification:_identify(src/mi_robot_servicio) by extensions ['colcon_meta']
[2.280s] Level 1:colcon.colcon_core.package_identification:_identify(src/mi_robot_servicio) by extension 'colcon_meta'
[2.280s] Level 1:colcon.colcon_core.package_identification:_identify(src/mi_robot_servicio) by extensions ['ros']
[2.280s] Level 1:colcon.colcon_core.package_identification:_identify(src/mi_robot_servicio) by extension 'ros'
[2.286s] DEBUG:colcon.colcon_core.package_identification:Package 'src/mi_robot_servicio' with type 'ros.ament_cmake' and name 'mi_robot_servicio'
[2.286s] Level 1:colcon.colcon_core.package_discovery:discover_packages(recursive) using defaults
[2.287s] Level 1:colcon.colcon_core.package_discovery:discover_packages(ignore) discover
[2.287s] Level 1:colcon.colcon_core.package_discovery:discover_packages(ignore) using defaults
[2.287s] Level 1:colcon.colcon_core.package_discovery:discover_packages(path) discover
[2.287s] Level 1:colcon.colcon_core.package_discovery:discover_packages(path) using defaults
[2.454s] Level 1:colcon.colcon_core.package_discovery:discover_packages(prefix_path) check parameters
[2.454s] Level 1:colcon.colcon_core.package_discovery:discover_packages(prefix_path) discover
[2.479s] DEBUG:colcon.colcon_installed_package_information.package_discovery:Found 2 installed packages in /home/robotica/ros2taller2/install
[2.491s] DEBUG:colcon.colcon_installed_package_information.package_discovery:Found 182 installed packages in /opt/ros/humble
[2.497s] Level 1:colcon.colcon_core.package_discovery:discover_packages(prefix_path) using defaults
[2.831s] Level 5:colcon.colcon_core.verb:set package 'mi_robot_3' build argument 'cmake_args' from command line to 'None'
[2.832s] Level 5:colcon.colcon_core.verb:set package 'mi_robot_3' build argument 'cmake_target' from command line to 'None'
[2.832s] Level 5:colcon.colcon_core.verb:set package 'mi_robot_3' build argument 'cmake_target_skip_unavailable' from command line to 'False'
[2.832s] Level 5:colcon.colcon_core.verb:set package 'mi_robot_3' build argument 'cmake_clean_cache' from command line to 'False'
[2.832s] Level 5:colcon.colcon_core.verb:set package 'mi_robot_3' build argument 'cmake_clean_first' from command line to 'False'
[2.832s] Level 5:colcon.colcon_core.verb:set package 'mi_robot_3' build argument 'cmake_force_configure' from command line to 'False'
[2.832s] Level 5:colcon.colcon_core.verb:set package 'mi_robot_3' build argument 'ament_cmake_args' from command line to 'None'
[2.832s] Level 5:colcon.colcon_core.verb:set package 'mi_robot_3' build argument 'catkin_cmake_args' from command line to 'None'
[2.833s] Level 5:colcon.colcon_core.verb:set package 'mi_robot_3' build argument 'catkin_skip_building_tests' from command line to 'False'
[2.833s] DEBUG:colcon.colcon_core.verb:Building package 'mi_robot_3' with the following arguments: {'ament_cmake_args': None, 'build_base': '/home/robotica/ros2taller2/build/mi_robot_3', 'catkin_cmake_args': None, 'catkin_skip_building_tests': False, 'cmake_args': None, 'cmake_clean_cache': False, 'cmake_clean_first': False, 'cmake_force_configure': False, 'cmake_target': None, 'cmake_target_skip_unavailable': False, 'install_base': '/home/robotica/ros2taller2/install/mi_robot_3', 'merge_install': False, 'path': '/home/robotica/ros2taller2/src/mi_robot_3', 'symlink_install': False, 'test_result_base': None}
[2.837s] Level 5:colcon.colcon_core.verb:set package 'mi_robot_servicio' build argument 'cmake_args' from command line to 'None'
[2.837s] Level 5:colcon.colcon_core.verb:set package 'mi_robot_servicio' build argument 'cmake_target' from command line to 'None'
[2.838s] Level 5:colcon.colcon_core.verb:set package 'mi_robot_servicio' build argument 'cmake_target_skip_unavailable' from command line to 'False'
[2.838s] Level 5:colcon.colcon_core.verb:set package 'mi_robot_servicio' build argument 'cmake_clean_cache' from command line to 'False'
[2.838s] Level 5:colcon.colcon_core.verb:set package 'mi_robot_servicio' build argument 'cmake_clean_first' from command line to 'False'
[2.838s] Level 5:colcon.colcon_core.verb:set package 'mi_robot_servicio' build argument 'cmake_force_configure' from command line to 'False'
[2.838s] Level 5:colcon.colcon_core.verb:set package 'mi_robot_servicio' build argument 'ament_cmake_args' from command line to 'None'
[2.838s] Level 5:colcon.colcon_core.verb:set package 'mi_robot_servicio' build argument 'catkin_cmake_args' from command line to 'None'
[2.838s] Level 5:colcon.colcon_core.verb:set package 'mi_robot_servicio' build argument 'catkin_skip_building_tests' from command line to 'False'
[2.838s] DEBUG:colcon.colcon_core.verb:Building package 'mi_robot_servicio' with the following arguments: {'ament_cmake_args': None, 'build_base': '/home/robotica/ros2taller2/build/mi_robot_servicio', 'catkin_cmake_args': None, 'catkin_skip_building_tests': False, 'cmake_args': None, 'cmake_clean_cache': False, 'cmake_clean_first': False, 'cmake_force_configure': False, 'cmake_target': None, 'cmake_target_skip_unavailable': False, 'install_base': '/home/robotica/ros2taller2/install/mi_robot_servicio', 'merge_install': False, 'path': '/home/robotica/ros2taller2/src/mi_robot_servicio', 'symlink_install': False, 'test_result_base': None}
[2.841s] INFO:colcon.colcon_core.executor:Executing jobs using 'parallel' executor
[2.855s] DEBUG:colcon.colcon_parallel_executor.executor.parallel:run_until_complete
[2.857s] INFO:colcon.colcon_ros.task.ament_python.build:Building ROS package in '/home/robotica/ros2taller2/src/mi_robot_3' with build type 'ament_python'
[2.857s] Level 1:colcon.colcon_core.shell:create_environment_hook('mi_robot_3', 'ament_prefix_path')
[2.900s] INFO:colcon.colcon_core.plugin_system:Skipping extension 'colcon_core.shell.bat': Not used on non-Windows systems
[2.901s] INFO:colcon.colcon_core.shell:Creating environment hook '/home/robotica/ros2taller2/install/mi_robot_3/share/mi_robot_3/hook/ament_prefix_path.ps1'
[2.905s] INFO:colcon.colcon_core.shell:Creating environment descriptor '/home/robotica/ros2taller2/install/mi_robot_3/share/mi_robot_3/hook/ament_prefix_path.dsv'
[2.910s] INFO:colcon.colcon_core.shell:Creating environment hook '/home/robotica/ros2taller2/install/mi_robot_3/share/mi_robot_3/hook/ament_prefix_path.sh'
[2.923s] INFO:colcon.colcon_core.shell:Skip shell extension 'powershell' for command environment: Not usable outside of PowerShell
[2.924s] DEBUG:colcon.colcon_core.shell:Skip shell extension 'dsv' for command environment
[2.958s] INFO:colcon.colcon_ros.task.ament_cmake.build:Building ROS package in '/home/robotica/ros2taller2/src/mi_robot_servicio' with build type 'ament_cmake'
[2.960s] INFO:colcon.colcon_cmake.task.cmake.build:Building CMake package in '/home/robotica/ros2taller2/src/mi_robot_servicio'
[2.970s] INFO:colcon.colcon_core.shell:Skip shell extension 'powershell' for command environment: Not usable outside of PowerShell
[2.971s] DEBUG:colcon.colcon_core.shell:Skip shell extension 'dsv' for command environment
[4.409s] INFO:colcon.colcon_core.task.python.build:Building Python package in '/home/robotica/ros2taller2/src/mi_robot_3'
[4.416s] INFO:colcon.colcon_core.shell:Skip shell extension 'powershell' for command environment: Not usable outside of PowerShell
[4.417s] DEBUG:colcon.colcon_core.shell:Skip shell extension 'dsv' for command environment
[4.468s] DEBUG:colcon.colcon_core.event_handler.log_command:Invoking command in '/home/robotica/ros2taller2/build/mi_robot_servicio': CMAKE_PREFIX_PATH=${CMAKE_PREFIX_PATH}:/home/robotica/ros2taller2/install/mi_robot_3:/opt/ros/humble /usr/bin/cmake --build /home/robotica/ros2taller2/build/mi_robot_servicio -- -j4 -l4
[7.099s] DEBUG:colcon.colcon_core.event_handler.log_command:Invoking command in '/home/robotica/ros2taller2/src/mi_robot_3': PYTHONPATH=/home/robotica/ros2taller2/build/mi_robot_3/prefix_override:/home/robotica/ros2taller2/install/mi_robot_3/lib/python3.10/site-packages:${PYTHONPATH} /usr/bin/python3 setup.py egg_info --egg-base ../../build/mi_robot_3 build --build-base /home/robotica/ros2taller2/build/mi_robot_3/build install --record /home/robotica/ros2taller2/build/mi_robot_3/install.log --single-version-externally-managed
[7.125s] DEBUG:colcon.colcon_core.event_handler.log_command:Invoked command in '/home/robotica/ros2taller2/build/mi_robot_servicio' returned '0': CMAKE_PREFIX_PATH=${CMAKE_PREFIX_PATH}:/home/robotica/ros2taller2/install/mi_robot_3:/opt/ros/humble /usr/bin/cmake --build /home/robotica/ros2taller2/build/mi_robot_servicio -- -j4 -l4
[7.663s] DEBUG:colcon.colcon_core.event_handler.log_command:Invoking command in '/home/robotica/ros2taller2/build/mi_robot_servicio': CMAKE_PREFIX_PATH=${CMAKE_PREFIX_PATH}:/home/robotica/ros2taller2/install/mi_robot_3:/opt/ros/humble /usr/bin/cmake --install /home/robotica/ros2taller2/build/mi_robot_servicio
[8.112s] Level 1:colcon.colcon_core.environment:create_environment_scripts_only(mi_robot_servicio)
[8.116s] DEBUG:colcon.colcon_core.event_handler.log_command:Invoked command in '/home/robotica/ros2taller2/build/mi_robot_servicio' returned '0': CMAKE_PREFIX_PATH=${CMAKE_PREFIX_PATH}:/home/robotica/ros2taller2/install/mi_robot_3:/opt/ros/humble /usr/bin/cmake --install /home/robotica/ros2taller2/build/mi_robot_servicio
[8.157s] Level 1:colcon.colcon_core.environment:checking '/home/robotica/ros2taller2/install/mi_robot_servicio' for CMake module files
[8.164s] Level 1:colcon.colcon_core.environment:checking '/home/robotica/ros2taller2/install/mi_robot_servicio' for CMake config files
[8.167s] Level 1:colcon.colcon_core.shell:create_environment_hook('mi_robot_servicio', 'cmake_prefix_path')
[8.173s] INFO:colcon.colcon_core.shell:Creating environment hook '/home/robotica/ros2taller2/install/mi_robot_servicio/share/mi_robot_servicio/hook/cmake_prefix_path.ps1'
[8.175s] INFO:colcon.colcon_core.shell:Creating environment descriptor '/home/robotica/ros2taller2/install/mi_robot_servicio/share/mi_robot_servicio/hook/cmake_prefix_path.dsv'
[8.177s] INFO:colcon.colcon_core.shell:Creating environment hook '/home/robotica/ros2taller2/install/mi_robot_servicio/share/mi_robot_servicio/hook/cmake_prefix_path.sh'
[8.181s] Level 1:colcon.colcon_core.environment:checking '/home/robotica/ros2taller2/install/mi_robot_servicio/lib'
[8.182s] Level 1:colcon.colcon_core.shell:create_environment_hook('mi_robot_servicio', 'ld_library_path_lib')
[8.188s] INFO:colcon.colcon_core.shell:Creating environment hook '/home/robotica/ros2taller2/install/mi_robot_servicio/share/mi_robot_servicio/hook/ld_library_path_lib.ps1'
[8.191s] INFO:colcon.colcon_core.shell:Creating environment descriptor '/home/robotica/ros2taller2/install/mi_robot_servicio/share/mi_robot_servicio/hook/ld_library_path_lib.dsv'
[8.193s] INFO:colcon.colcon_core.shell:Creating environment hook '/home/robotica/ros2taller2/install/mi_robot_servicio/share/mi_robot_servicio/hook/ld_library_path_lib.sh'
[8.196s] Level 1:colcon.colcon_core.environment:checking '/home/robotica/ros2taller2/install/mi_robot_servicio/bin'
[8.196s] Level 1:colcon.colcon_core.environment:checking '/home/robotica/ros2taller2/install/mi_robot_servicio/lib/pkgconfig/mi_robot_servicio.pc'
[8.197s] Level 1:colcon.colcon_core.environment:checking '/home/robotica/ros2taller2/install/mi_robot_servicio/lib/python3.10/site-packages'
[8.199s] Level 1:colcon.colcon_core.environment:checking '/home/robotica/ros2taller2/install/mi_robot_servicio/bin'
[8.205s] INFO:colcon.colcon_core.shell:Creating package script '/home/robotica/ros2taller2/install/mi_robot_servicio/share/mi_robot_servicio/package.ps1'
[8.210s] INFO:colcon.colcon_core.shell:Creating package descriptor '/home/robotica/ros2taller2/install/mi_robot_servicio/share/mi_robot_servicio/package.dsv'
[8.213s] INFO:colcon.colcon_core.shell:Creating package script '/home/robotica/ros2taller2/install/mi_robot_servicio/share/mi_robot_servicio/package.sh'
[8.217s] INFO:colcon.colcon_core.shell:Creating package script '/home/robotica/ros2taller2/install/mi_robot_servicio/share/mi_robot_servicio/package.bash'
[8.221s] INFO:colcon.colcon_core.shell:Creating package script '/home/robotica/ros2taller2/install/mi_robot_servicio/share/mi_robot_servicio/package.zsh'
[8.225s] Level 1:colcon.colcon_core.environment:create_file_with_runtime_dependencies(/home/robotica/ros2taller2/install/mi_robot_servicio/share/colcon-core/packages/mi_robot_servicio)
[8.681s] Level 1:colcon.colcon_core.environment:create_environment_scripts_only(mi_robot_servicio)
[8.691s] Level 1:colcon.colcon_core.environment:checking '/home/robotica/ros2taller2/install/mi_robot_servicio' for CMake module files
[8.698s] Level 1:colcon.colcon_core.environment:checking '/home/robotica/ros2taller2/install/mi_robot_servicio' for CMake config files
[8.702s] Level 1:colcon.colcon_core.shell:create_environment_hook('mi_robot_servicio', 'cmake_prefix_path')
[8.709s] INFO:colcon.colcon_core.shell:Creating environment hook '/home/robotica/ros2taller2/install/mi_robot_servicio/share/mi_robot_servicio/hook/cmake_prefix_path.ps1'
[8.712s] INFO:colcon.colcon_core.shell:Creating environment descriptor '/home/robotica/ros2taller2/install/mi_robot_servicio/share/mi_robot_servicio/hook/cmake_prefix_path.dsv'
[8.715s] INFO:colcon.colcon_core.shell:Creating environment hook '/home/robotica/ros2taller2/install/mi_robot_servicio/share/mi_robot_servicio/hook/cmake_prefix_path.sh'
[8.719s] Level 1:colcon.colcon_core.environment:checking '/home/robotica/ros2taller2/install/mi_robot_servicio/lib'
[8.720s] Level 1:colcon.colcon_core.shell:create_environment_hook('mi_robot_servicio', 'ld_library_path_lib')
[8.726s] INFO:colcon.colcon_core.shell:Creating environment hook '/home/robotica/ros2taller2/install/mi_robot_servicio/share/mi_robot_servicio/hook/ld_library_path_lib.ps1'
[8.728s] INFO:colcon.colcon_core.shell:Creating environment descriptor '/home/robotica/ros2taller2/install/mi_robot_servicio/share/mi_robot_servicio/hook/ld_library_path_lib.dsv'
[8.735s] INFO:colcon.colcon_core.shell:Creating environment hook '/home/robotica/ros2taller2/install/mi_robot_servicio/share/mi_robot_servicio/hook/ld_library_path_lib.sh'
[8.741s] Level 1:colcon.colcon_core.environment:checking '/home/robotica/ros2taller2/install/mi_robot_servicio/bin'
[8.743s] Level 1:colcon.colcon_core.environment:checking '/home/robotica/ros2taller2/install/mi_robot_servicio/lib/pkgconfig/mi_robot_servicio.pc'
[8.748s] Level 1:colcon.colcon_core.environment:checking '/home/robotica/ros2taller2/install/mi_robot_servicio/lib/python3.10/site-packages'
[8.753s] Level 1:colcon.colcon_core.environment:checking '/home/robotica/ros2taller2/install/mi_robot_servicio/bin'
[8.767s] INFO:colcon.colcon_core.shell:Creating package script '/home/robotica/ros2taller2/install/mi_robot_servicio/share/mi_robot_servicio/package.ps1'
[8.772s] INFO:colcon.colcon_core.shell:Creating package descriptor '/home/robotica/ros2taller2/install/mi_robot_servicio/share/mi_robot_servicio/package.dsv'
[8.776s] INFO:colcon.colcon_core.shell:Creating package script '/home/robotica/ros2taller2/install/mi_robot_servicio/share/mi_robot_servicio/package.sh'
[8.782s] INFO:colcon.colcon_core.shell:Creating package script '/home/robotica/ros2taller2/install/mi_robot_servicio/share/mi_robot_servicio/package.bash'
[8.786s] INFO:colcon.colcon_core.shell:Creating package script '/home/robotica/ros2taller2/install/mi_robot_servicio/share/mi_robot_servicio/package.zsh'
[8.791s] Level 1:colcon.colcon_core.environment:create_file_with_runtime_dependencies(/home/robotica/ros2taller2/install/mi_robot_servicio/share/colcon-core/packages/mi_robot_servicio)
[8.922s] Level 1:colcon.colcon_core.environment:checking '/home/robotica/ros2taller2/install/mi_robot_3' for CMake module files
[8.924s] DEBUG:colcon.colcon_core.event_handler.log_command:Invoked command in '/home/robotica/ros2taller2/src/mi_robot_3' returned '0': PYTHONPATH=/home/robotica/ros2taller2/build/mi_robot_3/prefix_override:/home/robotica/ros2taller2/install/mi_robot_3/lib/python3.10/site-packages:${PYTHONPATH} /usr/bin/python3 setup.py egg_info --egg-base ../../build/mi_robot_3 build --build-base /home/robotica/ros2taller2/build/mi_robot_3/build install --record /home/robotica/ros2taller2/build/mi_robot_3/install.log --single-version-externally-managed
[8.926s] Level 1:colcon.colcon_core.environment:checking '/home/robotica/ros2taller2/install/mi_robot_3' for CMake config files
[8.934s] Level 1:colcon.colcon_core.environment:checking '/home/robotica/ros2taller2/install/mi_robot_3/lib'
[8.934s] Level 1:colcon.colcon_core.environment:checking '/home/robotica/ros2taller2/install/mi_robot_3/bin'
[8.935s] Level 1:colcon.colcon_core.environment:checking '/home/robotica/ros2taller2/install/mi_robot_3/lib/pkgconfig/mi_robot_3.pc'
[8.937s] Level 1:colcon.colcon_core.environment:checking '/home/robotica/ros2taller2/install/mi_robot_3/lib/python3.10/site-packages'
[8.937s] Level 1:colcon.colcon_core.shell:create_environment_hook('mi_robot_3', 'pythonpath')
[8.945s] INFO:colcon.colcon_core.shell:Creating environment hook '/home/robotica/ros2taller2/install/mi_robot_3/share/mi_robot_3/hook/pythonpath.ps1'
[8.949s] INFO:colcon.colcon_core.shell:Creating environment descriptor '/home/robotica/ros2taller2/install/mi_robot_3/share/mi_robot_3/hook/pythonpath.dsv'
[8.952s] INFO:colcon.colcon_core.shell:Creating environment hook '/home/robotica/ros2taller2/install/mi_robot_3/share/mi_robot_3/hook/pythonpath.sh'
[8.956s] Level 1:colcon.colcon_core.environment:checking '/home/robotica/ros2taller2/install/mi_robot_3/bin'
[8.956s] Level 1:colcon.colcon_core.environment:create_environment_scripts_only(mi_robot_3)
[8.963s] INFO:colcon.colcon_core.shell:Creating package script '/home/robotica/ros2taller2/install/mi_robot_3/share/mi_robot_3/package.ps1'
[8.966s] INFO:colcon.colcon_core.shell:Creating package descriptor '/home/robotica/ros2taller2/install/mi_robot_3/share/mi_robot_3/package.dsv'
[8.968s] INFO:colcon.colcon_core.shell:Creating package script '/home/robotica/ros2taller2/install/mi_robot_3/share/mi_robot_3/package.sh'
[8.970s] INFO:colcon.colcon_core.shell:Creating package script '/home/robotica/ros2taller2/install/mi_robot_3/share/mi_robot_3/package.bash'
[8.972s] INFO:colcon.colcon_core.shell:Creating package script '/home/robotica/ros2taller2/install/mi_robot_3/share/mi_robot_3/package.zsh'
[8.974s] Level 1:colcon.colcon_core.environment:create_file_with_runtime_dependencies(/home/robotica/ros2taller2/install/mi_robot_3/share/colcon-core/packages/mi_robot_3)
[8.975s] DEBUG:colcon.colcon_parallel_executor.executor.parallel:closing loop
[8.977s] DEBUG:colcon.colcon_parallel_executor.executor.parallel:loop closed
[8.977s] DEBUG:colcon.colcon_parallel_executor.executor.parallel:run_until_complete finished with '0'
[8.978s] DEBUG:colcon.colcon_core.event_reactor:joining thread
[9.059s] INFO:colcon.colcon_core.plugin_system:Skipping extension 'colcon_notification.desktop_notification.terminal_notifier': Not used on non-Darwin systems
[9.059s] INFO:colcon.colcon_core.plugin_system:Skipping extension 'colcon_notification.desktop_notification.win32': Not used on non-Windows systems
[9.060s] INFO:colcon.colcon_notification.desktop_notification:Sending desktop notification using 'notify2'
[9.150s] DEBUG:colcon.colcon_core.event_reactor:joined thread
[9.156s] INFO:colcon.colcon_core.shell:Creating prefix script '/home/robotica/ros2taller2/install/local_setup.ps1'
[9.166s] INFO:colcon.colcon_core.shell:Creating prefix util module '/home/robotica/ros2taller2/install/_local_setup_util_ps1.py'
[9.177s] INFO:colcon.colcon_core.shell:Creating prefix chain script '/home/robotica/ros2taller2/install/setup.ps1'
[9.187s] INFO:colcon.colcon_core.shell:Creating prefix script '/home/robotica/ros2taller2/install/local_setup.sh'
[9.192s] INFO:colcon.colcon_core.shell:Creating prefix util module '/home/robotica/ros2taller2/install/_local_setup_util_sh.py'
[9.197s] INFO:colcon.colcon_core.shell:Creating prefix chain script '/home/robotica/ros2taller2/install/setup.sh'
[9.210s] INFO:colcon.colcon_core.shell:Creating prefix script '/home/robotica/ros2taller2/install/local_setup.bash'
[9.214s] INFO:colcon.colcon_core.shell:Creating prefix chain script '/home/robotica/ros2taller2/install/setup.bash'
[9.224s] INFO:colcon.colcon_core.shell:Creating prefix script '/home/robotica/ros2taller2/install/local_setup.zsh'
[9.230s] INFO:colcon.colcon_core.shell:Creating prefix chain script '/home/robotica/ros2taller2/install/setup.zsh'
