[1.617s] Invoking command in '/home/robotica/ros2taller2/build/mi_robot_servicio': CMAKE_PREFIX_PATH=${CMAKE_PREFIX_PATH}:/home/robotica/ros2taller2/install/mi_robot_3:/opt/ros/humble /usr/bin/cmake --build /home/robotica/ros2taller2/build/mi_robot_servicio -- -j4 -l4
[2.846s] [  3%] Built target mi_robot_servicio__cpp
[2.919s] [ 12%] Built target mi_robot_servicio__rosidl_generator_c
[2.956s] [ 12%] Built target ament_cmake_python_copy_mi_robot_servicio
[3.142s] [ 22%] Built target mi_robot_servicio__rosidl_typesupport_introspection_cpp
[3.157s] [ 32%] Built target mi_robot_servicio__rosidl_typesupport_fastrtps_cpp
[3.166s] [ 41%] Built target mi_robot_servicio__rosidl_typesupport_cpp
[3.213s] [ 51%] Built target mi_robot_servicio__rosidl_typesupport_fastrtps_c
[3.409s] [ 61%] Built target mi_robot_servicio__rosidl_typesupport_introspection_c
[3.426s] [ 70%] Built target mi_robot_servicio__rosidl_typesupport_c
[3.599s] [ 70%] Built target mi_robot_servicio
[3.776s] [ 74%] Built target mi_robot_servicio__py
[4.082s] [ 80%] Built target mi_robot_servicio__rosidl_generator_py
[4.447s] [ 87%] Built target mi_robot_servicio__rosidl_typesupport_introspection_c__pyext
[4.453s] [ 93%] Built target mi_robot_servicio__rosidl_typesupport_fastrtps_c__pyext
[4.490s] [100%] Built target mi_robot_servicio__rosidl_typesupport_c__pyext
[5.713s] running egg_info
[5.725s] writing mi_robot_servicio.egg-info/PKG-INFO
[5.728s] writing dependency_links to mi_robot_servicio.egg-info/dependency_links.txt
[5.732s] writing top-level names to mi_robot_servicio.egg-info/top_level.txt
[5.755s] reading manifest file 'mi_robot_servicio.egg-info/SOURCES.txt'
[5.764s] writing manifest file 'mi_robot_servicio.egg-info/SOURCES.txt'
[6.066s] [100%] Built target ament_cmake_python_build_mi_robot_servicio_egg
[6.141s] Invoked command in '/home/robotica/ros2taller2/build/mi_robot_servicio' returned '0': CMAKE_PREFIX_PATH=${CMAKE_PREFIX_PATH}:/home/robotica/ros2taller2/install/mi_robot_3:/opt/ros/humble /usr/bin/cmake --build /home/robotica/ros2taller2/build/mi_robot_servicio -- -j4 -l4
[6.641s] Invoking command in '/home/robotica/ros2taller2/build/mi_robot_servicio': CMAKE_PREFIX_PATH=${CMAKE_PREFIX_PATH}:/home/robotica/ros2taller2/install/mi_robot_3:/opt/ros/humble /usr/bin/cmake --install /home/robotica/ros2taller2/build/mi_robot_servicio
[6.714s] -- Install configuration: ""
[6.715s] -- Up-to-date: /home/robotica/ros2taller2/install/mi_robot_servicio/share/ament_index/resource_index/rosidl_interfaces/mi_robot_servicio
[6.717s] -- Up-to-date: /home/robotica/ros2taller2/install/mi_robot_servicio/include/mi_robot_servicio/mi_robot_servicio
[6.719s] -- Up-to-date: /home/robotica/ros2taller2/install/mi_robot_servicio/include/mi_robot_servicio/mi_robot_servicio/srv
[6.721s] -- Up-to-date: /home/robotica/ros2taller2/install/mi_robot_servicio/include/mi_robot_servicio/mi_robot_servicio/srv/player.h
[6.722s] -- Up-to-date: /home/robotica/ros2taller2/install/mi_robot_servicio/include/mi_robot_servicio/mi_robot_servicio/srv/detail
[6.725s] -- Up-to-date: /home/robotica/ros2taller2/install/mi_robot_servicio/include/mi_robot_servicio/mi_robot_servicio/srv/detail/player__type_support.h
[6.726s] -- Up-to-date: /home/robotica/ros2taller2/install/mi_robot_servicio/include/mi_robot_servicio/mi_robot_servicio/srv/detail/player__functions.h
[6.726s] -- Up-to-date: /home/robotica/ros2taller2/install/mi_robot_servicio/include/mi_robot_servicio/mi_robot_servicio/srv/detail/player__functions.c
[6.727s] -- Up-to-date: /home/robotica/ros2taller2/install/mi_robot_servicio/include/mi_robot_servicio/mi_robot_servicio/srv/detail/player__struct.h
[6.727s] -- Up-to-date: /home/robotica/ros2taller2/install/mi_robot_servicio/include/mi_robot_servicio/mi_robot_servicio/msg
[6.728s] -- Up-to-date: /home/robotica/ros2taller2/install/mi_robot_servicio/include/mi_robot_servicio/mi_robot_servicio/msg/rosidl_generator_c__visibility_control.h
[6.729s] -- Up-to-date: /home/robotica/ros2taller2/install/mi_robot_servicio/share/mi_robot_servicio/environment/library_path.sh
[6.733s] -- Up-to-date: /home/robotica/ros2taller2/install/mi_robot_servicio/share/mi_robot_servicio/environment/library_path.dsv
[6.736s] -- Up-to-date: /home/robotica/ros2taller2/install/mi_robot_servicio/lib/libmi_robot_servicio__rosidl_generator_c.so
[6.740s] -- Up-to-date: /home/robotica/ros2taller2/install/mi_robot_servicio/include/mi_robot_servicio/mi_robot_servicio
[6.740s] -- Up-to-date: /home/robotica/ros2taller2/install/mi_robot_servicio/include/mi_robot_servicio/mi_robot_servicio/srv
[6.741s] -- Up-to-date: /home/robotica/ros2taller2/install/mi_robot_servicio/include/mi_robot_servicio/mi_robot_servicio/srv/detail
[6.742s] -- Up-to-date: /home/robotica/ros2taller2/install/mi_robot_servicio/include/mi_robot_servicio/mi_robot_servicio/srv/detail/player__rosidl_typesupport_fastrtps_c.h
[6.742s] -- Up-to-date: /home/robotica/ros2taller2/install/mi_robot_servicio/include/mi_robot_servicio/mi_robot_servicio/msg
[6.743s] -- Up-to-date: /home/robotica/ros2taller2/install/mi_robot_servicio/include/mi_robot_servicio/mi_robot_servicio/msg/rosidl_typesupport_fastrtps_c__visibility_control.h
[6.746s] -- Up-to-date: /home/robotica/ros2taller2/install/mi_robot_servicio/lib/libmi_robot_servicio__rosidl_typesupport_fastrtps_c.so
[6.751s] -- Up-to-date: /home/robotica/ros2taller2/install/mi_robot_servicio/include/mi_robot_servicio/mi_robot_servicio
[6.752s] -- Up-to-date: /home/robotica/ros2taller2/install/mi_robot_servicio/include/mi_robot_servicio/mi_robot_servicio/srv
[6.755s] -- Up-to-date: /home/robotica/ros2taller2/install/mi_robot_servicio/include/mi_robot_servicio/mi_robot_servicio/srv/player.hpp
[6.758s] -- Up-to-date: /home/robotica/ros2taller2/install/mi_robot_servicio/include/mi_robot_servicio/mi_robot_servicio/srv/detail
[6.759s] -- Up-to-date: /home/robotica/ros2taller2/install/mi_robot_servicio/include/mi_robot_servicio/mi_robot_servicio/srv/detail/player__builder.hpp
[6.759s] -- Up-to-date: /home/robotica/ros2taller2/install/mi_robot_servicio/include/mi_robot_servicio/mi_robot_servicio/srv/detail/player__struct.hpp
[6.760s] -- Up-to-date: /home/robotica/ros2taller2/install/mi_robot_servicio/include/mi_robot_servicio/mi_robot_servicio/srv/detail/player__traits.hpp
[6.760s] -- Up-to-date: /home/robotica/ros2taller2/install/mi_robot_servicio/include/mi_robot_servicio/mi_robot_servicio
[6.760s] -- Up-to-date: /home/robotica/ros2taller2/install/mi_robot_servicio/include/mi_robot_servicio/mi_robot_servicio/srv
[6.761s] -- Up-to-date: /home/robotica/ros2taller2/install/mi_robot_servicio/include/mi_robot_servicio/mi_robot_servicio/srv/detail
[6.761s] -- Up-to-date: /home/robotica/ros2taller2/install/mi_robot_servicio/include/mi_robot_servicio/mi_robot_servicio/srv/detail/player__rosidl_typesupport_fastrtps_cpp.hpp
[6.762s] -- Up-to-date: /home/robotica/ros2taller2/install/mi_robot_servicio/include/mi_robot_servicio/mi_robot_servicio/srv/detail/dds_fastrtps
[6.763s] -- Up-to-date: /home/robotica/ros2taller2/install/mi_robot_servicio/include/mi_robot_servicio/mi_robot_servicio/msg
[6.773s] -- Up-to-date: /home/robotica/ros2taller2/install/mi_robot_servicio/include/mi_robot_servicio/mi_robot_servicio/msg/rosidl_typesupport_fastrtps_cpp__visibility_control.h
[6.775s] -- Up-to-date: /home/robotica/ros2taller2/install/mi_robot_servicio/lib/libmi_robot_servicio__rosidl_typesupport_fastrtps_cpp.so
[6.775s] -- Up-to-date: /home/robotica/ros2taller2/install/mi_robot_servicio/include/mi_robot_servicio/mi_robot_servicio
[6.776s] -- Up-to-date: /home/robotica/ros2taller2/install/mi_robot_servicio/include/mi_robot_servicio/mi_robot_servicio/srv
[6.776s] -- Up-to-date: /home/robotica/ros2taller2/install/mi_robot_servicio/include/mi_robot_servicio/mi_robot_servicio/srv/detail
[6.777s] -- Up-to-date: /home/robotica/ros2taller2/install/mi_robot_servicio/include/mi_robot_servicio/mi_robot_servicio/srv/detail/player__type_support.c
[6.777s] -- Up-to-date: /home/robotica/ros2taller2/install/mi_robot_servicio/include/mi_robot_servicio/mi_robot_servicio/srv/detail/player__rosidl_typesupport_introspection_c.h
[6.778s] -- Up-to-date: /home/robotica/ros2taller2/install/mi_robot_servicio/include/mi_robot_servicio/mi_robot_servicio/msg
[6.779s] -- Up-to-date: /home/robotica/ros2taller2/install/mi_robot_servicio/include/mi_robot_servicio/mi_robot_servicio/msg/rosidl_typesupport_introspection_c__visibility_control.h
[6.780s] -- Up-to-date: /home/robotica/ros2taller2/install/mi_robot_servicio/lib/libmi_robot_servicio__rosidl_typesupport_introspection_c.so
[6.783s] -- Up-to-date: /home/robotica/ros2taller2/install/mi_robot_servicio/lib/libmi_robot_servicio__rosidl_typesupport_c.so
[6.785s] -- Up-to-date: /home/robotica/ros2taller2/install/mi_robot_servicio/include/mi_robot_servicio/mi_robot_servicio
[6.787s] -- Up-to-date: /home/robotica/ros2taller2/install/mi_robot_servicio/include/mi_robot_servicio/mi_robot_servicio/srv
[6.788s] -- Up-to-date: /home/robotica/ros2taller2/install/mi_robot_servicio/include/mi_robot_servicio/mi_robot_servicio/srv/detail
[6.788s] -- Up-to-date: /home/robotica/ros2taller2/install/mi_robot_servicio/include/mi_robot_servicio/mi_robot_servicio/srv/detail/player__type_support.cpp
[6.789s] -- Up-to-date: /home/robotica/ros2taller2/install/mi_robot_servicio/include/mi_robot_servicio/mi_robot_servicio/srv/detail/player__rosidl_typesupport_introspection_cpp.hpp
[6.791s] -- Up-to-date: /home/robotica/ros2taller2/install/mi_robot_servicio/lib/libmi_robot_servicio__rosidl_typesupport_introspection_cpp.so
[6.795s] -- Up-to-date: /home/robotica/ros2taller2/install/mi_robot_servicio/lib/libmi_robot_servicio__rosidl_typesupport_cpp.so
[6.797s] -- Up-to-date: /home/robotica/ros2taller2/install/mi_robot_servicio/share/mi_robot_servicio/environment/pythonpath.sh
[6.798s] -- Up-to-date: /home/robotica/ros2taller2/install/mi_robot_servicio/share/mi_robot_servicio/environment/pythonpath.dsv
[6.798s] -- Up-to-date: /home/robotica/ros2taller2/install/mi_robot_servicio/local/lib/python3.10/dist-packages/mi_robot_servicio-0.0.0-py3.10.egg-info
[6.799s] -- Installing: /home/robotica/ros2taller2/install/mi_robot_servicio/local/lib/python3.10/dist-packages/mi_robot_servicio-0.0.0-py3.10.egg-info/PKG-INFO
[6.800s] -- Installing: /home/robotica/ros2taller2/install/mi_robot_servicio/local/lib/python3.10/dist-packages/mi_robot_servicio-0.0.0-py3.10.egg-info/top_level.txt
[6.803s] -- Installing: /home/robotica/ros2taller2/install/mi_robot_servicio/local/lib/python3.10/dist-packages/mi_robot_servicio-0.0.0-py3.10.egg-info/SOURCES.txt
[6.805s] -- Installing: /home/robotica/ros2taller2/install/mi_robot_servicio/local/lib/python3.10/dist-packages/mi_robot_servicio-0.0.0-py3.10.egg-info/dependency_links.txt
[6.807s] -- Up-to-date: /home/robotica/ros2taller2/install/mi_robot_servicio/local/lib/python3.10/dist-packages/mi_robot_servicio
[6.810s] -- Up-to-date: /home/robotica/ros2taller2/install/mi_robot_servicio/local/lib/python3.10/dist-packages/mi_robot_servicio/srv
[6.812s] -- Up-to-date: /home/robotica/ros2taller2/install/mi_robot_servicio/local/lib/python3.10/dist-packages/mi_robot_servicio/srv/__init__.py
[6.813s] -- Up-to-date: /home/robotica/ros2taller2/install/mi_robot_servicio/local/lib/python3.10/dist-packages/mi_robot_servicio/srv/_player.py
[6.814s] -- Up-to-date: /home/robotica/ros2taller2/install/mi_robot_servicio/local/lib/python3.10/dist-packages/mi_robot_servicio/srv/_player_s.c
[6.815s] -- Up-to-date: /home/robotica/ros2taller2/install/mi_robot_servicio/local/lib/python3.10/dist-packages/mi_robot_servicio/libmi_robot_servicio_srv__rosidl_generator_py.so
[6.816s] -- Up-to-date: /home/robotica/ros2taller2/install/mi_robot_servicio/local/lib/python3.10/dist-packages/mi_robot_servicio/__init__.py
[6.817s] -- Up-to-date: /home/robotica/ros2taller2/install/mi_robot_servicio/local/lib/python3.10/dist-packages/mi_robot_servicio/libmi_robot_servicio__rosidl_generator_py.so
[6.819s] -- Up-to-date: /home/robotica/ros2taller2/install/mi_robot_servicio/local/lib/python3.10/dist-packages/mi_robot_servicio/mi_robot_servicio_s__rosidl_typesupport_fastrtps_c.cpython-310-aarch64-linux-gnu.so
[6.820s] -- Up-to-date: /home/robotica/ros2taller2/install/mi_robot_servicio/local/lib/python3.10/dist-packages/mi_robot_servicio/mi_robot_servicio_s__rosidl_typesupport_c.cpython-310-aarch64-linux-gnu.so
[6.821s] -- Up-to-date: /home/robotica/ros2taller2/install/mi_robot_servicio/local/lib/python3.10/dist-packages/mi_robot_servicio/mi_robot_servicio_s__rosidl_typesupport_introspection_c.cpython-310-aarch64-linux-gnu.so
[6.821s] -- Up-to-date: /home/robotica/ros2taller2/install/mi_robot_servicio/local/lib/python3.10/dist-packages/mi_robot_servicio/_mi_robot_servicio_s.ep.rosidl_typesupport_introspection_c.c
[6.822s] -- Up-to-date: /home/robotica/ros2taller2/install/mi_robot_servicio/local/lib/python3.10/dist-packages/mi_robot_servicio/_mi_robot_servicio_s.ep.rosidl_typesupport_fastrtps_c.c
[6.823s] -- Up-to-date: /home/robotica/ros2taller2/install/mi_robot_servicio/local/lib/python3.10/dist-packages/mi_robot_servicio/_mi_robot_servicio_s.ep.rosidl_typesupport_c.c
[7.036s] Listing '/home/robotica/ros2taller2/install/mi_robot_servicio/local/lib/python3.10/dist-packages/mi_robot_servicio'...
[7.038s] Listing '/home/robotica/ros2taller2/install/mi_robot_servicio/local/lib/python3.10/dist-packages/mi_robot_servicio/srv'...
[7.082s] -- Up-to-date: /home/robotica/ros2taller2/install/mi_robot_servicio/local/lib/python3.10/dist-packages/mi_robot_servicio/mi_robot_servicio_s__rosidl_typesupport_fastrtps_c.cpython-310-aarch64-linux-gnu.so
[7.087s] -- Up-to-date: /home/robotica/ros2taller2/install/mi_robot_servicio/local/lib/python3.10/dist-packages/mi_robot_servicio/mi_robot_servicio_s__rosidl_typesupport_introspection_c.cpython-310-aarch64-linux-gnu.so
[7.091s] -- Up-to-date: /home/robotica/ros2taller2/install/mi_robot_servicio/local/lib/python3.10/dist-packages/mi_robot_servicio/mi_robot_servicio_s__rosidl_typesupport_c.cpython-310-aarch64-linux-gnu.so
[7.096s] -- Up-to-date: /home/robotica/ros2taller2/install/mi_robot_servicio/lib/libmi_robot_servicio__rosidl_generator_py.so
[7.099s] -- Up-to-date: /home/robotica/ros2taller2/install/mi_robot_servicio/share/mi_robot_servicio/srv/Player.idl
[7.100s] -- Up-to-date: /home/robotica/ros2taller2/install/mi_robot_servicio/share/mi_robot_servicio/srv/Player.srv
[7.101s] -- Up-to-date: /home/robotica/ros2taller2/install/mi_robot_servicio/share/mi_robot_servicio/srv/Player_Request.msg
[7.102s] -- Up-to-date: /home/robotica/ros2taller2/install/mi_robot_servicio/share/mi_robot_servicio/srv/Player_Response.msg
[7.103s] -- Up-to-date: /home/robotica/ros2taller2/install/mi_robot_servicio/share/ament_index/resource_index/package_run_dependencies/mi_robot_servicio
[7.105s] -- Up-to-date: /home/robotica/ros2taller2/install/mi_robot_servicio/share/ament_index/resource_index/parent_prefix_path/mi_robot_servicio
[7.106s] -- Up-to-date: /home/robotica/ros2taller2/install/mi_robot_servicio/share/mi_robot_servicio/environment/ament_prefix_path.sh
[7.107s] -- Up-to-date: /home/robotica/ros2taller2/install/mi_robot_servicio/share/mi_robot_servicio/environment/ament_prefix_path.dsv
[7.107s] -- Up-to-date: /home/robotica/ros2taller2/install/mi_robot_servicio/share/mi_robot_servicio/environment/path.sh
[7.108s] -- Up-to-date: /home/robotica/ros2taller2/install/mi_robot_servicio/share/mi_robot_servicio/environment/path.dsv
[7.108s] -- Up-to-date: /home/robotica/ros2taller2/install/mi_robot_servicio/share/mi_robot_servicio/local_setup.bash
[7.109s] -- Up-to-date: /home/robotica/ros2taller2/install/mi_robot_servicio/share/mi_robot_servicio/local_setup.sh
[7.110s] -- Up-to-date: /home/robotica/ros2taller2/install/mi_robot_servicio/share/mi_robot_servicio/local_setup.zsh
[7.111s] -- Up-to-date: /home/robotica/ros2taller2/install/mi_robot_servicio/share/mi_robot_servicio/local_setup.dsv
[7.112s] -- Installing: /home/robotica/ros2taller2/install/mi_robot_servicio/share/mi_robot_servicio/package.dsv
[7.119s] -- Up-to-date: /home/robotica/ros2taller2/install/mi_robot_servicio/share/ament_index/resource_index/packages/mi_robot_servicio
[7.125s] -- Up-to-date: /home/robotica/ros2taller2/install/mi_robot_servicio/share/mi_robot_servicio/cmake/export_mi_robot_servicio__rosidl_generator_cExport.cmake
[7.126s] -- Up-to-date: /home/robotica/ros2taller2/install/mi_robot_servicio/share/mi_robot_servicio/cmake/export_mi_robot_servicio__rosidl_generator_cExport-noconfig.cmake
[7.130s] -- Up-to-date: /home/robotica/ros2taller2/install/mi_robot_servicio/share/mi_robot_servicio/cmake/export_mi_robot_servicio__rosidl_typesupport_fastrtps_cExport.cmake
[7.131s] -- Up-to-date: /home/robotica/ros2taller2/install/mi_robot_servicio/share/mi_robot_servicio/cmake/export_mi_robot_servicio__rosidl_typesupport_fastrtps_cExport-noconfig.cmake
[7.135s] -- Up-to-date: /home/robotica/ros2taller2/install/mi_robot_servicio/share/mi_robot_servicio/cmake/export_mi_robot_servicio__rosidl_generator_cppExport.cmake
[7.138s] -- Up-to-date: /home/robotica/ros2taller2/install/mi_robot_servicio/share/mi_robot_servicio/cmake/export_mi_robot_servicio__rosidl_typesupport_fastrtps_cppExport.cmake
[7.139s] -- Up-to-date: /home/robotica/ros2taller2/install/mi_robot_servicio/share/mi_robot_servicio/cmake/export_mi_robot_servicio__rosidl_typesupport_fastrtps_cppExport-noconfig.cmake
[7.142s] -- Up-to-date: /home/robotica/ros2taller2/install/mi_robot_servicio/share/mi_robot_servicio/cmake/mi_robot_servicio__rosidl_typesupport_introspection_cExport.cmake
[7.143s] -- Up-to-date: /home/robotica/ros2taller2/install/mi_robot_servicio/share/mi_robot_servicio/cmake/mi_robot_servicio__rosidl_typesupport_introspection_cExport-noconfig.cmake
[7.146s] -- Up-to-date: /home/robotica/ros2taller2/install/mi_robot_servicio/share/mi_robot_servicio/cmake/mi_robot_servicio__rosidl_typesupport_cExport.cmake
[7.147s] -- Up-to-date: /home/robotica/ros2taller2/install/mi_robot_servicio/share/mi_robot_servicio/cmake/mi_robot_servicio__rosidl_typesupport_cExport-noconfig.cmake
[7.154s] -- Up-to-date: /home/robotica/ros2taller2/install/mi_robot_servicio/share/mi_robot_servicio/cmake/mi_robot_servicio__rosidl_typesupport_introspection_cppExport.cmake
[7.155s] -- Up-to-date: /home/robotica/ros2taller2/install/mi_robot_servicio/share/mi_robot_servicio/cmake/mi_robot_servicio__rosidl_typesupport_introspection_cppExport-noconfig.cmake
[7.155s] -- Up-to-date: /home/robotica/ros2taller2/install/mi_robot_servicio/share/mi_robot_servicio/cmake/mi_robot_servicio__rosidl_typesupport_cppExport.cmake
[7.156s] -- Up-to-date: /home/robotica/ros2taller2/install/mi_robot_servicio/share/mi_robot_servicio/cmake/mi_robot_servicio__rosidl_typesupport_cppExport-noconfig.cmake
[7.161s] -- Up-to-date: /home/robotica/ros2taller2/install/mi_robot_servicio/share/mi_robot_servicio/cmake/export_mi_robot_servicio__rosidl_generator_pyExport.cmake
[7.162s] -- Up-to-date: /home/robotica/ros2taller2/install/mi_robot_servicio/share/mi_robot_servicio/cmake/export_mi_robot_servicio__rosidl_generator_pyExport-noconfig.cmake
[7.162s] -- Up-to-date: /home/robotica/ros2taller2/install/mi_robot_servicio/share/mi_robot_servicio/cmake/rosidl_cmake-extras.cmake
[7.163s] -- Up-to-date: /home/robotica/ros2taller2/install/mi_robot_servicio/share/mi_robot_servicio/cmake/ament_cmake_export_dependencies-extras.cmake
[7.164s] -- Up-to-date: /home/robotica/ros2taller2/install/mi_robot_servicio/share/mi_robot_servicio/cmake/ament_cmake_export_include_directories-extras.cmake
[7.165s] -- Up-to-date: /home/robotica/ros2taller2/install/mi_robot_servicio/share/mi_robot_servicio/cmake/ament_cmake_export_libraries-extras.cmake
[7.167s] -- Up-to-date: /home/robotica/ros2taller2/install/mi_robot_servicio/share/mi_robot_servicio/cmake/ament_cmake_export_targets-extras.cmake
[7.169s] -- Up-to-date: /home/robotica/ros2taller2/install/mi_robot_servicio/share/mi_robot_servicio/cmake/rosidl_cmake_export_typesupport_targets-extras.cmake
[7.170s] -- Up-to-date: /home/robotica/ros2taller2/install/mi_robot_servicio/share/mi_robot_servicio/cmake/rosidl_cmake_export_typesupport_libraries-extras.cmake
[7.172s] -- Up-to-date: /home/robotica/ros2taller2/install/mi_robot_servicio/share/mi_robot_servicio/cmake/mi_robot_servicioConfig.cmake
[7.175s] -- Up-to-date: /home/robotica/ros2taller2/install/mi_robot_servicio/share/mi_robot_servicio/cmake/mi_robot_servicioConfig-version.cmake
[7.177s] -- Up-to-date: /home/robotica/ros2taller2/install/mi_robot_servicio/share/mi_robot_servicio/package.xml
[7.192s] Invoked command in '/home/robotica/ros2taller2/build/mi_robot_servicio' returned '0': CMAKE_PREFIX_PATH=${CMAKE_PREFIX_PATH}:/home/robotica/ros2taller2/install/mi_robot_3:/opt/ros/humble /usr/bin/cmake --install /home/robotica/ros2taller2/build/mi_robot_servicio
