[1.499s] DEBUG:colcon:Command line arguments: ['/usr/bin/colcon', 'build']
[1.499s] DEBUG:colcon:Parsed command line arguments: Namespace(log_base=None, log_level=None, verb_name='build', build_base='build', install_base='install', merge_install=False, symlink_install=False, test_result_base=None, continue_on_error=False, executor='parallel', parallel_workers=4, event_handlers=None, ignore_user_meta=False, metas=['./colcon.meta'], base_paths=['.'], packages_ignore=None, packages_ignore_regex=None, paths=None, packages_up_to=None, packages_up_to_regex=None, packages_above=None, packages_above_and_dependencies=None, packages_above_depth=None, packages_select_by_dep=None, packages_skip_by_dep=None, packages_skip_up_to=None, packages_select_build_failed=False, packages_skip_build_finished=False, packages_select_test_failures=False, packages_skip_test_passed=False, packages_select=None, packages_skip=None, packages_select_regex=None, packages_skip_regex=None, packages_start=None, packages_end=None, allow_overriding=[], cmake_args=None, cmake_target=None, cmake_target_skip_unavailable=False, cmake_clean_cache=False, cmake_clean_first=False, cmake_force_configure=False, ament_cmake_args=None, catkin_cmake_args=None, catkin_skip_building_tests=False, verb_parser=<colcon_defaults.argument_parser.defaults.DefaultArgumentsDecorator object at 0xffff95113c70>, verb_extension=<colcon_core.verb.build.BuildVerb object at 0xffff959bf550>, main=<bound method BuildVerb.main of <colcon_core.verb.build.BuildVerb object at 0xffff959bf550>>)
[1.662s] Level 1:colcon.colcon_core.package_discovery:discover_packages(colcon_meta) check parameters
[1.662s] Level 1:colcon.colcon_core.package_discovery:discover_packages(recursive) check parameters
[1.662s] Level 1:colcon.colcon_core.package_discovery:discover_packages(ignore) check parameters
[1.663s] Level 1:colcon.colcon_core.package_discovery:discover_packages(path) check parameters
[1.663s] Level 1:colcon.colcon_core.package_discovery:discover_packages(colcon_meta) discover
[1.663s] Level 1:colcon.colcon_core.package_discovery:discover_packages(recursive) discover
[1.663s] INFO:colcon.colcon_core.package_discovery:Crawling recursively for packages in '/home/robotica/ros2taller2'
[1.664s] Level 1:colcon.colcon_core.package_identification:_identify(.) by extensions ['ignore', 'ignore_ament_install']
[1.664s] Level 1:colcon.colcon_core.package_identification:_identify(.) by extension 'ignore'
[1.664s] Level 1:colcon.colcon_core.package_identification:_identify(.) by extension 'ignore_ament_install'
[1.665s] Level 1:colcon.colcon_core.package_identification:_identify(.) by extensions ['colcon_pkg']
[1.665s] Level 1:colcon.colcon_core.package_identification:_identify(.) by extension 'colcon_pkg'
[1.665s] Level 1:colcon.colcon_core.package_identification:_identify(.) by extensions ['colcon_meta']
[1.665s] Level 1:colcon.colcon_core.package_identification:_identify(.) by extension 'colcon_meta'
[1.665s] Level 1:colcon.colcon_core.package_identification:_identify(.) by extensions ['ros']
[1.665s] Level 1:colcon.colcon_core.package_identification:_identify(.) by extension 'ros'
[1.720s] Level 1:colcon.colcon_core.package_identification:_identify(.) by extensions ['cmake', 'python']
[1.721s] Level 1:colcon.colcon_core.package_identification:_identify(.) by extension 'cmake'
[1.721s] Level 1:colcon.colcon_core.package_identification:_identify(.) by extension 'python'
[1.721s] Level 1:colcon.colcon_core.package_identification:_identify(.) by extensions ['python_setup_py']
[1.721s] Level 1:colcon.colcon_core.package_identification:_identify(.) by extension 'python_setup_py'
[1.722s] Level 1:colcon.colcon_core.package_identification:_identify(build) by extensions ['ignore', 'ignore_ament_install']
[1.722s] Level 1:colcon.colcon_core.package_identification:_identify(build) by extension 'ignore'
[1.723s] Level 1:colcon.colcon_core.package_identification:_identify(build) ignored
[1.723s] Level 1:colcon.colcon_core.package_identification:_identify(install) by extensions ['ignore', 'ignore_ament_install']
[1.724s] Level 1:colcon.colcon_core.package_identification:_identify(install) by extension 'ignore'
[1.724s] Level 1:colcon.colcon_core.package_identification:_identify(install) ignored
[1.725s] Level 1:colcon.colcon_core.package_identification:_identify(log) by extensions ['ignore', 'ignore_ament_install']
[1.725s] Level 1:colcon.colcon_core.package_identification:_identify(log) by extension 'ignore'
[1.725s] Level 1:colcon.colcon_core.package_identification:_identify(log) ignored
[1.726s] Level 1:colcon.colcon_core.package_identification:_identify(motores) by extensions ['ignore', 'ignore_ament_install']
[1.726s] Level 1:colcon.colcon_core.package_identification:_identify(motores) by extension 'ignore'
[1.726s] Level 1:colcon.colcon_core.package_identification:_identify(motores) by extension 'ignore_ament_install'
[1.727s] Level 1:colcon.colcon_core.package_identification:_identify(motores) by extensions ['colcon_pkg']
[1.727s] Level 1:colcon.colcon_core.package_identification:_identify(motores) by extension 'colcon_pkg'
[1.727s] Level 1:colcon.colcon_core.package_identification:_identify(motores) by extensions ['colcon_meta']
[1.727s] Level 1:colcon.colcon_core.package_identification:_identify(motores) by extension 'colcon_meta'
[1.727s] Level 1:colcon.colcon_core.package_identification:_identify(motores) by extensions ['ros']
[1.727s] Level 1:colcon.colcon_core.package_identification:_identify(motores) by extension 'ros'
[1.728s] Level 1:colcon.colcon_core.package_identification:_identify(motores) by extensions ['cmake', 'python']
[1.728s] Level 1:colcon.colcon_core.package_identification:_identify(motores) by extension 'cmake'
[1.728s] Level 1:colcon.colcon_core.package_identification:_identify(motores) by extension 'python'
[1.728s] Level 1:colcon.colcon_core.package_identification:_identify(motores) by extensions ['python_setup_py']
[1.728s] Level 1:colcon.colcon_core.package_identification:_identify(motores) by extension 'python_setup_py'
[1.729s] Level 1:colcon.colcon_core.package_identification:_identify(motores/Taller2_real) by extensions ['ignore', 'ignore_ament_install']
[1.729s] Level 1:colcon.colcon_core.package_identification:_identify(motores/Taller2_real) by extension 'ignore'
[1.729s] Level 1:colcon.colcon_core.package_identification:_identify(motores/Taller2_real) by extension 'ignore_ament_install'
[1.730s] Level 1:colcon.colcon_core.package_identification:_identify(motores/Taller2_real) by extensions ['colcon_pkg']
[1.730s] Level 1:colcon.colcon_core.package_identification:_identify(motores/Taller2_real) by extension 'colcon_pkg'
[1.730s] Level 1:colcon.colcon_core.package_identification:_identify(motores/Taller2_real) by extensions ['colcon_meta']
[1.730s] Level 1:colcon.colcon_core.package_identification:_identify(motores/Taller2_real) by extension 'colcon_meta'
[1.730s] Level 1:colcon.colcon_core.package_identification:_identify(motores/Taller2_real) by extensions ['ros']
[1.731s] Level 1:colcon.colcon_core.package_identification:_identify(motores/Taller2_real) by extension 'ros'
[1.731s] Level 1:colcon.colcon_core.package_identification:_identify(motores/Taller2_real) by extensions ['cmake', 'python']
[1.731s] Level 1:colcon.colcon_core.package_identification:_identify(motores/Taller2_real) by extension 'cmake'
[1.731s] Level 1:colcon.colcon_core.package_identification:_identify(motores/Taller2_real) by extension 'python'
[1.731s] Level 1:colcon.colcon_core.package_identification:_identify(motores/Taller2_real) by extensions ['python_setup_py']
[1.732s] Level 1:colcon.colcon_core.package_identification:_identify(motores/Taller2_real) by extension 'python_setup_py'
[1.732s] Level 1:colcon.colcon_core.package_identification:_identify(src) by extensions ['ignore', 'ignore_ament_install']
[1.732s] Level 1:colcon.colcon_core.package_identification:_identify(src) by extension 'ignore'
[1.733s] Level 1:colcon.colcon_core.package_identification:_identify(src) by extension 'ignore_ament_install'
[1.733s] Level 1:colcon.colcon_core.package_identification:_identify(src) by extensions ['colcon_pkg']
[1.733s] Level 1:colcon.colcon_core.package_identification:_identify(src) by extension 'colcon_pkg'
[1.733s] Level 1:colcon.colcon_core.package_identification:_identify(src) by extensions ['colcon_meta']
[1.733s] Level 1:colcon.colcon_core.package_identification:_identify(src) by extension 'colcon_meta'
[1.733s] Level 1:colcon.colcon_core.package_identification:_identify(src) by extensions ['ros']
[1.734s] Level 1:colcon.colcon_core.package_identification:_identify(src) by extension 'ros'
[1.734s] Level 1:colcon.colcon_core.package_identification:_identify(src) by extensions ['cmake', 'python']
[1.734s] Level 1:colcon.colcon_core.package_identification:_identify(src) by extension 'cmake'
[1.734s] Level 1:colcon.colcon_core.package_identification:_identify(src) by extension 'python'
[1.734s] Level 1:colcon.colcon_core.package_identification:_identify(src) by extensions ['python_setup_py']
[1.735s] Level 1:colcon.colcon_core.package_identification:_identify(src) by extension 'python_setup_py'
[1.735s] Level 1:colcon.colcon_core.package_identification:_identify(src/mi_robot_3) by extensions ['ignore', 'ignore_ament_install']
[1.735s] Level 1:colcon.colcon_core.package_identification:_identify(src/mi_robot_3) by extension 'ignore'
[1.736s] Level 1:colcon.colcon_core.package_identification:_identify(src/mi_robot_3) by extension 'ignore_ament_install'
[1.736s] Level 1:colcon.colcon_core.package_identification:_identify(src/mi_robot_3) by extensions ['colcon_pkg']
[1.736s] Level 1:colcon.colcon_core.package_identification:_identify(src/mi_robot_3) by extension 'colcon_pkg'
[1.736s] Level 1:colcon.colcon_core.package_identification:_identify(src/mi_robot_3) by extensions ['colcon_meta']
[1.736s] Level 1:colcon.colcon_core.package_identification:_identify(src/mi_robot_3) by extension 'colcon_meta'
[1.737s] Level 1:colcon.colcon_core.package_identification:_identify(src/mi_robot_3) by extensions ['ros']
[1.737s] Level 1:colcon.colcon_core.package_identification:_identify(src/mi_robot_3) by extension 'ros'
[1.747s] DEBUG:colcon.colcon_core.package_identification:Package 'src/mi_robot_3' with type 'ros.ament_python' and name 'mi_robot_3'
[1.748s] Level 1:colcon.colcon_core.package_identification:_identify(src/mi_robot_servicio) by extensions ['ignore', 'ignore_ament_install']
[1.748s] Level 1:colcon.colcon_core.package_identification:_identify(src/mi_robot_servicio) by extension 'ignore'
[1.748s] Level 1:colcon.colcon_core.package_identification:_identify(src/mi_robot_servicio) by extension 'ignore_ament_install'
[1.748s] Level 1:colcon.colcon_core.package_identification:_identify(src/mi_robot_servicio) by extensions ['colcon_pkg']
[1.749s] Level 1:colcon.colcon_core.package_identification:_identify(src/mi_robot_servicio) by extension 'colcon_pkg'
[1.749s] Level 1:colcon.colcon_core.package_identification:_identify(src/mi_robot_servicio) by extensions ['colcon_meta']
[1.749s] Level 1:colcon.colcon_core.package_identification:_identify(src/mi_robot_servicio) by extension 'colcon_meta'
[1.749s] Level 1:colcon.colcon_core.package_identification:_identify(src/mi_robot_servicio) by extensions ['ros']
[1.749s] Level 1:colcon.colcon_core.package_identification:_identify(src/mi_robot_servicio) by extension 'ros'
[1.752s] DEBUG:colcon.colcon_core.package_identification:Package 'src/mi_robot_servicio' with type 'ros.ament_cmake' and name 'mi_robot_servicio'
[1.752s] Level 1:colcon.colcon_core.package_discovery:discover_packages(recursive) using defaults
[1.753s] Level 1:colcon.colcon_core.package_discovery:discover_packages(ignore) discover
[1.753s] Level 1:colcon.colcon_core.package_discovery:discover_packages(ignore) using defaults
[1.753s] Level 1:colcon.colcon_core.package_discovery:discover_packages(path) discover
[1.753s] Level 1:colcon.colcon_core.package_discovery:discover_packages(path) using defaults
[1.855s] Level 1:colcon.colcon_core.package_discovery:discover_packages(prefix_path) check parameters
[1.856s] Level 1:colcon.colcon_core.package_discovery:discover_packages(prefix_path) discover
[1.870s] DEBUG:colcon.colcon_installed_package_information.package_discovery:Found 2 installed packages in /home/robotica/ros2taller2/install
[1.879s] DEBUG:colcon.colcon_installed_package_information.package_discovery:Found 182 installed packages in /opt/ros/humble
[1.884s] Level 1:colcon.colcon_core.package_discovery:discover_packages(prefix_path) using defaults
[2.080s] Level 5:colcon.colcon_core.verb:set package 'mi_robot_3' build argument 'cmake_args' from command line to 'None'
[2.081s] Level 5:colcon.colcon_core.verb:set package 'mi_robot_3' build argument 'cmake_target' from command line to 'None'
[2.081s] Level 5:colcon.colcon_core.verb:set package 'mi_robot_3' build argument 'cmake_target_skip_unavailable' from command line to 'False'
[2.081s] Level 5:colcon.colcon_core.verb:set package 'mi_robot_3' build argument 'cmake_clean_cache' from command line to 'False'
[2.081s] Level 5:colcon.colcon_core.verb:set package 'mi_robot_3' build argument 'cmake_clean_first' from command line to 'False'
[2.081s] Level 5:colcon.colcon_core.verb:set package 'mi_robot_3' build argument 'cmake_force_configure' from command line to 'False'
[2.081s] Level 5:colcon.colcon_core.verb:set package 'mi_robot_3' build argument 'ament_cmake_args' from command line to 'None'
[2.081s] Level 5:colcon.colcon_core.verb:set package 'mi_robot_3' build argument 'catkin_cmake_args' from command line to 'None'
[2.081s] Level 5:colcon.colcon_core.verb:set package 'mi_robot_3' build argument 'catkin_skip_building_tests' from command line to 'False'
[2.082s] DEBUG:colcon.colcon_core.verb:Building package 'mi_robot_3' with the following arguments: {'ament_cmake_args': None, 'build_base': '/home/robotica/ros2taller2/build/mi_robot_3', 'catkin_cmake_args': None, 'catkin_skip_building_tests': False, 'cmake_args': None, 'cmake_clean_cache': False, 'cmake_clean_first': False, 'cmake_force_configure': False, 'cmake_target': None, 'cmake_target_skip_unavailable': False, 'install_base': '/home/robotica/ros2taller2/install/mi_robot_3', 'merge_install': False, 'path': '/home/robotica/ros2taller2/src/mi_robot_3', 'symlink_install': False, 'test_result_base': None}
[2.087s] Level 5:colcon.colcon_core.verb:set package 'mi_robot_servicio' build argument 'cmake_args' from command line to 'None'
[2.087s] Level 5:colcon.colcon_core.verb:set package 'mi_robot_servicio' build argument 'cmake_target' from command line to 'None'
[2.088s] Level 5:colcon.colcon_core.verb:set package 'mi_robot_servicio' build argument 'cmake_target_skip_unavailable' from command line to 'False'
[2.088s] Level 5:colcon.colcon_core.verb:set package 'mi_robot_servicio' build argument 'cmake_clean_cache' from command line to 'False'
[2.088s] Level 5:colcon.colcon_core.verb:set package 'mi_robot_servicio' build argument 'cmake_clean_first' from command line to 'False'
[2.088s] Level 5:colcon.colcon_core.verb:set package 'mi_robot_servicio' build argument 'cmake_force_configure' from command line to 'False'
[2.088s] Level 5:colcon.colcon_core.verb:set package 'mi_robot_servicio' build argument 'ament_cmake_args' from command line to 'None'
[2.088s] Level 5:colcon.colcon_core.verb:set package 'mi_robot_servicio' build argument 'catkin_cmake_args' from command line to 'None'
[2.088s] Level 5:colcon.colcon_core.verb:set package 'mi_robot_servicio' build argument 'catkin_skip_building_tests' from command line to 'False'
[2.088s] DEBUG:colcon.colcon_core.verb:Building package 'mi_robot_servicio' with the following arguments: {'ament_cmake_args': None, 'build_base': '/home/robotica/ros2taller2/build/mi_robot_servicio', 'catkin_cmake_args': None, 'catkin_skip_building_tests': False, 'cmake_args': None, 'cmake_clean_cache': False, 'cmake_clean_first': False, 'cmake_force_configure': False, 'cmake_target': None, 'cmake_target_skip_unavailable': False, 'install_base': '/home/robotica/ros2taller2/install/mi_robot_servicio', 'merge_install': False, 'path': '/home/robotica/ros2taller2/src/mi_robot_servicio', 'symlink_install': False, 'test_result_base': None}
[2.092s] INFO:colcon.colcon_core.executor:Executing jobs using 'parallel' executor
[2.107s] DEBUG:colcon.colcon_parallel_executor.executor.parallel:run_until_complete
[2.108s] INFO:colcon.colcon_ros.task.ament_python.build:Building ROS package in '/home/robotica/ros2taller2/src/mi_robot_3' with build type 'ament_python'
[2.109s] Level 1:colcon.colcon_core.shell:create_environment_hook('mi_robot_3', 'ament_prefix_path')
[2.133s] INFO:colcon.colcon_core.plugin_system:Skipping extension 'colcon_core.shell.bat': Not used on non-Windows systems
[2.134s] INFO:colcon.colcon_core.shell:Creating environment hook '/home/robotica/ros2taller2/install/mi_robot_3/share/mi_robot_3/hook/ament_prefix_path.ps1'
[2.139s] INFO:colcon.colcon_core.shell:Creating environment descriptor '/home/robotica/ros2taller2/install/mi_robot_3/share/mi_robot_3/hook/ament_prefix_path.dsv'
[2.144s] INFO:colcon.colcon_core.shell:Creating environment hook '/home/robotica/ros2taller2/install/mi_robot_3/share/mi_robot_3/hook/ament_prefix_path.sh'
[2.156s] INFO:colcon.colcon_core.shell:Skip shell extension 'powershell' for command environment: Not usable outside of PowerShell
[2.157s] DEBUG:colcon.colcon_core.shell:Skip shell extension 'dsv' for command environment
[2.184s] INFO:colcon.colcon_ros.task.ament_cmake.build:Building ROS package in '/home/robotica/ros2taller2/src/mi_robot_servicio' with build type 'ament_cmake'
[2.185s] INFO:colcon.colcon_cmake.task.cmake.build:Building CMake package in '/home/robotica/ros2taller2/src/mi_robot_servicio'
[2.192s] INFO:colcon.colcon_core.shell:Skip shell extension 'powershell' for command environment: Not usable outside of PowerShell
[2.192s] DEBUG:colcon.colcon_core.shell:Skip shell extension 'dsv' for command environment
[3.501s] INFO:colcon.colcon_core.task.python.build:Building Python package in '/home/robotica/ros2taller2/src/mi_robot_3'
[3.507s] INFO:colcon.colcon_core.shell:Skip shell extension 'powershell' for command environment: Not usable outside of PowerShell
[3.507s] DEBUG:colcon.colcon_core.shell:Skip shell extension 'dsv' for command environment
[3.547s] DEBUG:colcon.colcon_core.event_handler.log_command:Invoking command in '/home/robotica/ros2taller2/build/mi_robot_servicio': CMAKE_PREFIX_PATH=${CMAKE_PREFIX_PATH}:/home/robotica/ros2taller2/install/mi_robot_3:/opt/ros/humble /usr/bin/cmake --build /home/robotica/ros2taller2/build/mi_robot_servicio -- -j4 -l4
[5.770s] DEBUG:colcon.colcon_core.event_handler.log_command:Invoking command in '/home/robotica/ros2taller2/src/mi_robot_3': PYTHONPATH=/home/robotica/ros2taller2/build/mi_robot_3/prefix_override:/home/robotica/ros2taller2/install/mi_robot_3/lib/python3.10/site-packages:${PYTHONPATH} /usr/bin/python3 setup.py egg_info --egg-base ../../build/mi_robot_3 build --build-base /home/robotica/ros2taller2/build/mi_robot_3/build install --record /home/robotica/ros2taller2/build/mi_robot_3/install.log --single-version-externally-managed
[6.079s] DEBUG:colcon.colcon_core.event_handler.log_command:Invoked command in '/home/robotica/ros2taller2/build/mi_robot_servicio' returned '0': CMAKE_PREFIX_PATH=${CMAKE_PREFIX_PATH}:/home/robotica/ros2taller2/install/mi_robot_3:/opt/ros/humble /usr/bin/cmake --build /home/robotica/ros2taller2/build/mi_robot_servicio -- -j4 -l4
[6.575s] DEBUG:colcon.colcon_core.event_handler.log_command:Invoking command in '/home/robotica/ros2taller2/build/mi_robot_servicio': CMAKE_PREFIX_PATH=${CMAKE_PREFIX_PATH}:/home/robotica/ros2taller2/install/mi_robot_3:/opt/ros/humble /usr/bin/cmake --install /home/robotica/ros2taller2/build/mi_robot_servicio
[6.960s] Level 1:colcon.colcon_core.environment:create_environment_scripts_only(mi_robot_servicio)
[6.964s] DEBUG:colcon.colcon_core.event_handler.log_command:Invoked command in '/home/robotica/ros2taller2/build/mi_robot_servicio' returned '0': CMAKE_PREFIX_PATH=${CMAKE_PREFIX_PATH}:/home/robotica/ros2taller2/install/mi_robot_3:/opt/ros/humble /usr/bin/cmake --install /home/robotica/ros2taller2/build/mi_robot_servicio
[6.989s] Level 1:colcon.colcon_core.environment:checking '/home/robotica/ros2taller2/install/mi_robot_servicio' for CMake module files
[6.997s] Level 1:colcon.colcon_core.environment:checking '/home/robotica/ros2taller2/install/mi_robot_servicio' for CMake config files
[7.000s] Level 1:colcon.colcon_core.shell:create_environment_hook('mi_robot_servicio', 'cmake_prefix_path')
[7.006s] INFO:colcon.colcon_core.shell:Creating environment hook '/home/robotica/ros2taller2/install/mi_robot_servicio/share/mi_robot_servicio/hook/cmake_prefix_path.ps1'
[7.008s] INFO:colcon.colcon_core.shell:Creating environment descriptor '/home/robotica/ros2taller2/install/mi_robot_servicio/share/mi_robot_servicio/hook/cmake_prefix_path.dsv'
[7.010s] INFO:colcon.colcon_core.shell:Creating environment hook '/home/robotica/ros2taller2/install/mi_robot_servicio/share/mi_robot_servicio/hook/cmake_prefix_path.sh'
[7.015s] Level 1:colcon.colcon_core.environment:checking '/home/robotica/ros2taller2/install/mi_robot_servicio/lib'
[7.016s] Level 1:colcon.colcon_core.shell:create_environment_hook('mi_robot_servicio', 'ld_library_path_lib')
[7.022s] INFO:colcon.colcon_core.shell:Creating environment hook '/home/robotica/ros2taller2/install/mi_robot_servicio/share/mi_robot_servicio/hook/ld_library_path_lib.ps1'
[7.024s] INFO:colcon.colcon_core.shell:Creating environment descriptor '/home/robotica/ros2taller2/install/mi_robot_servicio/share/mi_robot_servicio/hook/ld_library_path_lib.dsv'
[7.027s] INFO:colcon.colcon_core.shell:Creating environment hook '/home/robotica/ros2taller2/install/mi_robot_servicio/share/mi_robot_servicio/hook/ld_library_path_lib.sh'
[7.029s] Level 1:colcon.colcon_core.environment:checking '/home/robotica/ros2taller2/install/mi_robot_servicio/bin'
[7.030s] Level 1:colcon.colcon_core.environment:checking '/home/robotica/ros2taller2/install/mi_robot_servicio/lib/pkgconfig/mi_robot_servicio.pc'
[7.032s] Level 1:colcon.colcon_core.environment:checking '/home/robotica/ros2taller2/install/mi_robot_servicio/lib/python3.10/site-packages'
[7.033s] Level 1:colcon.colcon_core.environment:checking '/home/robotica/ros2taller2/install/mi_robot_servicio/bin'
[7.039s] INFO:colcon.colcon_core.shell:Creating package script '/home/robotica/ros2taller2/install/mi_robot_servicio/share/mi_robot_servicio/package.ps1'
[7.045s] INFO:colcon.colcon_core.shell:Creating package descriptor '/home/robotica/ros2taller2/install/mi_robot_servicio/share/mi_robot_servicio/package.dsv'
[7.048s] INFO:colcon.colcon_core.shell:Creating package script '/home/robotica/ros2taller2/install/mi_robot_servicio/share/mi_robot_servicio/package.sh'
[7.053s] INFO:colcon.colcon_core.shell:Creating package script '/home/robotica/ros2taller2/install/mi_robot_servicio/share/mi_robot_servicio/package.bash'
[7.057s] INFO:colcon.colcon_core.shell:Creating package script '/home/robotica/ros2taller2/install/mi_robot_servicio/share/mi_robot_servicio/package.zsh'
[7.061s] Level 1:colcon.colcon_core.environment:create_file_with_runtime_dependencies(/home/robotica/ros2taller2/install/mi_robot_servicio/share/colcon-core/packages/mi_robot_servicio)
[7.559s] Level 1:colcon.colcon_core.environment:create_environment_scripts_only(mi_robot_servicio)
[7.570s] Level 1:colcon.colcon_core.environment:checking '/home/robotica/ros2taller2/install/mi_robot_servicio' for CMake module files
[7.577s] Level 1:colcon.colcon_core.environment:checking '/home/robotica/ros2taller2/install/mi_robot_servicio' for CMake config files
[7.580s] Level 1:colcon.colcon_core.shell:create_environment_hook('mi_robot_servicio', 'cmake_prefix_path')
[7.587s] INFO:colcon.colcon_core.shell:Creating environment hook '/home/robotica/ros2taller2/install/mi_robot_servicio/share/mi_robot_servicio/hook/cmake_prefix_path.ps1'
[7.589s] INFO:colcon.colcon_core.shell:Creating environment descriptor '/home/robotica/ros2taller2/install/mi_robot_servicio/share/mi_robot_servicio/hook/cmake_prefix_path.dsv'
[7.592s] INFO:colcon.colcon_core.shell:Creating environment hook '/home/robotica/ros2taller2/install/mi_robot_servicio/share/mi_robot_servicio/hook/cmake_prefix_path.sh'
[7.597s] Level 1:colcon.colcon_core.environment:checking '/home/robotica/ros2taller2/install/mi_robot_servicio/lib'
[7.598s] Level 1:colcon.colcon_core.shell:create_environment_hook('mi_robot_servicio', 'ld_library_path_lib')
[7.605s] INFO:colcon.colcon_core.shell:Creating environment hook '/home/robotica/ros2taller2/install/mi_robot_servicio/share/mi_robot_servicio/hook/ld_library_path_lib.ps1'
[7.607s] INFO:colcon.colcon_core.shell:Creating environment descriptor '/home/robotica/ros2taller2/install/mi_robot_servicio/share/mi_robot_servicio/hook/ld_library_path_lib.dsv'
[7.609s] INFO:colcon.colcon_core.shell:Creating environment hook '/home/robotica/ros2taller2/install/mi_robot_servicio/share/mi_robot_servicio/hook/ld_library_path_lib.sh'
[7.611s] Level 1:colcon.colcon_core.environment:checking '/home/robotica/ros2taller2/install/mi_robot_servicio/bin'
[7.612s] Level 1:colcon.colcon_core.environment:checking '/home/robotica/ros2taller2/install/mi_robot_servicio/lib/pkgconfig/mi_robot_servicio.pc'
[7.613s] Level 1:colcon.colcon_core.environment:checking '/home/robotica/ros2taller2/install/mi_robot_servicio/lib/python3.10/site-packages'
[7.614s] Level 1:colcon.colcon_core.environment:checking '/home/robotica/ros2taller2/install/mi_robot_servicio/bin'
[7.620s] INFO:colcon.colcon_core.shell:Creating package script '/home/robotica/ros2taller2/install/mi_robot_servicio/share/mi_robot_servicio/package.ps1'
[7.623s] INFO:colcon.colcon_core.shell:Creating package descriptor '/home/robotica/ros2taller2/install/mi_robot_servicio/share/mi_robot_servicio/package.dsv'
[7.625s] INFO:colcon.colcon_core.shell:Creating package script '/home/robotica/ros2taller2/install/mi_robot_servicio/share/mi_robot_servicio/package.sh'
[7.628s] INFO:colcon.colcon_core.shell:Creating package script '/home/robotica/ros2taller2/install/mi_robot_servicio/share/mi_robot_servicio/package.bash'
[7.630s] INFO:colcon.colcon_core.shell:Creating package script '/home/robotica/ros2taller2/install/mi_robot_servicio/share/mi_robot_servicio/package.zsh'
[7.633s] Level 1:colcon.colcon_core.environment:create_file_with_runtime_dependencies(/home/robotica/ros2taller2/install/mi_robot_servicio/share/colcon-core/packages/mi_robot_servicio)
[7.646s] Level 1:colcon.colcon_core.environment:checking '/home/robotica/ros2taller2/install/mi_robot_3' for CMake module files
[7.650s] DEBUG:colcon.colcon_core.event_handler.log_command:Invoked command in '/home/robotica/ros2taller2/src/mi_robot_3' returned '0': PYTHONPATH=/home/robotica/ros2taller2/build/mi_robot_3/prefix_override:/home/robotica/ros2taller2/install/mi_robot_3/lib/python3.10/site-packages:${PYTHONPATH} /usr/bin/python3 setup.py egg_info --egg-base ../../build/mi_robot_3 build --build-base /home/robotica/ros2taller2/build/mi_robot_3/build install --record /home/robotica/ros2taller2/build/mi_robot_3/install.log --single-version-externally-managed
[7.652s] Level 1:colcon.colcon_core.environment:checking '/home/robotica/ros2taller2/install/mi_robot_3' for CMake config files
[7.657s] Level 1:colcon.colcon_core.environment:checking '/home/robotica/ros2taller2/install/mi_robot_3/lib'
[7.658s] Level 1:colcon.colcon_core.environment:checking '/home/robotica/ros2taller2/install/mi_robot_3/bin'
[7.658s] Level 1:colcon.colcon_core.environment:checking '/home/robotica/ros2taller2/install/mi_robot_3/lib/pkgconfig/mi_robot_3.pc'
[7.660s] Level 1:colcon.colcon_core.environment:checking '/home/robotica/ros2taller2/install/mi_robot_3/lib/python3.10/site-packages'
[7.660s] Level 1:colcon.colcon_core.shell:create_environment_hook('mi_robot_3', 'pythonpath')
[7.669s] INFO:colcon.colcon_core.shell:Creating environment hook '/home/robotica/ros2taller2/install/mi_robot_3/share/mi_robot_3/hook/pythonpath.ps1'
[7.672s] INFO:colcon.colcon_core.shell:Creating environment descriptor '/home/robotica/ros2taller2/install/mi_robot_3/share/mi_robot_3/hook/pythonpath.dsv'
[7.675s] INFO:colcon.colcon_core.shell:Creating environment hook '/home/robotica/ros2taller2/install/mi_robot_3/share/mi_robot_3/hook/pythonpath.sh'
[7.678s] Level 1:colcon.colcon_core.environment:checking '/home/robotica/ros2taller2/install/mi_robot_3/bin'
[7.679s] Level 1:colcon.colcon_core.environment:create_environment_scripts_only(mi_robot_3)
[7.688s] INFO:colcon.colcon_core.shell:Creating package script '/home/robotica/ros2taller2/install/mi_robot_3/share/mi_robot_3/package.ps1'
[7.694s] INFO:colcon.colcon_core.shell:Creating package descriptor '/home/robotica/ros2taller2/install/mi_robot_3/share/mi_robot_3/package.dsv'
[7.700s] INFO:colcon.colcon_core.shell:Creating package script '/home/robotica/ros2taller2/install/mi_robot_3/share/mi_robot_3/package.sh'
[7.704s] INFO:colcon.colcon_core.shell:Creating package script '/home/robotica/ros2taller2/install/mi_robot_3/share/mi_robot_3/package.bash'
[7.707s] INFO:colcon.colcon_core.shell:Creating package script '/home/robotica/ros2taller2/install/mi_robot_3/share/mi_robot_3/package.zsh'
[7.709s] Level 1:colcon.colcon_core.environment:create_file_with_runtime_dependencies(/home/robotica/ros2taller2/install/mi_robot_3/share/colcon-core/packages/mi_robot_3)
[7.711s] DEBUG:colcon.colcon_parallel_executor.executor.parallel:closing loop
[7.713s] DEBUG:colcon.colcon_parallel_executor.executor.parallel:loop closed
[7.714s] DEBUG:colcon.colcon_parallel_executor.executor.parallel:run_until_complete finished with '0'
[7.714s] DEBUG:colcon.colcon_core.event_reactor:joining thread
[7.755s] INFO:colcon.colcon_core.plugin_system:Skipping extension 'colcon_notification.desktop_notification.terminal_notifier': Not used on non-Darwin systems
[7.756s] INFO:colcon.colcon_core.plugin_system:Skipping extension 'colcon_notification.desktop_notification.win32': Not used on non-Windows systems
[7.756s] INFO:colcon.colcon_notification.desktop_notification:Sending desktop notification using 'notify2'
[7.829s] DEBUG:colcon.colcon_core.event_reactor:joined thread
[7.836s] INFO:colcon.colcon_core.shell:Creating prefix script '/home/robotica/ros2taller2/install/local_setup.ps1'
[7.840s] INFO:colcon.colcon_core.shell:Creating prefix util module '/home/robotica/ros2taller2/install/_local_setup_util_ps1.py'
[7.849s] INFO:colcon.colcon_core.shell:Creating prefix chain script '/home/robotica/ros2taller2/install/setup.ps1'
[7.862s] INFO:colcon.colcon_core.shell:Creating prefix script '/home/robotica/ros2taller2/install/local_setup.sh'
[7.867s] INFO:colcon.colcon_core.shell:Creating prefix util module '/home/robotica/ros2taller2/install/_local_setup_util_sh.py'
[7.873s] INFO:colcon.colcon_core.shell:Creating prefix chain script '/home/robotica/ros2taller2/install/setup.sh'
[7.884s] INFO:colcon.colcon_core.shell:Creating prefix script '/home/robotica/ros2taller2/install/local_setup.bash'
[7.887s] INFO:colcon.colcon_core.shell:Creating prefix chain script '/home/robotica/ros2taller2/install/setup.bash'
[7.897s] INFO:colcon.colcon_core.shell:Creating prefix script '/home/robotica/ros2taller2/install/local_setup.zsh'
[7.901s] INFO:colcon.colcon_core.shell:Creating prefix chain script '/home/robotica/ros2taller2/install/setup.zsh'
