/home/robotica/ros2taller2/install/mi_robot_3/lib/python3.10/site-packages/mi_robot_3/robot_player2.py
/home/robotica/ros2taller2/install/mi_robot_3/lib/python3.10/site-packages/mi_robot_3/__init__.py
/home/robotica/ros2taller2/install/mi_robot_3/lib/python3.10/site-packages/mi_robot_3/robot_interfaces_N.py
/home/robotica/ros2taller2/install/mi_robot_3/lib/python3.10/site-packages/mi_robot_3/robot_teleop.py
/home/robotica/ros2taller2/install/mi_robot_3/lib/python3.10/site-packages/mi_robot_3/robot_interfaces.py
/home/robotica/ros2taller2/install/mi_robot_3/lib/python3.10/site-packages/mi_robot_3/robot_player.py
/home/robotica/ros2taller2/install/mi_robot_3/lib/python3.10/site-packages/mi_robot_3/__pycache__/robot_player2.cpython-310.pyc
/home/robotica/ros2taller2/install/mi_robot_3/lib/python3.10/site-packages/mi_robot_3/__pycache__/__init__.cpython-310.pyc
/home/robotica/ros2taller2/install/mi_robot_3/lib/python3.10/site-packages/mi_robot_3/__pycache__/robot_interfaces_N.cpython-310.pyc
/home/robotica/ros2taller2/install/mi_robot_3/lib/python3.10/site-packages/mi_robot_3/__pycache__/robot_teleop.cpython-310.pyc
/home/robotica/ros2taller2/install/mi_robot_3/lib/python3.10/site-packages/mi_robot_3/__pycache__/robot_interfaces.cpython-310.pyc
/home/robotica/ros2taller2/install/mi_robot_3/lib/python3.10/site-packages/mi_robot_3/__pycache__/robot_player.cpython-310.pyc
/home/robotica/ros2taller2/install/mi_robot_3/share/ament_index/resource_index/packages/mi_robot_3
/home/robotica/ros2taller2/install/mi_robot_3/share/mi_robot_3/package.xml
/home/robotica/ros2taller2/install/mi_robot_3/lib/python3.10/site-packages/mi_robot_3-0.0.0-py3.10.egg-info/entry_points.txt
/home/robotica/ros2taller2/install/mi_robot_3/lib/python3.10/site-packages/mi_robot_3-0.0.0-py3.10.egg-info/requires.txt
/home/robotica/ros2taller2/install/mi_robot_3/lib/python3.10/site-packages/mi_robot_3-0.0.0-py3.10.egg-info/PKG-INFO
/home/robotica/ros2taller2/install/mi_robot_3/lib/python3.10/site-packages/mi_robot_3-0.0.0-py3.10.egg-info/top_level.txt
/home/robotica/ros2taller2/install/mi_robot_3/lib/python3.10/site-packages/mi_robot_3-0.0.0-py3.10.egg-info/zip-safe
/home/robotica/ros2taller2/install/mi_robot_3/lib/python3.10/site-packages/mi_robot_3-0.0.0-py3.10.egg-info/SOURCES.txt
/home/robotica/ros2taller2/install/mi_robot_3/lib/python3.10/site-packages/mi_robot_3-0.0.0-py3.10.egg-info/dependency_links.txt
/home/robotica/ros2taller2/install/mi_robot_3/lib/mi_robot_3/robot_interfaces
/home/robotica/ros2taller2/install/mi_robot_3/lib/mi_robot_3/robot_interfaces_N
/home/robotica/ros2taller2/install/mi_robot_3/lib/mi_robot_3/robot_player
/home/robotica/ros2taller2/install/mi_robot_3/lib/mi_robot_3/robot_teleop
