[1.398s] Invoking command in '/home/robotica/ros2taller2/build/mi_robot_servicio': CMAKE_PREFIX_PATH=${CMAKE_PREFIX_PATH}:/home/robotica/ros2taller2/install/mi_robot_3:/opt/ros/humble /usr/bin/cmake --build /home/robotica/ros2taller2/build/mi_robot_servicio -- -j4 -l4
[1.710s] [  9%] Built target mi_robot_servicio__rosidl_generator_c
[1.718s] [ 12%] Built target mi_robot_servicio__cpp
[1.805s] [ 12%] Built target ament_cmake_python_copy_mi_robot_servicio
[1.926s] [ 22%] Built target mi_robot_servicio__rosidl_typesupport_fastrtps_c
[1.927s] [ 32%] Built target mi_robot_servicio__rosidl_typesupport_c
[1.938s] [ 41%] Built target mi_robot_servicio__rosidl_typesupport_introspection_c
[2.037s] [ 51%] Built target mi_robot_servicio__rosidl_typesupport_introspection_cpp
[2.119s] [ 61%] Built target mi_robot_servicio__rosidl_typesupport_cpp
[2.158s] [ 70%] Built target mi_robot_servicio__rosidl_typesupport_fastrtps_cpp
[2.296s] [ 70%] Built target mi_robot_servicio
[2.439s] [ 74%] Built target mi_robot_servicio__py
[2.588s] [ 80%] Built target mi_robot_servicio__rosidl_generator_py
[2.787s] [ 87%] Built target mi_robot_servicio__rosidl_typesupport_fastrtps_c__pyext
[2.836s] [ 93%] Built target mi_robot_servicio__rosidl_typesupport_introspection_c__pyext
[2.837s] [100%] Built target mi_robot_servicio__rosidl_typesupport_c__pyext
[3.636s] running egg_info
[3.643s] writing mi_robot_servicio.egg-info/PKG-INFO
[3.645s] writing dependency_links to mi_robot_servicio.egg-info/dependency_links.txt
[3.647s] writing top-level names to mi_robot_servicio.egg-info/top_level.txt
[3.665s] reading manifest file 'mi_robot_servicio.egg-info/SOURCES.txt'
[3.669s] writing manifest file 'mi_robot_servicio.egg-info/SOURCES.txt'
[3.866s] [100%] Built target ament_cmake_python_build_mi_robot_servicio_egg
[3.934s] Invoked command in '/home/robotica/ros2taller2/build/mi_robot_servicio' returned '0': CMAKE_PREFIX_PATH=${CMAKE_PREFIX_PATH}:/home/robotica/ros2taller2/install/mi_robot_3:/opt/ros/humble /usr/bin/cmake --build /home/robotica/ros2taller2/build/mi_robot_servicio -- -j4 -l4
[4.504s] Invoking command in '/home/robotica/ros2taller2/build/mi_robot_servicio': CMAKE_PREFIX_PATH=${CMAKE_PREFIX_PATH}:/home/robotica/ros2taller2/install/mi_robot_3:/opt/ros/humble /usr/bin/cmake --install /home/robotica/ros2taller2/build/mi_robot_servicio
[4.542s] -- Install configuration: ""
[4.543s] -- Up-to-date: /home/robotica/ros2taller2/install/mi_robot_servicio/share/ament_index/resource_index/rosidl_interfaces/mi_robot_servicio
[4.544s] -- Up-to-date: /home/robotica/ros2taller2/install/mi_robot_servicio/include/mi_robot_servicio/mi_robot_servicio
[4.544s] -- Up-to-date: /home/robotica/ros2taller2/install/mi_robot_servicio/include/mi_robot_servicio/mi_robot_servicio/srv
[4.545s] -- Up-to-date: /home/robotica/ros2taller2/install/mi_robot_servicio/include/mi_robot_servicio/mi_robot_servicio/srv/player.h
[4.546s] -- Up-to-date: /home/robotica/ros2taller2/install/mi_robot_servicio/include/mi_robot_servicio/mi_robot_servicio/srv/detail
[4.546s] -- Up-to-date: /home/robotica/ros2taller2/install/mi_robot_servicio/include/mi_robot_servicio/mi_robot_servicio/srv/detail/player__type_support.h
[4.547s] -- Up-to-date: /home/robotica/ros2taller2/install/mi_robot_servicio/include/mi_robot_servicio/mi_robot_servicio/srv/detail/player__functions.h
[4.548s] -- Up-to-date: /home/robotica/ros2taller2/install/mi_robot_servicio/include/mi_robot_servicio/mi_robot_servicio/srv/detail/player__functions.c
[4.548s] -- Up-to-date: /home/robotica/ros2taller2/install/mi_robot_servicio/include/mi_robot_servicio/mi_robot_servicio/srv/detail/player__struct.h
[4.549s] -- Up-to-date: /home/robotica/ros2taller2/install/mi_robot_servicio/include/mi_robot_servicio/mi_robot_servicio/msg
[4.549s] -- Up-to-date: /home/robotica/ros2taller2/install/mi_robot_servicio/include/mi_robot_servicio/mi_robot_servicio/msg/rosidl_generator_c__visibility_control.h
[4.550s] -- Up-to-date: /home/robotica/ros2taller2/install/mi_robot_servicio/share/mi_robot_servicio/environment/library_path.sh
[4.550s] -- Up-to-date: /home/robotica/ros2taller2/install/mi_robot_servicio/share/mi_robot_servicio/environment/library_path.dsv
[4.551s] -- Up-to-date: /home/robotica/ros2taller2/install/mi_robot_servicio/lib/libmi_robot_servicio__rosidl_generator_c.so
[4.552s] -- Up-to-date: /home/robotica/ros2taller2/install/mi_robot_servicio/include/mi_robot_servicio/mi_robot_servicio
[4.552s] -- Up-to-date: /home/robotica/ros2taller2/install/mi_robot_servicio/include/mi_robot_servicio/mi_robot_servicio/srv
[4.553s] -- Up-to-date: /home/robotica/ros2taller2/install/mi_robot_servicio/include/mi_robot_servicio/mi_robot_servicio/srv/detail
[4.554s] -- Up-to-date: /home/robotica/ros2taller2/install/mi_robot_servicio/include/mi_robot_servicio/mi_robot_servicio/srv/detail/player__rosidl_typesupport_fastrtps_c.h
[4.554s] -- Up-to-date: /home/robotica/ros2taller2/install/mi_robot_servicio/include/mi_robot_servicio/mi_robot_servicio/msg
[4.556s] -- Up-to-date: /home/robotica/ros2taller2/install/mi_robot_servicio/include/mi_robot_servicio/mi_robot_servicio/msg/rosidl_typesupport_fastrtps_c__visibility_control.h
[4.556s] -- Up-to-date: /home/robotica/ros2taller2/install/mi_robot_servicio/lib/libmi_robot_servicio__rosidl_typesupport_fastrtps_c.so
[4.557s] -- Up-to-date: /home/robotica/ros2taller2/install/mi_robot_servicio/include/mi_robot_servicio/mi_robot_servicio
[4.558s] -- Up-to-date: /home/robotica/ros2taller2/install/mi_robot_servicio/include/mi_robot_servicio/mi_robot_servicio/srv
[4.559s] -- Up-to-date: /home/robotica/ros2taller2/install/mi_robot_servicio/include/mi_robot_servicio/mi_robot_servicio/srv/player.hpp
[4.559s] -- Up-to-date: /home/robotica/ros2taller2/install/mi_robot_servicio/include/mi_robot_servicio/mi_robot_servicio/srv/detail
[4.560s] -- Up-to-date: /home/robotica/ros2taller2/install/mi_robot_servicio/include/mi_robot_servicio/mi_robot_servicio/srv/detail/player__builder.hpp
[4.561s] -- Up-to-date: /home/robotica/ros2taller2/install/mi_robot_servicio/include/mi_robot_servicio/mi_robot_servicio/srv/detail/player__struct.hpp
[4.561s] -- Up-to-date: /home/robotica/ros2taller2/install/mi_robot_servicio/include/mi_robot_servicio/mi_robot_servicio/srv/detail/player__traits.hpp
[4.562s] -- Up-to-date: /home/robotica/ros2taller2/install/mi_robot_servicio/include/mi_robot_servicio/mi_robot_servicio
[4.563s] -- Up-to-date: /home/robotica/ros2taller2/install/mi_robot_servicio/include/mi_robot_servicio/mi_robot_servicio/srv
[4.563s] -- Up-to-date: /home/robotica/ros2taller2/install/mi_robot_servicio/include/mi_robot_servicio/mi_robot_servicio/srv/detail
[4.564s] -- Up-to-date: /home/robotica/ros2taller2/install/mi_robot_servicio/include/mi_robot_servicio/mi_robot_servicio/srv/detail/player__rosidl_typesupport_fastrtps_cpp.hpp
[4.564s] -- Up-to-date: /home/robotica/ros2taller2/install/mi_robot_servicio/include/mi_robot_servicio/mi_robot_servicio/srv/detail/dds_fastrtps
[4.565s] -- Up-to-date: /home/robotica/ros2taller2/install/mi_robot_servicio/include/mi_robot_servicio/mi_robot_servicio/msg
[4.567s] -- Up-to-date: /home/robotica/ros2taller2/install/mi_robot_servicio/include/mi_robot_servicio/mi_robot_servicio/msg/rosidl_typesupport_fastrtps_cpp__visibility_control.h
[4.568s] -- Up-to-date: /home/robotica/ros2taller2/install/mi_robot_servicio/lib/libmi_robot_servicio__rosidl_typesupport_fastrtps_cpp.so
[4.569s] -- Up-to-date: /home/robotica/ros2taller2/install/mi_robot_servicio/include/mi_robot_servicio/mi_robot_servicio
[4.569s] -- Up-to-date: /home/robotica/ros2taller2/install/mi_robot_servicio/include/mi_robot_servicio/mi_robot_servicio/srv
[4.570s] -- Up-to-date: /home/robotica/ros2taller2/install/mi_robot_servicio/include/mi_robot_servicio/mi_robot_servicio/srv/detail
[4.570s] -- Up-to-date: /home/robotica/ros2taller2/install/mi_robot_servicio/include/mi_robot_servicio/mi_robot_servicio/srv/detail/player__type_support.c
[4.571s] -- Up-to-date: /home/robotica/ros2taller2/install/mi_robot_servicio/include/mi_robot_servicio/mi_robot_servicio/srv/detail/player__rosidl_typesupport_introspection_c.h
[4.572s] -- Up-to-date: /home/robotica/ros2taller2/install/mi_robot_servicio/include/mi_robot_servicio/mi_robot_servicio/msg
[4.572s] -- Up-to-date: /home/robotica/ros2taller2/install/mi_robot_servicio/include/mi_robot_servicio/mi_robot_servicio/msg/rosidl_typesupport_introspection_c__visibility_control.h
[4.573s] -- Up-to-date: /home/robotica/ros2taller2/install/mi_robot_servicio/lib/libmi_robot_servicio__rosidl_typesupport_introspection_c.so
[4.573s] -- Up-to-date: /home/robotica/ros2taller2/install/mi_robot_servicio/lib/libmi_robot_servicio__rosidl_typesupport_c.so
[4.575s] -- Up-to-date: /home/robotica/ros2taller2/install/mi_robot_servicio/include/mi_robot_servicio/mi_robot_servicio
[4.576s] -- Up-to-date: /home/robotica/ros2taller2/install/mi_robot_servicio/include/mi_robot_servicio/mi_robot_servicio/srv
[4.576s] -- Up-to-date: /home/robotica/ros2taller2/install/mi_robot_servicio/include/mi_robot_servicio/mi_robot_servicio/srv/detail
[4.577s] -- Up-to-date: /home/robotica/ros2taller2/install/mi_robot_servicio/include/mi_robot_servicio/mi_robot_servicio/srv/detail/player__type_support.cpp
[4.577s] -- Up-to-date: /home/robotica/ros2taller2/install/mi_robot_servicio/include/mi_robot_servicio/mi_robot_servicio/srv/detail/player__rosidl_typesupport_introspection_cpp.hpp
[4.578s] -- Up-to-date: /home/robotica/ros2taller2/install/mi_robot_servicio/lib/libmi_robot_servicio__rosidl_typesupport_introspection_cpp.so
[4.581s] -- Up-to-date: /home/robotica/ros2taller2/install/mi_robot_servicio/lib/libmi_robot_servicio__rosidl_typesupport_cpp.so
[4.586s] -- Up-to-date: /home/robotica/ros2taller2/install/mi_robot_servicio/share/mi_robot_servicio/environment/pythonpath.sh
[4.586s] -- Up-to-date: /home/robotica/ros2taller2/install/mi_robot_servicio/share/mi_robot_servicio/environment/pythonpath.dsv
[4.587s] -- Up-to-date: /home/robotica/ros2taller2/install/mi_robot_servicio/local/lib/python3.10/dist-packages/mi_robot_servicio-0.0.0-py3.10.egg-info
[4.588s] -- Installing: /home/robotica/ros2taller2/install/mi_robot_servicio/local/lib/python3.10/dist-packages/mi_robot_servicio-0.0.0-py3.10.egg-info/PKG-INFO
[4.595s] -- Installing: /home/robotica/ros2taller2/install/mi_robot_servicio/local/lib/python3.10/dist-packages/mi_robot_servicio-0.0.0-py3.10.egg-info/top_level.txt
[4.596s] -- Installing: /home/robotica/ros2taller2/install/mi_robot_servicio/local/lib/python3.10/dist-packages/mi_robot_servicio-0.0.0-py3.10.egg-info/SOURCES.txt
[4.596s] -- Installing: /home/robotica/ros2taller2/install/mi_robot_servicio/local/lib/python3.10/dist-packages/mi_robot_servicio-0.0.0-py3.10.egg-info/dependency_links.txt
[4.597s] -- Up-to-date: /home/robotica/ros2taller2/install/mi_robot_servicio/local/lib/python3.10/dist-packages/mi_robot_servicio
[4.597s] -- Up-to-date: /home/robotica/ros2taller2/install/mi_robot_servicio/local/lib/python3.10/dist-packages/mi_robot_servicio/srv
[4.599s] -- Up-to-date: /home/robotica/ros2taller2/install/mi_robot_servicio/local/lib/python3.10/dist-packages/mi_robot_servicio/srv/__init__.py
[4.608s] -- Up-to-date: /home/robotica/ros2taller2/install/mi_robot_servicio/local/lib/python3.10/dist-packages/mi_robot_servicio/srv/_player.py
[4.609s] -- Up-to-date: /home/robotica/ros2taller2/install/mi_robot_servicio/local/lib/python3.10/dist-packages/mi_robot_servicio/srv/_player_s.c
[4.611s] -- Up-to-date: /home/robotica/ros2taller2/install/mi_robot_servicio/local/lib/python3.10/dist-packages/mi_robot_servicio/libmi_robot_servicio_srv__rosidl_generator_py.so
[4.613s] -- Up-to-date: /home/robotica/ros2taller2/install/mi_robot_servicio/local/lib/python3.10/dist-packages/mi_robot_servicio/__init__.py
[4.614s] -- Up-to-date: /home/robotica/ros2taller2/install/mi_robot_servicio/local/lib/python3.10/dist-packages/mi_robot_servicio/libmi_robot_servicio__rosidl_generator_py.so
[4.615s] -- Up-to-date: /home/robotica/ros2taller2/install/mi_robot_servicio/local/lib/python3.10/dist-packages/mi_robot_servicio/mi_robot_servicio_s__rosidl_typesupport_fastrtps_c.cpython-310-aarch64-linux-gnu.so
[4.616s] -- Up-to-date: /home/robotica/ros2taller2/install/mi_robot_servicio/local/lib/python3.10/dist-packages/mi_robot_servicio/mi_robot_servicio_s__rosidl_typesupport_c.cpython-310-aarch64-linux-gnu.so
[4.617s] -- Up-to-date: /home/robotica/ros2taller2/install/mi_robot_servicio/local/lib/python3.10/dist-packages/mi_robot_servicio/mi_robot_servicio_s__rosidl_typesupport_introspection_c.cpython-310-aarch64-linux-gnu.so
[4.617s] -- Up-to-date: /home/robotica/ros2taller2/install/mi_robot_servicio/local/lib/python3.10/dist-packages/mi_robot_servicio/_mi_robot_servicio_s.ep.rosidl_typesupport_introspection_c.c
[4.618s] -- Up-to-date: /home/robotica/ros2taller2/install/mi_robot_servicio/local/lib/python3.10/dist-packages/mi_robot_servicio/_mi_robot_servicio_s.ep.rosidl_typesupport_fastrtps_c.c
[4.619s] -- Up-to-date: /home/robotica/ros2taller2/install/mi_robot_servicio/local/lib/python3.10/dist-packages/mi_robot_servicio/_mi_robot_servicio_s.ep.rosidl_typesupport_c.c
[4.795s] Listing '/home/robotica/ros2taller2/install/mi_robot_servicio/local/lib/python3.10/dist-packages/mi_robot_servicio'...
[4.803s] Listing '/home/robotica/ros2taller2/install/mi_robot_servicio/local/lib/python3.10/dist-packages/mi_robot_servicio/srv'...
[4.836s] -- Up-to-date: /home/robotica/ros2taller2/install/mi_robot_servicio/local/lib/python3.10/dist-packages/mi_robot_servicio/mi_robot_servicio_s__rosidl_typesupport_fastrtps_c.cpython-310-aarch64-linux-gnu.so
[4.838s] -- Up-to-date: /home/robotica/ros2taller2/install/mi_robot_servicio/local/lib/python3.10/dist-packages/mi_robot_servicio/mi_robot_servicio_s__rosidl_typesupport_introspection_c.cpython-310-aarch64-linux-gnu.so
[4.841s] -- Up-to-date: /home/robotica/ros2taller2/install/mi_robot_servicio/local/lib/python3.10/dist-packages/mi_robot_servicio/mi_robot_servicio_s__rosidl_typesupport_c.cpython-310-aarch64-linux-gnu.so
[4.843s] -- Up-to-date: /home/robotica/ros2taller2/install/mi_robot_servicio/lib/libmi_robot_servicio__rosidl_generator_py.so
[4.845s] -- Up-to-date: /home/robotica/ros2taller2/install/mi_robot_servicio/share/mi_robot_servicio/srv/Player.idl
[4.846s] -- Up-to-date: /home/robotica/ros2taller2/install/mi_robot_servicio/share/mi_robot_servicio/srv/Player.srv
[4.846s] -- Up-to-date: /home/robotica/ros2taller2/install/mi_robot_servicio/share/mi_robot_servicio/srv/Player_Request.msg
[4.847s] -- Up-to-date: /home/robotica/ros2taller2/install/mi_robot_servicio/share/mi_robot_servicio/srv/Player_Response.msg
[4.848s] -- Up-to-date: /home/robotica/ros2taller2/install/mi_robot_servicio/share/ament_index/resource_index/package_run_dependencies/mi_robot_servicio
[4.848s] -- Up-to-date: /home/robotica/ros2taller2/install/mi_robot_servicio/share/ament_index/resource_index/parent_prefix_path/mi_robot_servicio
[4.849s] -- Up-to-date: /home/robotica/ros2taller2/install/mi_robot_servicio/share/mi_robot_servicio/environment/ament_prefix_path.sh
[4.850s] -- Up-to-date: /home/robotica/ros2taller2/install/mi_robot_servicio/share/mi_robot_servicio/environment/ament_prefix_path.dsv
[4.850s] -- Up-to-date: /home/robotica/ros2taller2/install/mi_robot_servicio/share/mi_robot_servicio/environment/path.sh
[4.851s] -- Up-to-date: /home/robotica/ros2taller2/install/mi_robot_servicio/share/mi_robot_servicio/environment/path.dsv
[4.852s] -- Up-to-date: /home/robotica/ros2taller2/install/mi_robot_servicio/share/mi_robot_servicio/local_setup.bash
[4.852s] -- Up-to-date: /home/robotica/ros2taller2/install/mi_robot_servicio/share/mi_robot_servicio/local_setup.sh
[4.853s] -- Up-to-date: /home/robotica/ros2taller2/install/mi_robot_servicio/share/mi_robot_servicio/local_setup.zsh
[4.853s] -- Up-to-date: /home/robotica/ros2taller2/install/mi_robot_servicio/share/mi_robot_servicio/local_setup.dsv
[4.854s] -- Installing: /home/robotica/ros2taller2/install/mi_robot_servicio/share/mi_robot_servicio/package.dsv
[4.854s] -- Up-to-date: /home/robotica/ros2taller2/install/mi_robot_servicio/share/ament_index/resource_index/packages/mi_robot_servicio
[4.855s] -- Up-to-date: /home/robotica/ros2taller2/install/mi_robot_servicio/share/mi_robot_servicio/cmake/export_mi_robot_servicio__rosidl_generator_cExport.cmake
[4.856s] -- Up-to-date: /home/robotica/ros2taller2/install/mi_robot_servicio/share/mi_robot_servicio/cmake/export_mi_robot_servicio__rosidl_generator_cExport-noconfig.cmake
[4.858s] -- Up-to-date: /home/robotica/ros2taller2/install/mi_robot_servicio/share/mi_robot_servicio/cmake/export_mi_robot_servicio__rosidl_typesupport_fastrtps_cExport.cmake
[4.858s] -- Up-to-date: /home/robotica/ros2taller2/install/mi_robot_servicio/share/mi_robot_servicio/cmake/export_mi_robot_servicio__rosidl_typesupport_fastrtps_cExport-noconfig.cmake
[4.859s] -- Up-to-date: /home/robotica/ros2taller2/install/mi_robot_servicio/share/mi_robot_servicio/cmake/export_mi_robot_servicio__rosidl_generator_cppExport.cmake
[4.860s] -- Up-to-date: /home/robotica/ros2taller2/install/mi_robot_servicio/share/mi_robot_servicio/cmake/export_mi_robot_servicio__rosidl_typesupport_fastrtps_cppExport.cmake
[4.861s] -- Up-to-date: /home/robotica/ros2taller2/install/mi_robot_servicio/share/mi_robot_servicio/cmake/export_mi_robot_servicio__rosidl_typesupport_fastrtps_cppExport-noconfig.cmake
[4.862s] -- Up-to-date: /home/robotica/ros2taller2/install/mi_robot_servicio/share/mi_robot_servicio/cmake/mi_robot_servicio__rosidl_typesupport_introspection_cExport.cmake
[4.863s] -- Up-to-date: /home/robotica/ros2taller2/install/mi_robot_servicio/share/mi_robot_servicio/cmake/mi_robot_servicio__rosidl_typesupport_introspection_cExport-noconfig.cmake
[4.864s] -- Up-to-date: /home/robotica/ros2taller2/install/mi_robot_servicio/share/mi_robot_servicio/cmake/mi_robot_servicio__rosidl_typesupport_cExport.cmake
[4.865s] -- Up-to-date: /home/robotica/ros2taller2/install/mi_robot_servicio/share/mi_robot_servicio/cmake/mi_robot_servicio__rosidl_typesupport_cExport-noconfig.cmake
[4.866s] -- Up-to-date: /home/robotica/ros2taller2/install/mi_robot_servicio/share/mi_robot_servicio/cmake/mi_robot_servicio__rosidl_typesupport_introspection_cppExport.cmake
[4.867s] -- Up-to-date: /home/robotica/ros2taller2/install/mi_robot_servicio/share/mi_robot_servicio/cmake/mi_robot_servicio__rosidl_typesupport_introspection_cppExport-noconfig.cmake
[4.868s] -- Up-to-date: /home/robotica/ros2taller2/install/mi_robot_servicio/share/mi_robot_servicio/cmake/mi_robot_servicio__rosidl_typesupport_cppExport.cmake
[4.870s] -- Up-to-date: /home/robotica/ros2taller2/install/mi_robot_servicio/share/mi_robot_servicio/cmake/mi_robot_servicio__rosidl_typesupport_cppExport-noconfig.cmake
[4.871s] -- Up-to-date: /home/robotica/ros2taller2/install/mi_robot_servicio/share/mi_robot_servicio/cmake/export_mi_robot_servicio__rosidl_generator_pyExport.cmake
[4.871s] -- Up-to-date: /home/robotica/ros2taller2/install/mi_robot_servicio/share/mi_robot_servicio/cmake/export_mi_robot_servicio__rosidl_generator_pyExport-noconfig.cmake
[4.872s] -- Up-to-date: /home/robotica/ros2taller2/install/mi_robot_servicio/share/mi_robot_servicio/cmake/rosidl_cmake-extras.cmake
[4.873s] -- Up-to-date: /home/robotica/ros2taller2/install/mi_robot_servicio/share/mi_robot_servicio/cmake/ament_cmake_export_dependencies-extras.cmake
[4.873s] -- Up-to-date: /home/robotica/ros2taller2/install/mi_robot_servicio/share/mi_robot_servicio/cmake/ament_cmake_export_include_directories-extras.cmake
[4.874s] -- Up-to-date: /home/robotica/ros2taller2/install/mi_robot_servicio/share/mi_robot_servicio/cmake/ament_cmake_export_libraries-extras.cmake
[4.875s] -- Up-to-date: /home/robotica/ros2taller2/install/mi_robot_servicio/share/mi_robot_servicio/cmake/ament_cmake_export_targets-extras.cmake
[4.876s] -- Up-to-date: /home/robotica/ros2taller2/install/mi_robot_servicio/share/mi_robot_servicio/cmake/rosidl_cmake_export_typesupport_targets-extras.cmake
[4.876s] -- Up-to-date: /home/robotica/ros2taller2/install/mi_robot_servicio/share/mi_robot_servicio/cmake/rosidl_cmake_export_typesupport_libraries-extras.cmake
[4.877s] -- Up-to-date: /home/robotica/ros2taller2/install/mi_robot_servicio/share/mi_robot_servicio/cmake/mi_robot_servicioConfig.cmake
[4.877s] -- Up-to-date: /home/robotica/ros2taller2/install/mi_robot_servicio/share/mi_robot_servicio/cmake/mi_robot_servicioConfig-version.cmake
[4.878s] -- Up-to-date: /home/robotica/ros2taller2/install/mi_robot_servicio/share/mi_robot_servicio/package.xml
[4.888s] Invoked command in '/home/robotica/ros2taller2/build/mi_robot_servicio' returned '0': CMAKE_PREFIX_PATH=${CMAKE_PREFIX_PATH}:/home/robotica/ros2taller2/install/mi_robot_3:/opt/ros/humble /usr/bin/cmake --install /home/robotica/ros2taller2/build/mi_robot_servicio
