[1.409s] Invoking command in '/home/robotica/ros2taller2/build/mi_robot_servicio': CMAKE_PREFIX_PATH=/opt/ros/humble /usr/bin/cmake --build /home/robotica/ros2taller2/build/mi_robot_servicio -- -j4 -l4
[2.130s] [  3%] Built target mi_robot_servicio__cpp
[2.221s] [  3%] Built target ament_cmake_python_copy_mi_robot_servicio
[2.222s] [ 12%] Built target mi_robot_servicio__rosidl_generator_c
[2.395s] [ 22%] Built target mi_robot_servicio__rosidl_typesupport_introspection_cpp
[2.417s] [ 32%] Built target mi_robot_servicio__rosidl_typesupport_fastrtps_cpp
[2.443s] [ 41%] Built target mi_robot_servicio__rosidl_typesupport_cpp
[2.624s] [ 51%] Built target mi_robot_servicio__rosidl_typesupport_introspection_c
[2.632s] [ 61%] Built target mi_robot_servicio__rosidl_typesupport_fastrtps_c
[2.680s] [ 70%] Built target mi_robot_servicio__rosidl_typesupport_c
[2.825s] [ 70%] Built target mi_robot_servicio
[2.980s] [ 74%] Built target mi_robot_servicio__py
[3.153s] [ 80%] Built target mi_robot_servicio__rosidl_generator_py
[3.341s] [ 87%] Built target mi_robot_servicio__rosidl_typesupport_fastrtps_c__pyext
[3.387s] [ 93%] Built target mi_robot_servicio__rosidl_typesupport_introspection_c__pyext
[3.396s] [100%] Built target mi_robot_servicio__rosidl_typesupport_c__pyext
[4.033s] running egg_info
[4.037s] writing mi_robot_servicio.egg-info/PKG-INFO
[4.038s] writing dependency_links to mi_robot_servicio.egg-info/dependency_links.txt
[4.039s] writing top-level names to mi_robot_servicio.egg-info/top_level.txt
[4.051s] reading manifest file 'mi_robot_servicio.egg-info/SOURCES.txt'
[4.057s] writing manifest file 'mi_robot_servicio.egg-info/SOURCES.txt'
[4.236s] [100%] Built target ament_cmake_python_build_mi_robot_servicio_egg
[4.296s] Invoked command in '/home/robotica/ros2taller2/build/mi_robot_servicio' returned '0': CMAKE_PREFIX_PATH=/opt/ros/humble /usr/bin/cmake --build /home/robotica/ros2taller2/build/mi_robot_servicio -- -j4 -l4
[4.747s] Invoking command in '/home/robotica/ros2taller2/build/mi_robot_servicio': CMAKE_PREFIX_PATH=/opt/ros/humble /usr/bin/cmake --install /home/robotica/ros2taller2/build/mi_robot_servicio
[4.785s] -- Install configuration: ""
[4.786s] -- Up-to-date: /home/robotica/ros2taller2/install/mi_robot_servicio/share/ament_index/resource_index/rosidl_interfaces/mi_robot_servicio
[4.787s] -- Up-to-date: /home/robotica/ros2taller2/install/mi_robot_servicio/include/mi_robot_servicio/mi_robot_servicio
[4.788s] -- Up-to-date: /home/robotica/ros2taller2/install/mi_robot_servicio/include/mi_robot_servicio/mi_robot_servicio/srv
[4.789s] -- Up-to-date: /home/robotica/ros2taller2/install/mi_robot_servicio/include/mi_robot_servicio/mi_robot_servicio/srv/player.h
[4.791s] -- Up-to-date: /home/robotica/ros2taller2/install/mi_robot_servicio/include/mi_robot_servicio/mi_robot_servicio/srv/detail
[4.791s] -- Up-to-date: /home/robotica/ros2taller2/install/mi_robot_servicio/include/mi_robot_servicio/mi_robot_servicio/srv/detail/player__type_support.h
[4.792s] -- Up-to-date: /home/robotica/ros2taller2/install/mi_robot_servicio/include/mi_robot_servicio/mi_robot_servicio/srv/detail/player__functions.h
[4.793s] -- Up-to-date: /home/robotica/ros2taller2/install/mi_robot_servicio/include/mi_robot_servicio/mi_robot_servicio/srv/detail/player__functions.c
[4.793s] -- Up-to-date: /home/robotica/ros2taller2/install/mi_robot_servicio/include/mi_robot_servicio/mi_robot_servicio/srv/detail/player__struct.h
[4.794s] -- Up-to-date: /home/robotica/ros2taller2/install/mi_robot_servicio/include/mi_robot_servicio/mi_robot_servicio/msg
[4.794s] -- Up-to-date: /home/robotica/ros2taller2/install/mi_robot_servicio/include/mi_robot_servicio/mi_robot_servicio/msg/rosidl_generator_c__visibility_control.h
[4.795s] -- Up-to-date: /home/robotica/ros2taller2/install/mi_robot_servicio/share/mi_robot_servicio/environment/library_path.sh
[4.796s] -- Up-to-date: /home/robotica/ros2taller2/install/mi_robot_servicio/share/mi_robot_servicio/environment/library_path.dsv
[4.797s] -- Up-to-date: /home/robotica/ros2taller2/install/mi_robot_servicio/lib/libmi_robot_servicio__rosidl_generator_c.so
[4.799s] -- Up-to-date: /home/robotica/ros2taller2/install/mi_robot_servicio/include/mi_robot_servicio/mi_robot_servicio
[4.800s] -- Up-to-date: /home/robotica/ros2taller2/install/mi_robot_servicio/include/mi_robot_servicio/mi_robot_servicio/srv
[4.800s] -- Up-to-date: /home/robotica/ros2taller2/install/mi_robot_servicio/include/mi_robot_servicio/mi_robot_servicio/srv/detail
[4.801s] -- Up-to-date: /home/robotica/ros2taller2/install/mi_robot_servicio/include/mi_robot_servicio/mi_robot_servicio/srv/detail/player__rosidl_typesupport_fastrtps_c.h
[4.802s] -- Up-to-date: /home/robotica/ros2taller2/install/mi_robot_servicio/include/mi_robot_servicio/mi_robot_servicio/msg
[4.802s] -- Up-to-date: /home/robotica/ros2taller2/install/mi_robot_servicio/include/mi_robot_servicio/mi_robot_servicio/msg/rosidl_typesupport_fastrtps_c__visibility_control.h
[4.805s] -- Up-to-date: /home/robotica/ros2taller2/install/mi_robot_servicio/lib/libmi_robot_servicio__rosidl_typesupport_fastrtps_c.so
[4.807s] -- Up-to-date: /home/robotica/ros2taller2/install/mi_robot_servicio/include/mi_robot_servicio/mi_robot_servicio
[4.807s] -- Up-to-date: /home/robotica/ros2taller2/install/mi_robot_servicio/include/mi_robot_servicio/mi_robot_servicio/srv
[4.809s] -- Up-to-date: /home/robotica/ros2taller2/install/mi_robot_servicio/include/mi_robot_servicio/mi_robot_servicio/srv/player.hpp
[4.809s] -- Up-to-date: /home/robotica/ros2taller2/install/mi_robot_servicio/include/mi_robot_servicio/mi_robot_servicio/srv/detail
[4.811s] -- Up-to-date: /home/robotica/ros2taller2/install/mi_robot_servicio/include/mi_robot_servicio/mi_robot_servicio/srv/detail/player__builder.hpp
[4.812s] -- Up-to-date: /home/robotica/ros2taller2/install/mi_robot_servicio/include/mi_robot_servicio/mi_robot_servicio/srv/detail/player__struct.hpp
[4.812s] -- Up-to-date: /home/robotica/ros2taller2/install/mi_robot_servicio/include/mi_robot_servicio/mi_robot_servicio/srv/detail/player__traits.hpp
[4.813s] -- Up-to-date: /home/robotica/ros2taller2/install/mi_robot_servicio/include/mi_robot_servicio/mi_robot_servicio
[4.813s] -- Up-to-date: /home/robotica/ros2taller2/install/mi_robot_servicio/include/mi_robot_servicio/mi_robot_servicio/srv
[4.814s] -- Up-to-date: /home/robotica/ros2taller2/install/mi_robot_servicio/include/mi_robot_servicio/mi_robot_servicio/srv/detail
[4.814s] -- Up-to-date: /home/robotica/ros2taller2/install/mi_robot_servicio/include/mi_robot_servicio/mi_robot_servicio/srv/detail/player__rosidl_typesupport_fastrtps_cpp.hpp
[4.815s] -- Up-to-date: /home/robotica/ros2taller2/install/mi_robot_servicio/include/mi_robot_servicio/mi_robot_servicio/srv/detail/dds_fastrtps
[4.815s] -- Up-to-date: /home/robotica/ros2taller2/install/mi_robot_servicio/include/mi_robot_servicio/mi_robot_servicio/msg
[4.817s] -- Up-to-date: /home/robotica/ros2taller2/install/mi_robot_servicio/include/mi_robot_servicio/mi_robot_servicio/msg/rosidl_typesupport_fastrtps_cpp__visibility_control.h
[4.820s] -- Up-to-date: /home/robotica/ros2taller2/install/mi_robot_servicio/lib/libmi_robot_servicio__rosidl_typesupport_fastrtps_cpp.so
[4.821s] -- Up-to-date: /home/robotica/ros2taller2/install/mi_robot_servicio/include/mi_robot_servicio/mi_robot_servicio
[4.822s] -- Up-to-date: /home/robotica/ros2taller2/install/mi_robot_servicio/include/mi_robot_servicio/mi_robot_servicio/srv
[4.823s] -- Up-to-date: /home/robotica/ros2taller2/install/mi_robot_servicio/include/mi_robot_servicio/mi_robot_servicio/srv/detail
[4.823s] -- Up-to-date: /home/robotica/ros2taller2/install/mi_robot_servicio/include/mi_robot_servicio/mi_robot_servicio/srv/detail/player__type_support.c
[4.824s] -- Up-to-date: /home/robotica/ros2taller2/install/mi_robot_servicio/include/mi_robot_servicio/mi_robot_servicio/srv/detail/player__rosidl_typesupport_introspection_c.h
[4.825s] -- Up-to-date: /home/robotica/ros2taller2/install/mi_robot_servicio/include/mi_robot_servicio/mi_robot_servicio/msg
[4.825s] -- Up-to-date: /home/robotica/ros2taller2/install/mi_robot_servicio/include/mi_robot_servicio/mi_robot_servicio/msg/rosidl_typesupport_introspection_c__visibility_control.h
[4.827s] -- Up-to-date: /home/robotica/ros2taller2/install/mi_robot_servicio/lib/libmi_robot_servicio__rosidl_typesupport_introspection_c.so
[4.830s] -- Up-to-date: /home/robotica/ros2taller2/install/mi_robot_servicio/lib/libmi_robot_servicio__rosidl_typesupport_c.so
[4.832s] -- Up-to-date: /home/robotica/ros2taller2/install/mi_robot_servicio/include/mi_robot_servicio/mi_robot_servicio
[4.833s] -- Up-to-date: /home/robotica/ros2taller2/install/mi_robot_servicio/include/mi_robot_servicio/mi_robot_servicio/srv
[4.834s] -- Up-to-date: /home/robotica/ros2taller2/install/mi_robot_servicio/include/mi_robot_servicio/mi_robot_servicio/srv/detail
[4.835s] -- Up-to-date: /home/robotica/ros2taller2/install/mi_robot_servicio/include/mi_robot_servicio/mi_robot_servicio/srv/detail/player__type_support.cpp
[4.836s] -- Up-to-date: /home/robotica/ros2taller2/install/mi_robot_servicio/include/mi_robot_servicio/mi_robot_servicio/srv/detail/player__rosidl_typesupport_introspection_cpp.hpp
[4.839s] -- Up-to-date: /home/robotica/ros2taller2/install/mi_robot_servicio/lib/libmi_robot_servicio__rosidl_typesupport_introspection_cpp.so
[4.842s] -- Up-to-date: /home/robotica/ros2taller2/install/mi_robot_servicio/lib/libmi_robot_servicio__rosidl_typesupport_cpp.so
[4.844s] -- Up-to-date: /home/robotica/ros2taller2/install/mi_robot_servicio/share/mi_robot_servicio/environment/pythonpath.sh
[4.845s] -- Up-to-date: /home/robotica/ros2taller2/install/mi_robot_servicio/share/mi_robot_servicio/environment/pythonpath.dsv
[4.845s] -- Up-to-date: /home/robotica/ros2taller2/install/mi_robot_servicio/local/lib/python3.10/dist-packages/mi_robot_servicio-0.0.0-py3.10.egg-info
[4.846s] -- Installing: /home/robotica/ros2taller2/install/mi_robot_servicio/local/lib/python3.10/dist-packages/mi_robot_servicio-0.0.0-py3.10.egg-info/PKG-INFO
[4.848s] -- Installing: /home/robotica/ros2taller2/install/mi_robot_servicio/local/lib/python3.10/dist-packages/mi_robot_servicio-0.0.0-py3.10.egg-info/top_level.txt
[4.850s] -- Installing: /home/robotica/ros2taller2/install/mi_robot_servicio/local/lib/python3.10/dist-packages/mi_robot_servicio-0.0.0-py3.10.egg-info/SOURCES.txt
[4.851s] -- Installing: /home/robotica/ros2taller2/install/mi_robot_servicio/local/lib/python3.10/dist-packages/mi_robot_servicio-0.0.0-py3.10.egg-info/dependency_links.txt
[4.853s] -- Up-to-date: /home/robotica/ros2taller2/install/mi_robot_servicio/local/lib/python3.10/dist-packages/mi_robot_servicio
[4.854s] -- Up-to-date: /home/robotica/ros2taller2/install/mi_robot_servicio/local/lib/python3.10/dist-packages/mi_robot_servicio/srv
[4.854s] -- Up-to-date: /home/robotica/ros2taller2/install/mi_robot_servicio/local/lib/python3.10/dist-packages/mi_robot_servicio/srv/__init__.py
[4.855s] -- Up-to-date: /home/robotica/ros2taller2/install/mi_robot_servicio/local/lib/python3.10/dist-packages/mi_robot_servicio/srv/_player.py
[4.856s] -- Up-to-date: /home/robotica/ros2taller2/install/mi_robot_servicio/local/lib/python3.10/dist-packages/mi_robot_servicio/srv/_player_s.c
[4.856s] -- Up-to-date: /home/robotica/ros2taller2/install/mi_robot_servicio/local/lib/python3.10/dist-packages/mi_robot_servicio/libmi_robot_servicio_srv__rosidl_generator_py.so
[4.857s] -- Up-to-date: /home/robotica/ros2taller2/install/mi_robot_servicio/local/lib/python3.10/dist-packages/mi_robot_servicio/__init__.py
[4.858s] -- Up-to-date: /home/robotica/ros2taller2/install/mi_robot_servicio/local/lib/python3.10/dist-packages/mi_robot_servicio/libmi_robot_servicio__rosidl_generator_py.so
[4.858s] -- Up-to-date: /home/robotica/ros2taller2/install/mi_robot_servicio/local/lib/python3.10/dist-packages/mi_robot_servicio/mi_robot_servicio_s__rosidl_typesupport_fastrtps_c.cpython-310-aarch64-linux-gnu.so
[4.859s] -- Up-to-date: /home/robotica/ros2taller2/install/mi_robot_servicio/local/lib/python3.10/dist-packages/mi_robot_servicio/mi_robot_servicio_s__rosidl_typesupport_c.cpython-310-aarch64-linux-gnu.so
[4.860s] -- Up-to-date: /home/robotica/ros2taller2/install/mi_robot_servicio/local/lib/python3.10/dist-packages/mi_robot_servicio/mi_robot_servicio_s__rosidl_typesupport_introspection_c.cpython-310-aarch64-linux-gnu.so
[4.861s] -- Up-to-date: /home/robotica/ros2taller2/install/mi_robot_servicio/local/lib/python3.10/dist-packages/mi_robot_servicio/_mi_robot_servicio_s.ep.rosidl_typesupport_introspection_c.c
[4.861s] -- Up-to-date: /home/robotica/ros2taller2/install/mi_robot_servicio/local/lib/python3.10/dist-packages/mi_robot_servicio/_mi_robot_servicio_s.ep.rosidl_typesupport_fastrtps_c.c
[4.861s] -- Up-to-date: /home/robotica/ros2taller2/install/mi_robot_servicio/local/lib/python3.10/dist-packages/mi_robot_servicio/_mi_robot_servicio_s.ep.rosidl_typesupport_c.c
[5.058s] Listing '/home/robotica/ros2taller2/install/mi_robot_servicio/local/lib/python3.10/dist-packages/mi_robot_servicio'...
[5.060s] Listing '/home/robotica/ros2taller2/install/mi_robot_servicio/local/lib/python3.10/dist-packages/mi_robot_servicio/srv'...
[5.094s] -- Up-to-date: /home/robotica/ros2taller2/install/mi_robot_servicio/local/lib/python3.10/dist-packages/mi_robot_servicio/mi_robot_servicio_s__rosidl_typesupport_fastrtps_c.cpython-310-aarch64-linux-gnu.so
[5.098s] -- Up-to-date: /home/robotica/ros2taller2/install/mi_robot_servicio/local/lib/python3.10/dist-packages/mi_robot_servicio/mi_robot_servicio_s__rosidl_typesupport_introspection_c.cpython-310-aarch64-linux-gnu.so
[5.102s] -- Up-to-date: /home/robotica/ros2taller2/install/mi_robot_servicio/local/lib/python3.10/dist-packages/mi_robot_servicio/mi_robot_servicio_s__rosidl_typesupport_c.cpython-310-aarch64-linux-gnu.so
[5.106s] -- Up-to-date: /home/robotica/ros2taller2/install/mi_robot_servicio/lib/libmi_robot_servicio__rosidl_generator_py.so
[5.107s] -- Up-to-date: /home/robotica/ros2taller2/install/mi_robot_servicio/share/mi_robot_servicio/srv/Player.idl
[5.109s] -- Up-to-date: /home/robotica/ros2taller2/install/mi_robot_servicio/share/mi_robot_servicio/srv/Player.srv
[5.109s] -- Up-to-date: /home/robotica/ros2taller2/install/mi_robot_servicio/share/mi_robot_servicio/srv/Player_Request.msg
[5.110s] -- Up-to-date: /home/robotica/ros2taller2/install/mi_robot_servicio/share/mi_robot_servicio/srv/Player_Response.msg
[5.122s] -- Up-to-date: /home/robotica/ros2taller2/install/mi_robot_servicio/share/ament_index/resource_index/package_run_dependencies/mi_robot_servicio
[5.122s] -- Up-to-date: /home/robotica/ros2taller2/install/mi_robot_servicio/share/ament_index/resource_index/parent_prefix_path/mi_robot_servicio
[5.123s] -- Up-to-date: /home/robotica/ros2taller2/install/mi_robot_servicio/share/mi_robot_servicio/environment/ament_prefix_path.sh
[5.124s] -- Up-to-date: /home/robotica/ros2taller2/install/mi_robot_servicio/share/mi_robot_servicio/environment/ament_prefix_path.dsv
[5.124s] -- Up-to-date: /home/robotica/ros2taller2/install/mi_robot_servicio/share/mi_robot_servicio/environment/path.sh
[5.125s] -- Up-to-date: /home/robotica/ros2taller2/install/mi_robot_servicio/share/mi_robot_servicio/environment/path.dsv
[5.126s] -- Up-to-date: /home/robotica/ros2taller2/install/mi_robot_servicio/share/mi_robot_servicio/local_setup.bash
[5.126s] -- Up-to-date: /home/robotica/ros2taller2/install/mi_robot_servicio/share/mi_robot_servicio/local_setup.sh
[5.127s] -- Up-to-date: /home/robotica/ros2taller2/install/mi_robot_servicio/share/mi_robot_servicio/local_setup.zsh
[5.127s] -- Up-to-date: /home/robotica/ros2taller2/install/mi_robot_servicio/share/mi_robot_servicio/local_setup.dsv
[5.128s] -- Installing: /home/robotica/ros2taller2/install/mi_robot_servicio/share/mi_robot_servicio/package.dsv
[5.181s] -- Up-to-date: /home/robotica/ros2taller2/install/mi_robot_servicio/share/ament_index/resource_index/packages/mi_robot_servicio
[5.184s] -- Up-to-date: /home/robotica/ros2taller2/install/mi_robot_servicio/share/mi_robot_servicio/cmake/export_mi_robot_servicio__rosidl_generator_cExport.cmake
[5.186s] -- Up-to-date: /home/robotica/ros2taller2/install/mi_robot_servicio/share/mi_robot_servicio/cmake/export_mi_robot_servicio__rosidl_generator_cExport-noconfig.cmake
[5.189s] -- Up-to-date: /home/robotica/ros2taller2/install/mi_robot_servicio/share/mi_robot_servicio/cmake/export_mi_robot_servicio__rosidl_typesupport_fastrtps_cExport.cmake
[5.191s] -- Up-to-date: /home/robotica/ros2taller2/install/mi_robot_servicio/share/mi_robot_servicio/cmake/export_mi_robot_servicio__rosidl_typesupport_fastrtps_cExport-noconfig.cmake
[5.194s] -- Up-to-date: /home/robotica/ros2taller2/install/mi_robot_servicio/share/mi_robot_servicio/cmake/export_mi_robot_servicio__rosidl_generator_cppExport.cmake
[5.197s] -- Up-to-date: /home/robotica/ros2taller2/install/mi_robot_servicio/share/mi_robot_servicio/cmake/export_mi_robot_servicio__rosidl_typesupport_fastrtps_cppExport.cmake
[5.198s] -- Up-to-date: /home/robotica/ros2taller2/install/mi_robot_servicio/share/mi_robot_servicio/cmake/export_mi_robot_servicio__rosidl_typesupport_fastrtps_cppExport-noconfig.cmake
[5.202s] -- Up-to-date: /home/robotica/ros2taller2/install/mi_robot_servicio/share/mi_robot_servicio/cmake/mi_robot_servicio__rosidl_typesupport_introspection_cExport.cmake
[5.202s] -- Up-to-date: /home/robotica/ros2taller2/install/mi_robot_servicio/share/mi_robot_servicio/cmake/mi_robot_servicio__rosidl_typesupport_introspection_cExport-noconfig.cmake
[5.204s] -- Up-to-date: /home/robotica/ros2taller2/install/mi_robot_servicio/share/mi_robot_servicio/cmake/mi_robot_servicio__rosidl_typesupport_cExport.cmake
[5.205s] -- Up-to-date: /home/robotica/ros2taller2/install/mi_robot_servicio/share/mi_robot_servicio/cmake/mi_robot_servicio__rosidl_typesupport_cExport-noconfig.cmake
[5.206s] -- Up-to-date: /home/robotica/ros2taller2/install/mi_robot_servicio/share/mi_robot_servicio/cmake/mi_robot_servicio__rosidl_typesupport_introspection_cppExport.cmake
[5.207s] -- Up-to-date: /home/robotica/ros2taller2/install/mi_robot_servicio/share/mi_robot_servicio/cmake/mi_robot_servicio__rosidl_typesupport_introspection_cppExport-noconfig.cmake
[5.209s] -- Up-to-date: /home/robotica/ros2taller2/install/mi_robot_servicio/share/mi_robot_servicio/cmake/mi_robot_servicio__rosidl_typesupport_cppExport.cmake
[5.211s] -- Up-to-date: /home/robotica/ros2taller2/install/mi_robot_servicio/share/mi_robot_servicio/cmake/mi_robot_servicio__rosidl_typesupport_cppExport-noconfig.cmake
[5.213s] -- Up-to-date: /home/robotica/ros2taller2/install/mi_robot_servicio/share/mi_robot_servicio/cmake/export_mi_robot_servicio__rosidl_generator_pyExport.cmake
[5.214s] -- Up-to-date: /home/robotica/ros2taller2/install/mi_robot_servicio/share/mi_robot_servicio/cmake/export_mi_robot_servicio__rosidl_generator_pyExport-noconfig.cmake
[5.216s] -- Up-to-date: /home/robotica/ros2taller2/install/mi_robot_servicio/share/mi_robot_servicio/cmake/rosidl_cmake-extras.cmake
[5.217s] -- Up-to-date: /home/robotica/ros2taller2/install/mi_robot_servicio/share/mi_robot_servicio/cmake/ament_cmake_export_dependencies-extras.cmake
[5.217s] -- Up-to-date: /home/robotica/ros2taller2/install/mi_robot_servicio/share/mi_robot_servicio/cmake/ament_cmake_export_include_directories-extras.cmake
[5.218s] -- Up-to-date: /home/robotica/ros2taller2/install/mi_robot_servicio/share/mi_robot_servicio/cmake/ament_cmake_export_libraries-extras.cmake
[5.219s] -- Up-to-date: /home/robotica/ros2taller2/install/mi_robot_servicio/share/mi_robot_servicio/cmake/ament_cmake_export_targets-extras.cmake
[5.219s] -- Up-to-date: /home/robotica/ros2taller2/install/mi_robot_servicio/share/mi_robot_servicio/cmake/rosidl_cmake_export_typesupport_targets-extras.cmake
[5.220s] -- Up-to-date: /home/robotica/ros2taller2/install/mi_robot_servicio/share/mi_robot_servicio/cmake/rosidl_cmake_export_typesupport_libraries-extras.cmake
[5.220s] -- Up-to-date: /home/robotica/ros2taller2/install/mi_robot_servicio/share/mi_robot_servicio/cmake/mi_robot_servicioConfig.cmake
[5.221s] -- Up-to-date: /home/robotica/ros2taller2/install/mi_robot_servicio/share/mi_robot_servicio/cmake/mi_robot_servicioConfig-version.cmake
[5.222s] -- Up-to-date: /home/robotica/ros2taller2/install/mi_robot_servicio/share/mi_robot_servicio/package.xml
[5.233s] Invoked command in '/home/robotica/ros2taller2/build/mi_robot_servicio' returned '0': CMAKE_PREFIX_PATH=/opt/ros/humble /usr/bin/cmake --install /home/robotica/ros2taller2/build/mi_robot_servicio
