[1.512s] DEBUG:colcon:Command line arguments: ['/usr/bin/colcon', 'build']
[1.513s] DEBUG:colcon:Parsed command line arguments: Namespace(log_base=None, log_level=None, verb_name='build', build_base='build', install_base='install', merge_install=False, symlink_install=False, test_result_base=None, continue_on_error=False, executor='parallel', parallel_workers=4, event_handlers=None, ignore_user_meta=False, metas=['./colcon.meta'], base_paths=['.'], packages_ignore=None, packages_ignore_regex=None, paths=None, packages_up_to=None, packages_up_to_regex=None, packages_above=None, packages_above_and_dependencies=None, packages_above_depth=None, packages_select_by_dep=None, packages_skip_by_dep=None, packages_skip_up_to=None, packages_select_build_failed=False, packages_skip_build_finished=False, packages_select_test_failures=False, packages_skip_test_passed=False, packages_select=None, packages_skip=None, packages_select_regex=None, packages_skip_regex=None, packages_start=None, packages_end=None, allow_overriding=[], cmake_args=None, cmake_target=None, cmake_target_skip_unavailable=False, cmake_clean_cache=False, cmake_clean_first=False, cmake_force_configure=False, ament_cmake_args=None, catkin_cmake_args=None, catkin_skip_building_tests=False, verb_parser=<colcon_defaults.argument_parser.defaults.DefaultArgumentsDecorator object at 0xffffb82a7bb0>, verb_extension=<colcon_core.verb.build.BuildVerb object at 0xffffb8b4f550>, main=<bound method BuildVerb.main of <colcon_core.verb.build.BuildVerb object at 0xffffb8b4f550>>)
[1.664s] Level 1:colcon.colcon_core.package_discovery:discover_packages(colcon_meta) check parameters
[1.665s] Level 1:colcon.colcon_core.package_discovery:discover_packages(recursive) check parameters
[1.665s] Level 1:colcon.colcon_core.package_discovery:discover_packages(ignore) check parameters
[1.665s] Level 1:colcon.colcon_core.package_discovery:discover_packages(path) check parameters
[1.665s] Level 1:colcon.colcon_core.package_discovery:discover_packages(colcon_meta) discover
[1.666s] Level 1:colcon.colcon_core.package_discovery:discover_packages(recursive) discover
[1.666s] INFO:colcon.colcon_core.package_discovery:Crawling recursively for packages in '/home/robotica/ros2taller2'
[1.666s] Level 1:colcon.colcon_core.package_identification:_identify(.) by extensions ['ignore', 'ignore_ament_install']
[1.667s] Level 1:colcon.colcon_core.package_identification:_identify(.) by extension 'ignore'
[1.667s] Level 1:colcon.colcon_core.package_identification:_identify(.) by extension 'ignore_ament_install'
[1.667s] Level 1:colcon.colcon_core.package_identification:_identify(.) by extensions ['colcon_pkg']
[1.667s] Level 1:colcon.colcon_core.package_identification:_identify(.) by extension 'colcon_pkg'
[1.668s] Level 1:colcon.colcon_core.package_identification:_identify(.) by extensions ['colcon_meta']
[1.668s] Level 1:colcon.colcon_core.package_identification:_identify(.) by extension 'colcon_meta'
[1.668s] Level 1:colcon.colcon_core.package_identification:_identify(.) by extensions ['ros']
[1.668s] Level 1:colcon.colcon_core.package_identification:_identify(.) by extension 'ros'
[1.723s] Level 1:colcon.colcon_core.package_identification:_identify(.) by extensions ['cmake', 'python']
[1.723s] Level 1:colcon.colcon_core.package_identification:_identify(.) by extension 'cmake'
[1.723s] Level 1:colcon.colcon_core.package_identification:_identify(.) by extension 'python'
[1.724s] Level 1:colcon.colcon_core.package_identification:_identify(.) by extensions ['python_setup_py']
[1.724s] Level 1:colcon.colcon_core.package_identification:_identify(.) by extension 'python_setup_py'
[1.724s] Level 1:colcon.colcon_core.package_identification:_identify(build) by extensions ['ignore', 'ignore_ament_install']
[1.725s] Level 1:colcon.colcon_core.package_identification:_identify(build) by extension 'ignore'
[1.725s] Level 1:colcon.colcon_core.package_identification:_identify(build) ignored
[1.726s] Level 1:colcon.colcon_core.package_identification:_identify(install) by extensions ['ignore', 'ignore_ament_install']
[1.726s] Level 1:colcon.colcon_core.package_identification:_identify(install) by extension 'ignore'
[1.726s] Level 1:colcon.colcon_core.package_identification:_identify(install) ignored
[1.727s] Level 1:colcon.colcon_core.package_identification:_identify(log) by extensions ['ignore', 'ignore_ament_install']
[1.727s] Level 1:colcon.colcon_core.package_identification:_identify(log) by extension 'ignore'
[1.728s] Level 1:colcon.colcon_core.package_identification:_identify(log) ignored
[1.728s] Level 1:colcon.colcon_core.package_identification:_identify(motores) by extensions ['ignore', 'ignore_ament_install']
[1.728s] Level 1:colcon.colcon_core.package_identification:_identify(motores) by extension 'ignore'
[1.729s] Level 1:colcon.colcon_core.package_identification:_identify(motores) by extension 'ignore_ament_install'
[1.729s] Level 1:colcon.colcon_core.package_identification:_identify(motores) by extensions ['colcon_pkg']
[1.729s] Level 1:colcon.colcon_core.package_identification:_identify(motores) by extension 'colcon_pkg'
[1.729s] Level 1:colcon.colcon_core.package_identification:_identify(motores) by extensions ['colcon_meta']
[1.729s] Level 1:colcon.colcon_core.package_identification:_identify(motores) by extension 'colcon_meta'
[1.730s] Level 1:colcon.colcon_core.package_identification:_identify(motores) by extensions ['ros']
[1.730s] Level 1:colcon.colcon_core.package_identification:_identify(motores) by extension 'ros'
[1.730s] Level 1:colcon.colcon_core.package_identification:_identify(motores) by extensions ['cmake', 'python']
[1.730s] Level 1:colcon.colcon_core.package_identification:_identify(motores) by extension 'cmake'
[1.730s] Level 1:colcon.colcon_core.package_identification:_identify(motores) by extension 'python'
[1.731s] Level 1:colcon.colcon_core.package_identification:_identify(motores) by extensions ['python_setup_py']
[1.731s] Level 1:colcon.colcon_core.package_identification:_identify(motores) by extension 'python_setup_py'
[1.731s] Level 1:colcon.colcon_core.package_identification:_identify(motores/Taller2_real) by extensions ['ignore', 'ignore_ament_install']
[1.732s] Level 1:colcon.colcon_core.package_identification:_identify(motores/Taller2_real) by extension 'ignore'
[1.732s] Level 1:colcon.colcon_core.package_identification:_identify(motores/Taller2_real) by extension 'ignore_ament_install'
[1.732s] Level 1:colcon.colcon_core.package_identification:_identify(motores/Taller2_real) by extensions ['colcon_pkg']
[1.732s] Level 1:colcon.colcon_core.package_identification:_identify(motores/Taller2_real) by extension 'colcon_pkg'
[1.732s] Level 1:colcon.colcon_core.package_identification:_identify(motores/Taller2_real) by extensions ['colcon_meta']
[1.732s] Level 1:colcon.colcon_core.package_identification:_identify(motores/Taller2_real) by extension 'colcon_meta'
[1.733s] Level 1:colcon.colcon_core.package_identification:_identify(motores/Taller2_real) by extensions ['ros']
[1.733s] Level 1:colcon.colcon_core.package_identification:_identify(motores/Taller2_real) by extension 'ros'
[1.733s] Level 1:colcon.colcon_core.package_identification:_identify(motores/Taller2_real) by extensions ['cmake', 'python']
[1.733s] Level 1:colcon.colcon_core.package_identification:_identify(motores/Taller2_real) by extension 'cmake'
[1.734s] Level 1:colcon.colcon_core.package_identification:_identify(motores/Taller2_real) by extension 'python'
[1.734s] Level 1:colcon.colcon_core.package_identification:_identify(motores/Taller2_real) by extensions ['python_setup_py']
[1.734s] Level 1:colcon.colcon_core.package_identification:_identify(motores/Taller2_real) by extension 'python_setup_py'
[1.734s] Level 1:colcon.colcon_core.package_identification:_identify(src) by extensions ['ignore', 'ignore_ament_install']
[1.735s] Level 1:colcon.colcon_core.package_identification:_identify(src) by extension 'ignore'
[1.735s] Level 1:colcon.colcon_core.package_identification:_identify(src) by extension 'ignore_ament_install'
[1.735s] Level 1:colcon.colcon_core.package_identification:_identify(src) by extensions ['colcon_pkg']
[1.735s] Level 1:colcon.colcon_core.package_identification:_identify(src) by extension 'colcon_pkg'
[1.735s] Level 1:colcon.colcon_core.package_identification:_identify(src) by extensions ['colcon_meta']
[1.736s] Level 1:colcon.colcon_core.package_identification:_identify(src) by extension 'colcon_meta'
[1.736s] Level 1:colcon.colcon_core.package_identification:_identify(src) by extensions ['ros']
[1.736s] Level 1:colcon.colcon_core.package_identification:_identify(src) by extension 'ros'
[1.736s] Level 1:colcon.colcon_core.package_identification:_identify(src) by extensions ['cmake', 'python']
[1.736s] Level 1:colcon.colcon_core.package_identification:_identify(src) by extension 'cmake'
[1.737s] Level 1:colcon.colcon_core.package_identification:_identify(src) by extension 'python'
[1.737s] Level 1:colcon.colcon_core.package_identification:_identify(src) by extensions ['python_setup_py']
[1.737s] Level 1:colcon.colcon_core.package_identification:_identify(src) by extension 'python_setup_py'
[1.737s] Level 1:colcon.colcon_core.package_identification:_identify(src/mi_robot_3) by extensions ['ignore', 'ignore_ament_install']
[1.738s] Level 1:colcon.colcon_core.package_identification:_identify(src/mi_robot_3) by extension 'ignore'
[1.738s] Level 1:colcon.colcon_core.package_identification:_identify(src/mi_robot_3) by extension 'ignore_ament_install'
[1.738s] Level 1:colcon.colcon_core.package_identification:_identify(src/mi_robot_3) by extensions ['colcon_pkg']
[1.738s] Level 1:colcon.colcon_core.package_identification:_identify(src/mi_robot_3) by extension 'colcon_pkg'
[1.739s] Level 1:colcon.colcon_core.package_identification:_identify(src/mi_robot_3) by extensions ['colcon_meta']
[1.739s] Level 1:colcon.colcon_core.package_identification:_identify(src/mi_robot_3) by extension 'colcon_meta'
[1.739s] Level 1:colcon.colcon_core.package_identification:_identify(src/mi_robot_3) by extensions ['ros']
[1.739s] Level 1:colcon.colcon_core.package_identification:_identify(src/mi_robot_3) by extension 'ros'
[1.749s] DEBUG:colcon.colcon_core.package_identification:Package 'src/mi_robot_3' with type 'ros.ament_python' and name 'mi_robot_3'
[1.750s] Level 1:colcon.colcon_core.package_identification:_identify(src/mi_robot_servicio) by extensions ['ignore', 'ignore_ament_install']
[1.750s] Level 1:colcon.colcon_core.package_identification:_identify(src/mi_robot_servicio) by extension 'ignore'
[1.750s] Level 1:colcon.colcon_core.package_identification:_identify(src/mi_robot_servicio) by extension 'ignore_ament_install'
[1.751s] Level 1:colcon.colcon_core.package_identification:_identify(src/mi_robot_servicio) by extensions ['colcon_pkg']
[1.751s] Level 1:colcon.colcon_core.package_identification:_identify(src/mi_robot_servicio) by extension 'colcon_pkg'
[1.751s] Level 1:colcon.colcon_core.package_identification:_identify(src/mi_robot_servicio) by extensions ['colcon_meta']
[1.751s] Level 1:colcon.colcon_core.package_identification:_identify(src/mi_robot_servicio) by extension 'colcon_meta'
[1.751s] Level 1:colcon.colcon_core.package_identification:_identify(src/mi_robot_servicio) by extensions ['ros']
[1.752s] Level 1:colcon.colcon_core.package_identification:_identify(src/mi_robot_servicio) by extension 'ros'
[1.754s] DEBUG:colcon.colcon_core.package_identification:Package 'src/mi_robot_servicio' with type 'ros.ament_cmake' and name 'mi_robot_servicio'
[1.755s] Level 1:colcon.colcon_core.package_discovery:discover_packages(recursive) using defaults
[1.755s] Level 1:colcon.colcon_core.package_discovery:discover_packages(ignore) discover
[1.755s] Level 1:colcon.colcon_core.package_discovery:discover_packages(ignore) using defaults
[1.755s] Level 1:colcon.colcon_core.package_discovery:discover_packages(path) discover
[1.755s] Level 1:colcon.colcon_core.package_discovery:discover_packages(path) using defaults
[1.857s] Level 1:colcon.colcon_core.package_discovery:discover_packages(prefix_path) check parameters
[1.857s] Level 1:colcon.colcon_core.package_discovery:discover_packages(prefix_path) discover
[1.871s] DEBUG:colcon.colcon_installed_package_information.package_discovery:Found 2 installed packages in /home/robotica/ros2taller2/install
[1.880s] DEBUG:colcon.colcon_installed_package_information.package_discovery:Found 182 installed packages in /opt/ros/humble
[1.885s] Level 1:colcon.colcon_core.package_discovery:discover_packages(prefix_path) using defaults
[2.079s] Level 5:colcon.colcon_core.verb:set package 'mi_robot_3' build argument 'cmake_args' from command line to 'None'
[2.080s] Level 5:colcon.colcon_core.verb:set package 'mi_robot_3' build argument 'cmake_target' from command line to 'None'
[2.080s] Level 5:colcon.colcon_core.verb:set package 'mi_robot_3' build argument 'cmake_target_skip_unavailable' from command line to 'False'
[2.080s] Level 5:colcon.colcon_core.verb:set package 'mi_robot_3' build argument 'cmake_clean_cache' from command line to 'False'
[2.080s] Level 5:colcon.colcon_core.verb:set package 'mi_robot_3' build argument 'cmake_clean_first' from command line to 'False'
[2.080s] Level 5:colcon.colcon_core.verb:set package 'mi_robot_3' build argument 'cmake_force_configure' from command line to 'False'
[2.080s] Level 5:colcon.colcon_core.verb:set package 'mi_robot_3' build argument 'ament_cmake_args' from command line to 'None'
[2.080s] Level 5:colcon.colcon_core.verb:set package 'mi_robot_3' build argument 'catkin_cmake_args' from command line to 'None'
[2.081s] Level 5:colcon.colcon_core.verb:set package 'mi_robot_3' build argument 'catkin_skip_building_tests' from command line to 'False'
[2.081s] DEBUG:colcon.colcon_core.verb:Building package 'mi_robot_3' with the following arguments: {'ament_cmake_args': None, 'build_base': '/home/robotica/ros2taller2/build/mi_robot_3', 'catkin_cmake_args': None, 'catkin_skip_building_tests': False, 'cmake_args': None, 'cmake_clean_cache': False, 'cmake_clean_first': False, 'cmake_force_configure': False, 'cmake_target': None, 'cmake_target_skip_unavailable': False, 'install_base': '/home/robotica/ros2taller2/install/mi_robot_3', 'merge_install': False, 'path': '/home/robotica/ros2taller2/src/mi_robot_3', 'symlink_install': False, 'test_result_base': None}
[2.085s] Level 5:colcon.colcon_core.verb:set package 'mi_robot_servicio' build argument 'cmake_args' from command line to 'None'
[2.085s] Level 5:colcon.colcon_core.verb:set package 'mi_robot_servicio' build argument 'cmake_target' from command line to 'None'
[2.086s] Level 5:colcon.colcon_core.verb:set package 'mi_robot_servicio' build argument 'cmake_target_skip_unavailable' from command line to 'False'
[2.086s] Level 5:colcon.colcon_core.verb:set package 'mi_robot_servicio' build argument 'cmake_clean_cache' from command line to 'False'
[2.086s] Level 5:colcon.colcon_core.verb:set package 'mi_robot_servicio' build argument 'cmake_clean_first' from command line to 'False'
[2.086s] Level 5:colcon.colcon_core.verb:set package 'mi_robot_servicio' build argument 'cmake_force_configure' from command line to 'False'
[2.086s] Level 5:colcon.colcon_core.verb:set package 'mi_robot_servicio' build argument 'ament_cmake_args' from command line to 'None'
[2.086s] Level 5:colcon.colcon_core.verb:set package 'mi_robot_servicio' build argument 'catkin_cmake_args' from command line to 'None'
[2.086s] Level 5:colcon.colcon_core.verb:set package 'mi_robot_servicio' build argument 'catkin_skip_building_tests' from command line to 'False'
[2.086s] DEBUG:colcon.colcon_core.verb:Building package 'mi_robot_servicio' with the following arguments: {'ament_cmake_args': None, 'build_base': '/home/robotica/ros2taller2/build/mi_robot_servicio', 'catkin_cmake_args': None, 'catkin_skip_building_tests': False, 'cmake_args': None, 'cmake_clean_cache': False, 'cmake_clean_first': False, 'cmake_force_configure': False, 'cmake_target': None, 'cmake_target_skip_unavailable': False, 'install_base': '/home/robotica/ros2taller2/install/mi_robot_servicio', 'merge_install': False, 'path': '/home/robotica/ros2taller2/src/mi_robot_servicio', 'symlink_install': False, 'test_result_base': None}
[2.090s] INFO:colcon.colcon_core.executor:Executing jobs using 'parallel' executor
[2.106s] DEBUG:colcon.colcon_parallel_executor.executor.parallel:run_until_complete
[2.107s] INFO:colcon.colcon_ros.task.ament_python.build:Building ROS package in '/home/robotica/ros2taller2/src/mi_robot_3' with build type 'ament_python'
[2.108s] Level 1:colcon.colcon_core.shell:create_environment_hook('mi_robot_3', 'ament_prefix_path')
[2.131s] INFO:colcon.colcon_core.plugin_system:Skipping extension 'colcon_core.shell.bat': Not used on non-Windows systems
[2.132s] INFO:colcon.colcon_core.shell:Creating environment hook '/home/robotica/ros2taller2/install/mi_robot_3/share/mi_robot_3/hook/ament_prefix_path.ps1'
[2.136s] INFO:colcon.colcon_core.shell:Creating environment descriptor '/home/robotica/ros2taller2/install/mi_robot_3/share/mi_robot_3/hook/ament_prefix_path.dsv'
[2.138s] INFO:colcon.colcon_core.shell:Creating environment hook '/home/robotica/ros2taller2/install/mi_robot_3/share/mi_robot_3/hook/ament_prefix_path.sh'
[2.151s] INFO:colcon.colcon_core.shell:Skip shell extension 'powershell' for command environment: Not usable outside of PowerShell
[2.152s] DEBUG:colcon.colcon_core.shell:Skip shell extension 'dsv' for command environment
[2.180s] INFO:colcon.colcon_ros.task.ament_cmake.build:Building ROS package in '/home/robotica/ros2taller2/src/mi_robot_servicio' with build type 'ament_cmake'
[2.181s] INFO:colcon.colcon_cmake.task.cmake.build:Building CMake package in '/home/robotica/ros2taller2/src/mi_robot_servicio'
[2.187s] INFO:colcon.colcon_core.shell:Skip shell extension 'powershell' for command environment: Not usable outside of PowerShell
[2.188s] DEBUG:colcon.colcon_core.shell:Skip shell extension 'dsv' for command environment
[3.506s] INFO:colcon.colcon_core.task.python.build:Building Python package in '/home/robotica/ros2taller2/src/mi_robot_3'
[3.511s] INFO:colcon.colcon_core.shell:Skip shell extension 'powershell' for command environment: Not usable outside of PowerShell
[3.512s] DEBUG:colcon.colcon_core.shell:Skip shell extension 'dsv' for command environment
[3.564s] DEBUG:colcon.colcon_core.event_handler.log_command:Invoking command in '/home/robotica/ros2taller2/build/mi_robot_servicio': CMAKE_PREFIX_PATH=${CMAKE_PREFIX_PATH}:/home/robotica/ros2taller2/install/mi_robot_3:/opt/ros/humble /usr/bin/cmake --build /home/robotica/ros2taller2/build/mi_robot_servicio -- -j4 -l4
[5.794s] DEBUG:colcon.colcon_core.event_handler.log_command:Invoking command in '/home/robotica/ros2taller2/src/mi_robot_3': PYTHONPATH=/home/robotica/ros2taller2/build/mi_robot_3/prefix_override:/home/robotica/ros2taller2/install/mi_robot_3/lib/python3.10/site-packages:${PYTHONPATH} /usr/bin/python3 setup.py egg_info --egg-base ../../build/mi_robot_3 build --build-base /home/robotica/ros2taller2/build/mi_robot_3/build install --record /home/robotica/ros2taller2/build/mi_robot_3/install.log --single-version-externally-managed
[6.011s] DEBUG:colcon.colcon_core.event_handler.log_command:Invoked command in '/home/robotica/ros2taller2/build/mi_robot_servicio' returned '0': CMAKE_PREFIX_PATH=${CMAKE_PREFIX_PATH}:/home/robotica/ros2taller2/install/mi_robot_3:/opt/ros/humble /usr/bin/cmake --build /home/robotica/ros2taller2/build/mi_robot_servicio -- -j4 -l4
[6.521s] DEBUG:colcon.colcon_core.event_handler.log_command:Invoking command in '/home/robotica/ros2taller2/build/mi_robot_servicio': CMAKE_PREFIX_PATH=${CMAKE_PREFIX_PATH}:/home/robotica/ros2taller2/install/mi_robot_3:/opt/ros/humble /usr/bin/cmake --install /home/robotica/ros2taller2/build/mi_robot_servicio
[6.879s] Level 1:colcon.colcon_core.environment:create_environment_scripts_only(mi_robot_servicio)
[6.884s] DEBUG:colcon.colcon_core.event_handler.log_command:Invoked command in '/home/robotica/ros2taller2/build/mi_robot_servicio' returned '0': CMAKE_PREFIX_PATH=${CMAKE_PREFIX_PATH}:/home/robotica/ros2taller2/install/mi_robot_3:/opt/ros/humble /usr/bin/cmake --install /home/robotica/ros2taller2/build/mi_robot_servicio
[6.915s] Level 1:colcon.colcon_core.environment:checking '/home/robotica/ros2taller2/install/mi_robot_servicio' for CMake module files
[6.922s] Level 1:colcon.colcon_core.environment:checking '/home/robotica/ros2taller2/install/mi_robot_servicio' for CMake config files
[6.925s] Level 1:colcon.colcon_core.shell:create_environment_hook('mi_robot_servicio', 'cmake_prefix_path')
[6.931s] INFO:colcon.colcon_core.shell:Creating environment hook '/home/robotica/ros2taller2/install/mi_robot_servicio/share/mi_robot_servicio/hook/cmake_prefix_path.ps1'
[6.934s] INFO:colcon.colcon_core.shell:Creating environment descriptor '/home/robotica/ros2taller2/install/mi_robot_servicio/share/mi_robot_servicio/hook/cmake_prefix_path.dsv'
[6.936s] INFO:colcon.colcon_core.shell:Creating environment hook '/home/robotica/ros2taller2/install/mi_robot_servicio/share/mi_robot_servicio/hook/cmake_prefix_path.sh'
[6.940s] Level 1:colcon.colcon_core.environment:checking '/home/robotica/ros2taller2/install/mi_robot_servicio/lib'
[6.941s] Level 1:colcon.colcon_core.shell:create_environment_hook('mi_robot_servicio', 'ld_library_path_lib')
[6.947s] INFO:colcon.colcon_core.shell:Creating environment hook '/home/robotica/ros2taller2/install/mi_robot_servicio/share/mi_robot_servicio/hook/ld_library_path_lib.ps1'
[6.950s] INFO:colcon.colcon_core.shell:Creating environment descriptor '/home/robotica/ros2taller2/install/mi_robot_servicio/share/mi_robot_servicio/hook/ld_library_path_lib.dsv'
[6.952s] INFO:colcon.colcon_core.shell:Creating environment hook '/home/robotica/ros2taller2/install/mi_robot_servicio/share/mi_robot_servicio/hook/ld_library_path_lib.sh'
[6.955s] Level 1:colcon.colcon_core.environment:checking '/home/robotica/ros2taller2/install/mi_robot_servicio/bin'
[6.955s] Level 1:colcon.colcon_core.environment:checking '/home/robotica/ros2taller2/install/mi_robot_servicio/lib/pkgconfig/mi_robot_servicio.pc'
[6.957s] Level 1:colcon.colcon_core.environment:checking '/home/robotica/ros2taller2/install/mi_robot_servicio/lib/python3.10/site-packages'
[6.958s] Level 1:colcon.colcon_core.environment:checking '/home/robotica/ros2taller2/install/mi_robot_servicio/bin'
[6.965s] INFO:colcon.colcon_core.shell:Creating package script '/home/robotica/ros2taller2/install/mi_robot_servicio/share/mi_robot_servicio/package.ps1'
[6.969s] INFO:colcon.colcon_core.shell:Creating package descriptor '/home/robotica/ros2taller2/install/mi_robot_servicio/share/mi_robot_servicio/package.dsv'
[6.972s] INFO:colcon.colcon_core.shell:Creating package script '/home/robotica/ros2taller2/install/mi_robot_servicio/share/mi_robot_servicio/package.sh'
[6.976s] INFO:colcon.colcon_core.shell:Creating package script '/home/robotica/ros2taller2/install/mi_robot_servicio/share/mi_robot_servicio/package.bash'
[6.981s] INFO:colcon.colcon_core.shell:Creating package script '/home/robotica/ros2taller2/install/mi_robot_servicio/share/mi_robot_servicio/package.zsh'
[6.985s] Level 1:colcon.colcon_core.environment:create_file_with_runtime_dependencies(/home/robotica/ros2taller2/install/mi_robot_servicio/share/colcon-core/packages/mi_robot_servicio)
[7.457s] Level 1:colcon.colcon_core.environment:create_environment_scripts_only(mi_robot_servicio)
[7.474s] Level 1:colcon.colcon_core.environment:checking '/home/robotica/ros2taller2/install/mi_robot_servicio' for CMake module files
[7.482s] Level 1:colcon.colcon_core.environment:checking '/home/robotica/ros2taller2/install/mi_robot_servicio' for CMake config files
[7.485s] Level 1:colcon.colcon_core.shell:create_environment_hook('mi_robot_servicio', 'cmake_prefix_path')
[7.501s] INFO:colcon.colcon_core.shell:Creating environment hook '/home/robotica/ros2taller2/install/mi_robot_servicio/share/mi_robot_servicio/hook/cmake_prefix_path.ps1'
[7.509s] INFO:colcon.colcon_core.shell:Creating environment descriptor '/home/robotica/ros2taller2/install/mi_robot_servicio/share/mi_robot_servicio/hook/cmake_prefix_path.dsv'
[7.517s] INFO:colcon.colcon_core.shell:Creating environment hook '/home/robotica/ros2taller2/install/mi_robot_servicio/share/mi_robot_servicio/hook/cmake_prefix_path.sh'
[7.526s] Level 1:colcon.colcon_core.environment:checking '/home/robotica/ros2taller2/install/mi_robot_servicio/lib'
[7.528s] Level 1:colcon.colcon_core.shell:create_environment_hook('mi_robot_servicio', 'ld_library_path_lib')
[7.543s] INFO:colcon.colcon_core.shell:Creating environment hook '/home/robotica/ros2taller2/install/mi_robot_servicio/share/mi_robot_servicio/hook/ld_library_path_lib.ps1'
[7.547s] INFO:colcon.colcon_core.shell:Creating environment descriptor '/home/robotica/ros2taller2/install/mi_robot_servicio/share/mi_robot_servicio/hook/ld_library_path_lib.dsv'
[7.550s] INFO:colcon.colcon_core.shell:Creating environment hook '/home/robotica/ros2taller2/install/mi_robot_servicio/share/mi_robot_servicio/hook/ld_library_path_lib.sh'
[7.553s] Level 1:colcon.colcon_core.environment:checking '/home/robotica/ros2taller2/install/mi_robot_servicio/bin'
[7.554s] Level 1:colcon.colcon_core.environment:checking '/home/robotica/ros2taller2/install/mi_robot_servicio/lib/pkgconfig/mi_robot_servicio.pc'
[7.556s] Level 1:colcon.colcon_core.environment:checking '/home/robotica/ros2taller2/install/mi_robot_servicio/lib/python3.10/site-packages'
[7.558s] Level 1:colcon.colcon_core.environment:checking '/home/robotica/ros2taller2/install/mi_robot_servicio/bin'
[7.567s] INFO:colcon.colcon_core.shell:Creating package script '/home/robotica/ros2taller2/install/mi_robot_servicio/share/mi_robot_servicio/package.ps1'
[7.571s] INFO:colcon.colcon_core.shell:Creating package descriptor '/home/robotica/ros2taller2/install/mi_robot_servicio/share/mi_robot_servicio/package.dsv'
[7.574s] INFO:colcon.colcon_core.shell:Creating package script '/home/robotica/ros2taller2/install/mi_robot_servicio/share/mi_robot_servicio/package.sh'
[7.577s] INFO:colcon.colcon_core.shell:Creating package script '/home/robotica/ros2taller2/install/mi_robot_servicio/share/mi_robot_servicio/package.bash'
[7.579s] INFO:colcon.colcon_core.shell:Creating package script '/home/robotica/ros2taller2/install/mi_robot_servicio/share/mi_robot_servicio/package.zsh'
[7.581s] Level 1:colcon.colcon_core.environment:create_file_with_runtime_dependencies(/home/robotica/ros2taller2/install/mi_robot_servicio/share/colcon-core/packages/mi_robot_servicio)
[7.593s] Level 1:colcon.colcon_core.environment:checking '/home/robotica/ros2taller2/install/mi_robot_3' for CMake module files
[7.596s] DEBUG:colcon.colcon_core.event_handler.log_command:Invoked command in '/home/robotica/ros2taller2/src/mi_robot_3' returned '0': PYTHONPATH=/home/robotica/ros2taller2/build/mi_robot_3/prefix_override:/home/robotica/ros2taller2/install/mi_robot_3/lib/python3.10/site-packages:${PYTHONPATH} /usr/bin/python3 setup.py egg_info --egg-base ../../build/mi_robot_3 build --build-base /home/robotica/ros2taller2/build/mi_robot_3/build install --record /home/robotica/ros2taller2/build/mi_robot_3/install.log --single-version-externally-managed
[7.598s] Level 1:colcon.colcon_core.environment:checking '/home/robotica/ros2taller2/install/mi_robot_3' for CMake config files
[7.603s] Level 1:colcon.colcon_core.environment:checking '/home/robotica/ros2taller2/install/mi_robot_3/lib'
[7.603s] Level 1:colcon.colcon_core.environment:checking '/home/robotica/ros2taller2/install/mi_robot_3/bin'
[7.603s] Level 1:colcon.colcon_core.environment:checking '/home/robotica/ros2taller2/install/mi_robot_3/lib/pkgconfig/mi_robot_3.pc'
[7.605s] Level 1:colcon.colcon_core.environment:checking '/home/robotica/ros2taller2/install/mi_robot_3/lib/python3.10/site-packages'
[7.605s] Level 1:colcon.colcon_core.shell:create_environment_hook('mi_robot_3', 'pythonpath')
[7.612s] INFO:colcon.colcon_core.shell:Creating environment hook '/home/robotica/ros2taller2/install/mi_robot_3/share/mi_robot_3/hook/pythonpath.ps1'
[7.615s] INFO:colcon.colcon_core.shell:Creating environment descriptor '/home/robotica/ros2taller2/install/mi_robot_3/share/mi_robot_3/hook/pythonpath.dsv'
[7.618s] INFO:colcon.colcon_core.shell:Creating environment hook '/home/robotica/ros2taller2/install/mi_robot_3/share/mi_robot_3/hook/pythonpath.sh'
[7.622s] Level 1:colcon.colcon_core.environment:checking '/home/robotica/ros2taller2/install/mi_robot_3/bin'
[7.623s] Level 1:colcon.colcon_core.environment:create_environment_scripts_only(mi_robot_3)
[7.630s] INFO:colcon.colcon_core.shell:Creating package script '/home/robotica/ros2taller2/install/mi_robot_3/share/mi_robot_3/package.ps1'
[7.633s] INFO:colcon.colcon_core.shell:Creating package descriptor '/home/robotica/ros2taller2/install/mi_robot_3/share/mi_robot_3/package.dsv'
[7.637s] INFO:colcon.colcon_core.shell:Creating package script '/home/robotica/ros2taller2/install/mi_robot_3/share/mi_robot_3/package.sh'
[7.640s] INFO:colcon.colcon_core.shell:Creating package script '/home/robotica/ros2taller2/install/mi_robot_3/share/mi_robot_3/package.bash'
[7.643s] INFO:colcon.colcon_core.shell:Creating package script '/home/robotica/ros2taller2/install/mi_robot_3/share/mi_robot_3/package.zsh'
[7.647s] Level 1:colcon.colcon_core.environment:create_file_with_runtime_dependencies(/home/robotica/ros2taller2/install/mi_robot_3/share/colcon-core/packages/mi_robot_3)
[7.649s] DEBUG:colcon.colcon_parallel_executor.executor.parallel:closing loop
[7.651s] DEBUG:colcon.colcon_parallel_executor.executor.parallel:loop closed
[7.652s] DEBUG:colcon.colcon_parallel_executor.executor.parallel:run_until_complete finished with '0'
[7.652s] DEBUG:colcon.colcon_core.event_reactor:joining thread
[7.684s] INFO:colcon.colcon_core.plugin_system:Skipping extension 'colcon_notification.desktop_notification.terminal_notifier': Not used on non-Darwin systems
[7.684s] INFO:colcon.colcon_core.plugin_system:Skipping extension 'colcon_notification.desktop_notification.win32': Not used on non-Windows systems
[7.685s] INFO:colcon.colcon_notification.desktop_notification:Sending desktop notification using 'notify2'
[7.768s] DEBUG:colcon.colcon_core.event_reactor:joined thread
[7.775s] INFO:colcon.colcon_core.shell:Creating prefix script '/home/robotica/ros2taller2/install/local_setup.ps1'
[7.781s] INFO:colcon.colcon_core.shell:Creating prefix util module '/home/robotica/ros2taller2/install/_local_setup_util_ps1.py'
[7.791s] INFO:colcon.colcon_core.shell:Creating prefix chain script '/home/robotica/ros2taller2/install/setup.ps1'
[7.802s] INFO:colcon.colcon_core.shell:Creating prefix script '/home/robotica/ros2taller2/install/local_setup.sh'
[7.806s] INFO:colcon.colcon_core.shell:Creating prefix util module '/home/robotica/ros2taller2/install/_local_setup_util_sh.py'
[7.813s] INFO:colcon.colcon_core.shell:Creating prefix chain script '/home/robotica/ros2taller2/install/setup.sh'
[7.824s] INFO:colcon.colcon_core.shell:Creating prefix script '/home/robotica/ros2taller2/install/local_setup.bash'
[7.828s] INFO:colcon.colcon_core.shell:Creating prefix chain script '/home/robotica/ros2taller2/install/setup.bash'
[7.839s] INFO:colcon.colcon_core.shell:Creating prefix script '/home/robotica/ros2taller2/install/local_setup.zsh'
[7.842s] INFO:colcon.colcon_core.shell:Creating prefix chain script '/home/robotica/ros2taller2/install/setup.zsh'
