[3.692s] Invoking command in '/home/robotica/ros2taller2/src/mi_robot_3': PYTHONPATH=/home/robotica/ros2taller2/build/mi_robot_3/prefix_override:/home/robotica/ros2taller2/install/mi_robot_3/lib/python3.10/site-packages:${PYTHONPATH} /usr/bin/python3 setup.py egg_info --egg-base ../../build/mi_robot_3 build --build-base /home/robotica/ros2taller2/build/mi_robot_3/build install --record /home/robotica/ros2taller2/build/mi_robot_3/install.log --single-version-externally-managed
[5.032s] running egg_info
[5.039s] writing ../../build/mi_robot_3/mi_robot_3.egg-info/PKG-INFO
[5.041s] writing dependency_links to ../../build/mi_robot_3/mi_robot_3.egg-info/dependency_links.txt
[5.042s] writing entry points to ../../build/mi_robot_3/mi_robot_3.egg-info/entry_points.txt
[5.042s] writing requirements to ../../build/mi_robot_3/mi_robot_3.egg-info/requires.txt
[5.043s] writing top-level names to ../../build/mi_robot_3/mi_robot_3.egg-info/top_level.txt
[5.052s] reading manifest file '../../build/mi_robot_3/mi_robot_3.egg-info/SOURCES.txt'
[5.057s] writing manifest file '../../build/mi_robot_3/mi_robot_3.egg-info/SOURCES.txt'
[5.058s] running build
[5.059s] running build_py
[5.062s] running install
[5.064s] /usr/lib/python3/dist-packages/setuptools/command/install.py:34: SetuptoolsDeprecationWarning: setup.py install is deprecated. Use build and pip and other standards-based tools.
[5.064s]   warnings.warn(
[5.065s] running install_lib
[5.076s] byte-compiling /home/robotica/ros2taller2/install/mi_robot_3/lib/python3.10/site-packages/mi_robot_3/robot_player2.py to robot_player2.cpython-310.pyc
[5.080s] Sorry: TabError: inconsistent use of tabs and spaces in indentation (robot_player2.py, line 24)
[5.081s] running install_data
[5.084s] running install_egg_info
[5.093s] removing '/home/robotica/ros2taller2/install/mi_robot_3/lib/python3.10/site-packages/mi_robot_3-0.0.0-py3.10.egg-info' (and everything under it)
[5.094s] Copying ../../build/mi_robot_3/mi_robot_3.egg-info to /home/robotica/ros2taller2/install/mi_robot_3/lib/python3.10/site-packages/mi_robot_3-0.0.0-py3.10.egg-info
[5.105s] running install_scripts
[5.205s] Installing robot_interfaces script to /home/robotica/ros2taller2/install/mi_robot_3/lib/mi_robot_3
[5.206s] Installing robot_interfaces_N script to /home/robotica/ros2taller2/install/mi_robot_3/lib/mi_robot_3
[5.207s] Installing robot_player script to /home/robotica/ros2taller2/install/mi_robot_3/lib/mi_robot_3
[5.208s] Installing robot_teleop script to /home/robotica/ros2taller2/install/mi_robot_3/lib/mi_robot_3
[5.210s] writing list of installed files to '/home/robotica/ros2taller2/build/mi_robot_3/install.log'
[5.360s] Invoked command in '/home/robotica/ros2taller2/src/mi_robot_3' returned '0': PYTHONPATH=/home/robotica/ros2taller2/build/mi_robot_3/prefix_override:/home/robotica/ros2taller2/install/mi_robot_3/lib/python3.10/site-packages:${PYTHONPATH} /usr/bin/python3 setup.py egg_info --egg-base ../../build/mi_robot_3 build --build-base /home/robotica/ros2taller2/build/mi_robot_3/build install --record /home/robotica/ros2taller2/build/mi_robot_3/install.log --single-version-externally-managed
