[1.454s] Invoking command in '/home/robotica/ros2taller2/build/mi_robot_servicio': CMAKE_PREFIX_PATH=${CMAKE_PREFIX_PATH}:/home/robotica/ros2taller2/install/mi_robot_3:/opt/ros/humble /usr/bin/cmake --build /home/robotica/ros2taller2/build/mi_robot_servicio -- -j4 -l4
[2.217s] [  3%] Built target mi_robot_servicio__cpp
[2.297s] [ 12%] Built target mi_robot_servicio__rosidl_generator_c
[2.317s] [ 12%] Built target ament_cmake_python_copy_mi_robot_servicio
[2.479s] [ 22%] Built target mi_robot_servicio__rosidl_typesupport_fastrtps_cpp
[2.487s] [ 32%] Built target mi_robot_servicio__rosidl_typesupport_introspection_cpp
[2.530s] [ 41%] Built target mi_robot_servicio__rosidl_typesupport_cpp
[2.543s] [ 51%] Built target mi_robot_servicio__rosidl_typesupport_fastrtps_c
[2.648s] [ 61%] Built target mi_robot_servicio__rosidl_typesupport_introspection_c
[2.683s] [ 70%] Built target mi_robot_servicio__rosidl_typesupport_c
[2.815s] [ 70%] Built target mi_robot_servicio
[2.980s] [ 74%] Built target mi_robot_servicio__py
[3.305s] [ 80%] Built target mi_robot_servicio__rosidl_generator_py
[3.502s] [ 87%] Built target mi_robot_servicio__rosidl_typesupport_introspection_c__pyext
[3.514s] [ 93%] Built target mi_robot_servicio__rosidl_typesupport_fastrtps_c__pyext
[3.536s] [100%] Built target mi_robot_servicio__rosidl_typesupport_c__pyext
[4.324s] running egg_info
[4.328s] writing mi_robot_servicio.egg-info/PKG-INFO
[4.330s] writing dependency_links to mi_robot_servicio.egg-info/dependency_links.txt
[4.331s] writing top-level names to mi_robot_servicio.egg-info/top_level.txt
[4.344s] reading manifest file 'mi_robot_servicio.egg-info/SOURCES.txt'
[4.349s] writing manifest file 'mi_robot_servicio.egg-info/SOURCES.txt'
[4.535s] [100%] Built target ament_cmake_python_build_mi_robot_servicio_egg
[4.596s] Invoked command in '/home/robotica/ros2taller2/build/mi_robot_servicio' returned '0': CMAKE_PREFIX_PATH=${CMAKE_PREFIX_PATH}:/home/robotica/ros2taller2/install/mi_robot_3:/opt/ros/humble /usr/bin/cmake --build /home/robotica/ros2taller2/build/mi_robot_servicio -- -j4 -l4
[5.097s] Invoking command in '/home/robotica/ros2taller2/build/mi_robot_servicio': CMAKE_PREFIX_PATH=${CMAKE_PREFIX_PATH}:/home/robotica/ros2taller2/install/mi_robot_3:/opt/ros/humble /usr/bin/cmake --install /home/robotica/ros2taller2/build/mi_robot_servicio
[5.139s] -- Install configuration: ""
[5.140s] -- Up-to-date: /home/robotica/ros2taller2/install/mi_robot_servicio/share/ament_index/resource_index/rosidl_interfaces/mi_robot_servicio
[5.145s] -- Up-to-date: /home/robotica/ros2taller2/install/mi_robot_servicio/include/mi_robot_servicio/mi_robot_servicio
[5.146s] -- Up-to-date: /home/robotica/ros2taller2/install/mi_robot_servicio/include/mi_robot_servicio/mi_robot_servicio/srv
[5.147s] -- Up-to-date: /home/robotica/ros2taller2/install/mi_robot_servicio/include/mi_robot_servicio/mi_robot_servicio/srv/player.h
[5.147s] -- Up-to-date: /home/robotica/ros2taller2/install/mi_robot_servicio/include/mi_robot_servicio/mi_robot_servicio/srv/detail
[5.148s] -- Up-to-date: /home/robotica/ros2taller2/install/mi_robot_servicio/include/mi_robot_servicio/mi_robot_servicio/srv/detail/player__type_support.h
[5.149s] -- Up-to-date: /home/robotica/ros2taller2/install/mi_robot_servicio/include/mi_robot_servicio/mi_robot_servicio/srv/detail/player__functions.h
[5.150s] -- Up-to-date: /home/robotica/ros2taller2/install/mi_robot_servicio/include/mi_robot_servicio/mi_robot_servicio/srv/detail/player__functions.c
[5.150s] -- Up-to-date: /home/robotica/ros2taller2/install/mi_robot_servicio/include/mi_robot_servicio/mi_robot_servicio/srv/detail/player__struct.h
[5.151s] -- Up-to-date: /home/robotica/ros2taller2/install/mi_robot_servicio/include/mi_robot_servicio/mi_robot_servicio/msg
[5.152s] -- Up-to-date: /home/robotica/ros2taller2/install/mi_robot_servicio/include/mi_robot_servicio/mi_robot_servicio/msg/rosidl_generator_c__visibility_control.h
[5.153s] -- Up-to-date: /home/robotica/ros2taller2/install/mi_robot_servicio/share/mi_robot_servicio/environment/library_path.sh
[5.154s] -- Up-to-date: /home/robotica/ros2taller2/install/mi_robot_servicio/share/mi_robot_servicio/environment/library_path.dsv
[5.157s] -- Up-to-date: /home/robotica/ros2taller2/install/mi_robot_servicio/lib/libmi_robot_servicio__rosidl_generator_c.so
[5.160s] -- Up-to-date: /home/robotica/ros2taller2/install/mi_robot_servicio/include/mi_robot_servicio/mi_robot_servicio
[5.168s] -- Up-to-date: /home/robotica/ros2taller2/install/mi_robot_servicio/include/mi_robot_servicio/mi_robot_servicio/srv
[5.169s] -- Up-to-date: /home/robotica/ros2taller2/install/mi_robot_servicio/include/mi_robot_servicio/mi_robot_servicio/srv/detail
[5.170s] -- Up-to-date: /home/robotica/ros2taller2/install/mi_robot_servicio/include/mi_robot_servicio/mi_robot_servicio/srv/detail/player__rosidl_typesupport_fastrtps_c.h
[5.171s] -- Up-to-date: /home/robotica/ros2taller2/install/mi_robot_servicio/include/mi_robot_servicio/mi_robot_servicio/msg
[5.172s] -- Up-to-date: /home/robotica/ros2taller2/install/mi_robot_servicio/include/mi_robot_servicio/mi_robot_servicio/msg/rosidl_typesupport_fastrtps_c__visibility_control.h
[5.173s] -- Up-to-date: /home/robotica/ros2taller2/install/mi_robot_servicio/lib/libmi_robot_servicio__rosidl_typesupport_fastrtps_c.so
[5.175s] -- Up-to-date: /home/robotica/ros2taller2/install/mi_robot_servicio/include/mi_robot_servicio/mi_robot_servicio
[5.176s] -- Up-to-date: /home/robotica/ros2taller2/install/mi_robot_servicio/include/mi_robot_servicio/mi_robot_servicio/srv
[5.176s] -- Up-to-date: /home/robotica/ros2taller2/install/mi_robot_servicio/include/mi_robot_servicio/mi_robot_servicio/srv/player.hpp
[5.177s] -- Up-to-date: /home/robotica/ros2taller2/install/mi_robot_servicio/include/mi_robot_servicio/mi_robot_servicio/srv/detail
[5.177s] -- Up-to-date: /home/robotica/ros2taller2/install/mi_robot_servicio/include/mi_robot_servicio/mi_robot_servicio/srv/detail/player__builder.hpp
[5.179s] -- Up-to-date: /home/robotica/ros2taller2/install/mi_robot_servicio/include/mi_robot_servicio/mi_robot_servicio/srv/detail/player__struct.hpp
[5.179s] -- Up-to-date: /home/robotica/ros2taller2/install/mi_robot_servicio/include/mi_robot_servicio/mi_robot_servicio/srv/detail/player__traits.hpp
[5.181s] -- Up-to-date: /home/robotica/ros2taller2/install/mi_robot_servicio/include/mi_robot_servicio/mi_robot_servicio
[5.186s] -- Up-to-date: /home/robotica/ros2taller2/install/mi_robot_servicio/include/mi_robot_servicio/mi_robot_servicio/srv
[5.187s] -- Up-to-date: /home/robotica/ros2taller2/install/mi_robot_servicio/include/mi_robot_servicio/mi_robot_servicio/srv/detail
[5.188s] -- Up-to-date: /home/robotica/ros2taller2/install/mi_robot_servicio/include/mi_robot_servicio/mi_robot_servicio/srv/detail/player__rosidl_typesupport_fastrtps_cpp.hpp
[5.188s] -- Up-to-date: /home/robotica/ros2taller2/install/mi_robot_servicio/include/mi_robot_servicio/mi_robot_servicio/srv/detail/dds_fastrtps
[5.189s] -- Up-to-date: /home/robotica/ros2taller2/install/mi_robot_servicio/include/mi_robot_servicio/mi_robot_servicio/msg
[5.189s] -- Up-to-date: /home/robotica/ros2taller2/install/mi_robot_servicio/include/mi_robot_servicio/mi_robot_servicio/msg/rosidl_typesupport_fastrtps_cpp__visibility_control.h
[5.190s] -- Up-to-date: /home/robotica/ros2taller2/install/mi_robot_servicio/lib/libmi_robot_servicio__rosidl_typesupport_fastrtps_cpp.so
[5.190s] -- Up-to-date: /home/robotica/ros2taller2/install/mi_robot_servicio/include/mi_robot_servicio/mi_robot_servicio
[5.191s] -- Up-to-date: /home/robotica/ros2taller2/install/mi_robot_servicio/include/mi_robot_servicio/mi_robot_servicio/srv
[5.192s] -- Up-to-date: /home/robotica/ros2taller2/install/mi_robot_servicio/include/mi_robot_servicio/mi_robot_servicio/srv/detail
[5.192s] -- Up-to-date: /home/robotica/ros2taller2/install/mi_robot_servicio/include/mi_robot_servicio/mi_robot_servicio/srv/detail/player__type_support.c
[5.193s] -- Up-to-date: /home/robotica/ros2taller2/install/mi_robot_servicio/include/mi_robot_servicio/mi_robot_servicio/srv/detail/player__rosidl_typesupport_introspection_c.h
[5.193s] -- Up-to-date: /home/robotica/ros2taller2/install/mi_robot_servicio/include/mi_robot_servicio/mi_robot_servicio/msg
[5.194s] -- Up-to-date: /home/robotica/ros2taller2/install/mi_robot_servicio/include/mi_robot_servicio/mi_robot_servicio/msg/rosidl_typesupport_introspection_c__visibility_control.h
[5.194s] -- Up-to-date: /home/robotica/ros2taller2/install/mi_robot_servicio/lib/libmi_robot_servicio__rosidl_typesupport_introspection_c.so
[5.195s] -- Up-to-date: /home/robotica/ros2taller2/install/mi_robot_servicio/lib/libmi_robot_servicio__rosidl_typesupport_c.so
[5.197s] -- Up-to-date: /home/robotica/ros2taller2/install/mi_robot_servicio/include/mi_robot_servicio/mi_robot_servicio
[5.198s] -- Up-to-date: /home/robotica/ros2taller2/install/mi_robot_servicio/include/mi_robot_servicio/mi_robot_servicio/srv
[5.198s] -- Up-to-date: /home/robotica/ros2taller2/install/mi_robot_servicio/include/mi_robot_servicio/mi_robot_servicio/srv/detail
[5.199s] -- Up-to-date: /home/robotica/ros2taller2/install/mi_robot_servicio/include/mi_robot_servicio/mi_robot_servicio/srv/detail/player__type_support.cpp
[5.199s] -- Up-to-date: /home/robotica/ros2taller2/install/mi_robot_servicio/include/mi_robot_servicio/mi_robot_servicio/srv/detail/player__rosidl_typesupport_introspection_cpp.hpp
[5.202s] -- Up-to-date: /home/robotica/ros2taller2/install/mi_robot_servicio/lib/libmi_robot_servicio__rosidl_typesupport_introspection_cpp.so
[5.205s] -- Up-to-date: /home/robotica/ros2taller2/install/mi_robot_servicio/lib/libmi_robot_servicio__rosidl_typesupport_cpp.so
[5.207s] -- Up-to-date: /home/robotica/ros2taller2/install/mi_robot_servicio/share/mi_robot_servicio/environment/pythonpath.sh
[5.207s] -- Up-to-date: /home/robotica/ros2taller2/install/mi_robot_servicio/share/mi_robot_servicio/environment/pythonpath.dsv
[5.209s] -- Up-to-date: /home/robotica/ros2taller2/install/mi_robot_servicio/local/lib/python3.10/dist-packages/mi_robot_servicio-0.0.0-py3.10.egg-info
[5.210s] -- Installing: /home/robotica/ros2taller2/install/mi_robot_servicio/local/lib/python3.10/dist-packages/mi_robot_servicio-0.0.0-py3.10.egg-info/PKG-INFO
[5.210s] -- Installing: /home/robotica/ros2taller2/install/mi_robot_servicio/local/lib/python3.10/dist-packages/mi_robot_servicio-0.0.0-py3.10.egg-info/top_level.txt
[5.212s] -- Installing: /home/robotica/ros2taller2/install/mi_robot_servicio/local/lib/python3.10/dist-packages/mi_robot_servicio-0.0.0-py3.10.egg-info/SOURCES.txt
[5.213s] -- Installing: /home/robotica/ros2taller2/install/mi_robot_servicio/local/lib/python3.10/dist-packages/mi_robot_servicio-0.0.0-py3.10.egg-info/dependency_links.txt
[5.215s] -- Up-to-date: /home/robotica/ros2taller2/install/mi_robot_servicio/local/lib/python3.10/dist-packages/mi_robot_servicio
[5.219s] -- Up-to-date: /home/robotica/ros2taller2/install/mi_robot_servicio/local/lib/python3.10/dist-packages/mi_robot_servicio/srv
[5.220s] -- Up-to-date: /home/robotica/ros2taller2/install/mi_robot_servicio/local/lib/python3.10/dist-packages/mi_robot_servicio/srv/__init__.py
[5.220s] -- Up-to-date: /home/robotica/ros2taller2/install/mi_robot_servicio/local/lib/python3.10/dist-packages/mi_robot_servicio/srv/_player.py
[5.221s] -- Up-to-date: /home/robotica/ros2taller2/install/mi_robot_servicio/local/lib/python3.10/dist-packages/mi_robot_servicio/srv/_player_s.c
[5.222s] -- Up-to-date: /home/robotica/ros2taller2/install/mi_robot_servicio/local/lib/python3.10/dist-packages/mi_robot_servicio/libmi_robot_servicio_srv__rosidl_generator_py.so
[5.222s] -- Up-to-date: /home/robotica/ros2taller2/install/mi_robot_servicio/local/lib/python3.10/dist-packages/mi_robot_servicio/__init__.py
[5.223s] -- Up-to-date: /home/robotica/ros2taller2/install/mi_robot_servicio/local/lib/python3.10/dist-packages/mi_robot_servicio/libmi_robot_servicio__rosidl_generator_py.so
[5.223s] -- Up-to-date: /home/robotica/ros2taller2/install/mi_robot_servicio/local/lib/python3.10/dist-packages/mi_robot_servicio/mi_robot_servicio_s__rosidl_typesupport_fastrtps_c.cpython-310-aarch64-linux-gnu.so
[5.224s] -- Up-to-date: /home/robotica/ros2taller2/install/mi_robot_servicio/local/lib/python3.10/dist-packages/mi_robot_servicio/mi_robot_servicio_s__rosidl_typesupport_c.cpython-310-aarch64-linux-gnu.so
[5.225s] -- Up-to-date: /home/robotica/ros2taller2/install/mi_robot_servicio/local/lib/python3.10/dist-packages/mi_robot_servicio/mi_robot_servicio_s__rosidl_typesupport_introspection_c.cpython-310-aarch64-linux-gnu.so
[5.225s] -- Up-to-date: /home/robotica/ros2taller2/install/mi_robot_servicio/local/lib/python3.10/dist-packages/mi_robot_servicio/_mi_robot_servicio_s.ep.rosidl_typesupport_introspection_c.c
[5.226s] -- Up-to-date: /home/robotica/ros2taller2/install/mi_robot_servicio/local/lib/python3.10/dist-packages/mi_robot_servicio/_mi_robot_servicio_s.ep.rosidl_typesupport_fastrtps_c.c
[5.226s] -- Up-to-date: /home/robotica/ros2taller2/install/mi_robot_servicio/local/lib/python3.10/dist-packages/mi_robot_servicio/_mi_robot_servicio_s.ep.rosidl_typesupport_c.c
[5.431s] Listing '/home/robotica/ros2taller2/install/mi_robot_servicio/local/lib/python3.10/dist-packages/mi_robot_servicio'...
[5.434s] Listing '/home/robotica/ros2taller2/install/mi_robot_servicio/local/lib/python3.10/dist-packages/mi_robot_servicio/srv'...
[5.470s] -- Up-to-date: /home/robotica/ros2taller2/install/mi_robot_servicio/local/lib/python3.10/dist-packages/mi_robot_servicio/mi_robot_servicio_s__rosidl_typesupport_fastrtps_c.cpython-310-aarch64-linux-gnu.so
[5.471s] -- Up-to-date: /home/robotica/ros2taller2/install/mi_robot_servicio/local/lib/python3.10/dist-packages/mi_robot_servicio/mi_robot_servicio_s__rosidl_typesupport_introspection_c.cpython-310-aarch64-linux-gnu.so
[5.475s] -- Up-to-date: /home/robotica/ros2taller2/install/mi_robot_servicio/local/lib/python3.10/dist-packages/mi_robot_servicio/mi_robot_servicio_s__rosidl_typesupport_c.cpython-310-aarch64-linux-gnu.so
[5.482s] -- Up-to-date: /home/robotica/ros2taller2/install/mi_robot_servicio/lib/libmi_robot_servicio__rosidl_generator_py.so
[5.487s] -- Up-to-date: /home/robotica/ros2taller2/install/mi_robot_servicio/share/mi_robot_servicio/srv/Player.idl
[5.488s] -- Up-to-date: /home/robotica/ros2taller2/install/mi_robot_servicio/share/mi_robot_servicio/srv/Player.srv
[5.490s] -- Up-to-date: /home/robotica/ros2taller2/install/mi_robot_servicio/share/mi_robot_servicio/srv/Player_Request.msg
[5.491s] -- Up-to-date: /home/robotica/ros2taller2/install/mi_robot_servicio/share/mi_robot_servicio/srv/Player_Response.msg
[5.492s] -- Up-to-date: /home/robotica/ros2taller2/install/mi_robot_servicio/share/ament_index/resource_index/package_run_dependencies/mi_robot_servicio
[5.493s] -- Up-to-date: /home/robotica/ros2taller2/install/mi_robot_servicio/share/ament_index/resource_index/parent_prefix_path/mi_robot_servicio
[5.494s] -- Up-to-date: /home/robotica/ros2taller2/install/mi_robot_servicio/share/mi_robot_servicio/environment/ament_prefix_path.sh
[5.495s] -- Up-to-date: /home/robotica/ros2taller2/install/mi_robot_servicio/share/mi_robot_servicio/environment/ament_prefix_path.dsv
[5.496s] -- Up-to-date: /home/robotica/ros2taller2/install/mi_robot_servicio/share/mi_robot_servicio/environment/path.sh
[5.496s] -- Up-to-date: /home/robotica/ros2taller2/install/mi_robot_servicio/share/mi_robot_servicio/environment/path.dsv
[5.497s] -- Up-to-date: /home/robotica/ros2taller2/install/mi_robot_servicio/share/mi_robot_servicio/local_setup.bash
[5.497s] -- Up-to-date: /home/robotica/ros2taller2/install/mi_robot_servicio/share/mi_robot_servicio/local_setup.sh
[5.498s] -- Up-to-date: /home/robotica/ros2taller2/install/mi_robot_servicio/share/mi_robot_servicio/local_setup.zsh
[5.498s] -- Up-to-date: /home/robotica/ros2taller2/install/mi_robot_servicio/share/mi_robot_servicio/local_setup.dsv
[5.499s] -- Installing: /home/robotica/ros2taller2/install/mi_robot_servicio/share/mi_robot_servicio/package.dsv
[5.502s] -- Up-to-date: /home/robotica/ros2taller2/install/mi_robot_servicio/share/ament_index/resource_index/packages/mi_robot_servicio
[5.508s] -- Up-to-date: /home/robotica/ros2taller2/install/mi_robot_servicio/share/mi_robot_servicio/cmake/export_mi_robot_servicio__rosidl_generator_cExport.cmake
[5.509s] -- Up-to-date: /home/robotica/ros2taller2/install/mi_robot_servicio/share/mi_robot_servicio/cmake/export_mi_robot_servicio__rosidl_generator_cExport-noconfig.cmake
[5.511s] -- Up-to-date: /home/robotica/ros2taller2/install/mi_robot_servicio/share/mi_robot_servicio/cmake/export_mi_robot_servicio__rosidl_typesupport_fastrtps_cExport.cmake
[5.511s] -- Up-to-date: /home/robotica/ros2taller2/install/mi_robot_servicio/share/mi_robot_servicio/cmake/export_mi_robot_servicio__rosidl_typesupport_fastrtps_cExport-noconfig.cmake
[5.514s] -- Up-to-date: /home/robotica/ros2taller2/install/mi_robot_servicio/share/mi_robot_servicio/cmake/export_mi_robot_servicio__rosidl_generator_cppExport.cmake
[5.517s] -- Up-to-date: /home/robotica/ros2taller2/install/mi_robot_servicio/share/mi_robot_servicio/cmake/export_mi_robot_servicio__rosidl_typesupport_fastrtps_cppExport.cmake
[5.517s] -- Up-to-date: /home/robotica/ros2taller2/install/mi_robot_servicio/share/mi_robot_servicio/cmake/export_mi_robot_servicio__rosidl_typesupport_fastrtps_cppExport-noconfig.cmake
[5.520s] -- Up-to-date: /home/robotica/ros2taller2/install/mi_robot_servicio/share/mi_robot_servicio/cmake/mi_robot_servicio__rosidl_typesupport_introspection_cExport.cmake
[5.521s] -- Up-to-date: /home/robotica/ros2taller2/install/mi_robot_servicio/share/mi_robot_servicio/cmake/mi_robot_servicio__rosidl_typesupport_introspection_cExport-noconfig.cmake
[5.524s] -- Up-to-date: /home/robotica/ros2taller2/install/mi_robot_servicio/share/mi_robot_servicio/cmake/mi_robot_servicio__rosidl_typesupport_cExport.cmake
[5.525s] -- Up-to-date: /home/robotica/ros2taller2/install/mi_robot_servicio/share/mi_robot_servicio/cmake/mi_robot_servicio__rosidl_typesupport_cExport-noconfig.cmake
[5.527s] -- Up-to-date: /home/robotica/ros2taller2/install/mi_robot_servicio/share/mi_robot_servicio/cmake/mi_robot_servicio__rosidl_typesupport_introspection_cppExport.cmake
[5.528s] -- Up-to-date: /home/robotica/ros2taller2/install/mi_robot_servicio/share/mi_robot_servicio/cmake/mi_robot_servicio__rosidl_typesupport_introspection_cppExport-noconfig.cmake
[5.531s] -- Up-to-date: /home/robotica/ros2taller2/install/mi_robot_servicio/share/mi_robot_servicio/cmake/mi_robot_servicio__rosidl_typesupport_cppExport.cmake
[5.532s] -- Up-to-date: /home/robotica/ros2taller2/install/mi_robot_servicio/share/mi_robot_servicio/cmake/mi_robot_servicio__rosidl_typesupport_cppExport-noconfig.cmake
[5.535s] -- Up-to-date: /home/robotica/ros2taller2/install/mi_robot_servicio/share/mi_robot_servicio/cmake/export_mi_robot_servicio__rosidl_generator_pyExport.cmake
[5.535s] -- Up-to-date: /home/robotica/ros2taller2/install/mi_robot_servicio/share/mi_robot_servicio/cmake/export_mi_robot_servicio__rosidl_generator_pyExport-noconfig.cmake
[5.536s] -- Up-to-date: /home/robotica/ros2taller2/install/mi_robot_servicio/share/mi_robot_servicio/cmake/rosidl_cmake-extras.cmake
[5.537s] -- Up-to-date: /home/robotica/ros2taller2/install/mi_robot_servicio/share/mi_robot_servicio/cmake/ament_cmake_export_dependencies-extras.cmake
[5.537s] -- Up-to-date: /home/robotica/ros2taller2/install/mi_robot_servicio/share/mi_robot_servicio/cmake/ament_cmake_export_include_directories-extras.cmake
[5.538s] -- Up-to-date: /home/robotica/ros2taller2/install/mi_robot_servicio/share/mi_robot_servicio/cmake/ament_cmake_export_libraries-extras.cmake
[5.539s] -- Up-to-date: /home/robotica/ros2taller2/install/mi_robot_servicio/share/mi_robot_servicio/cmake/ament_cmake_export_targets-extras.cmake
[5.539s] -- Up-to-date: /home/robotica/ros2taller2/install/mi_robot_servicio/share/mi_robot_servicio/cmake/rosidl_cmake_export_typesupport_targets-extras.cmake
[5.540s] -- Up-to-date: /home/robotica/ros2taller2/install/mi_robot_servicio/share/mi_robot_servicio/cmake/rosidl_cmake_export_typesupport_libraries-extras.cmake
[5.541s] -- Up-to-date: /home/robotica/ros2taller2/install/mi_robot_servicio/share/mi_robot_servicio/cmake/mi_robot_servicioConfig.cmake
[5.542s] -- Up-to-date: /home/robotica/ros2taller2/install/mi_robot_servicio/share/mi_robot_servicio/cmake/mi_robot_servicioConfig-version.cmake
[5.542s] -- Up-to-date: /home/robotica/ros2taller2/install/mi_robot_servicio/share/mi_robot_servicio/package.xml
[5.554s] Invoked command in '/home/robotica/ros2taller2/build/mi_robot_servicio' returned '0': CMAKE_PREFIX_PATH=${CMAKE_PREFIX_PATH}:/home/robotica/ros2taller2/install/mi_robot_3:/opt/ros/humble /usr/bin/cmake --install /home/robotica/ros2taller2/build/mi_robot_servicio
