running egg_info
creating ../../build/mi_robot_3/mi_robot_3.egg-info
writing ../../build/mi_robot_3/mi_robot_3.egg-info/PKG-INFO
writing dependency_links to ../../build/mi_robot_3/mi_robot_3.egg-info/dependency_links.txt
writing entry points to ../../build/mi_robot_3/mi_robot_3.egg-info/entry_points.txt
writing requirements to ../../build/mi_robot_3/mi_robot_3.egg-info/requires.txt
writing top-level names to ../../build/mi_robot_3/mi_robot_3.egg-info/top_level.txt
writing manifest file '../../build/mi_robot_3/mi_robot_3.egg-info/SOURCES.txt'
reading manifest file '../../build/mi_robot_3/mi_robot_3.egg-info/SOURCES.txt'
writing manifest file '../../build/mi_robot_3/mi_robot_3.egg-info/SOURCES.txt'
running build
running build_py
creating /home/robotica/ros2taller2/build/mi_robot_3/build
creating /home/robotica/ros2taller2/build/mi_robot_3/build/lib
creating /home/robotica/ros2taller2/build/mi_robot_3/build/lib/mi_robot_3
copying mi_robot_3/__init__.py -> /home/robotica/ros2taller2/build/mi_robot_3/build/lib/mi_robot_3
copying mi_robot_3/robot_interfaces_N.py -> /home/robotica/ros2taller2/build/mi_robot_3/build/lib/mi_robot_3
copying mi_robot_3/robot_teleop.py -> /home/robotica/ros2taller2/build/mi_robot_3/build/lib/mi_robot_3
copying mi_robot_3/robot_interfaces.py -> /home/robotica/ros2taller2/build/mi_robot_3/build/lib/mi_robot_3
copying mi_robot_3/robot_player.py -> /home/robotica/ros2taller2/build/mi_robot_3/build/lib/mi_robot_3
running install
/usr/lib/python3/dist-packages/setuptools/command/install.py:34: SetuptoolsDeprecationWarning: setup.py install is deprecated. Use build and pip and other standards-based tools.
  warnings.warn(
running install_lib
creating /home/robotica/ros2taller2/install/mi_robot_3/lib/python3.10/site-packages/mi_robot_3
copying /home/robotica/ros2taller2/build/mi_robot_3/build/lib/mi_robot_3/__init__.py -> /home/robotica/ros2taller2/install/mi_robot_3/lib/python3.10/site-packages/mi_robot_3
copying /home/robotica/ros2taller2/build/mi_robot_3/build/lib/mi_robot_3/robot_interfaces_N.py -> /home/robotica/ros2taller2/install/mi_robot_3/lib/python3.10/site-packages/mi_robot_3
copying /home/robotica/ros2taller2/build/mi_robot_3/build/lib/mi_robot_3/robot_teleop.py -> /home/robotica/ros2taller2/install/mi_robot_3/lib/python3.10/site-packages/mi_robot_3
copying /home/robotica/ros2taller2/build/mi_robot_3/build/lib/mi_robot_3/robot_interfaces.py -> /home/robotica/ros2taller2/install/mi_robot_3/lib/python3.10/site-packages/mi_robot_3
copying /home/robotica/ros2taller2/build/mi_robot_3/build/lib/mi_robot_3/robot_player.py -> /home/robotica/ros2taller2/install/mi_robot_3/lib/python3.10/site-packages/mi_robot_3
byte-compiling /home/robotica/ros2taller2/install/mi_robot_3/lib/python3.10/site-packages/mi_robot_3/__init__.py to __init__.cpython-310.pyc
byte-compiling /home/robotica/ros2taller2/install/mi_robot_3/lib/python3.10/site-packages/mi_robot_3/robot_interfaces_N.py to robot_interfaces_N.cpython-310.pyc
byte-compiling /home/robotica/ros2taller2/install/mi_robot_3/lib/python3.10/site-packages/mi_robot_3/robot_teleop.py to robot_teleop.cpython-310.pyc
byte-compiling /home/robotica/ros2taller2/install/mi_robot_3/lib/python3.10/site-packages/mi_robot_3/robot_interfaces.py to robot_interfaces.cpython-310.pyc
byte-compiling /home/robotica/ros2taller2/install/mi_robot_3/lib/python3.10/site-packages/mi_robot_3/robot_player.py to robot_player.cpython-310.pyc
running install_data
creating /home/robotica/ros2taller2/install/mi_robot_3/share/ament_index
creating /home/robotica/ros2taller2/install/mi_robot_3/share/ament_index/resource_index
creating /home/robotica/ros2taller2/install/mi_robot_3/share/ament_index/resource_index/packages
copying resource/mi_robot_3 -> /home/robotica/ros2taller2/install/mi_robot_3/share/ament_index/resource_index/packages
copying package.xml -> /home/robotica/ros2taller2/install/mi_robot_3/share/mi_robot_3
running install_egg_info
Copying ../../build/mi_robot_3/mi_robot_3.egg-info to /home/robotica/ros2taller2/install/mi_robot_3/lib/python3.10/site-packages/mi_robot_3-0.0.0-py3.10.egg-info
running install_scripts
Installing robot_interfaces script to /home/robotica/ros2taller2/install/mi_robot_3/lib/mi_robot_3
Installing robot_interfaces_N script to /home/robotica/ros2taller2/install/mi_robot_3/lib/mi_robot_3
Installing robot_player script to /home/robotica/ros2taller2/install/mi_robot_3/lib/mi_robot_3
Installing robot_teleop script to /home/robotica/ros2taller2/install/mi_robot_3/lib/mi_robot_3
writing list of installed files to '/home/robotica/ros2taller2/build/mi_robot_3/install.log'
